<?xml version="1.0" encoding="UTF-8"?>
<feedback>
 <message severity="info">Analysis started...</message>
 <nop/>
 <message severity="info">Result file: /homea/hpclab/train198/uebungen/ue_12/list/r002mi3/r002mi3.inspxe </message>
 <nop/>
 <message severity="info">Analysis started for /homea/hpclab/train198/uebungen/ue_12/list_serial.exe (pid = 25959) </message>
 <nop/>
 <message severity="info">Loaded module: /homea/hpclab/train198/uebungen/ue_12/list_serial.exe, address range [0x400000-0x602267] </message>
 <nop/>
 <message severity="info">Loaded module: /lib64/ld-linux-x86-64.so.2, address range [0x2ac742803000-0x2ac742a2514f], minimal analysis </message>
 <nop/>
 <message severity="info">Loaded module: [vdso], address range [0x7ffe58381000-0x7ffe58381fdc] </message>
 <nop/>
 <message severity="info">Loaded module: /usr/lib64/libm.so.6, address range [0x2ac7574c9000-0x2ac7577ca147] </message>
 <nop/>
 <message severity="info">Loaded module: /usr/local/software/jureca/Stages/2017b/software/imkl/2018.0.128-ipsmpi-2017b/lib/intel64/libiomp5.so, address range [0x2ac75786a000-0x2ac757c0d9ff], minimal analysis </message>
 <nop/>
 <message severity="info">Loaded module: /usr/local/software/jureca/Stages/2017b/software/GCCcore/5.4.0/lib64/libgcc_s.so.1, address range [0x2ac757c38000-0x2ac757c4f41f] </message>
 <nop/>
 <message severity="info">Loaded module: /usr/lib64/libpthread.so.0, address range [0x2ac757cb0000-0x2ac757ecb45f] </message>
 <nop/>
 <message severity="info">Loaded module: /usr/lib64/libc.so.6, address range [0x2ac757ecc000-0x2ac75828c1ff] </message>
 <nop/>
 <message severity="info">Loaded module: /usr/lib64/libdl.so.2, address range [0x2ac75828d000-0x2ac75849012f], minimal analysis </message>
 <nop/>
 <message severity="info">Loaded module: /usr/local/software/jureca/Stages/2017b/software/Inspector/2018/inspector_2018.1.0.522981/lib64/runtime/libittnotify.so, address range [0x2ac759dc8000-0x2ac759fd389f], minimal analysis </message>
 <nop/>
 <message severity="info">Process /homea/hpclab/train198/uebungen/ue_12/list_serial.exe exited with code 0. Leak analysis starting. Please wait... </message>
 <nop/>
 <message severity="info">Unloaded module: /homea/hpclab/train198/uebungen/ue_12/list_serial.exe </message>
 <nop/>
 <message severity="info">Unloaded module: /lib64/ld-linux-x86-64.so.2 </message>
 <nop/>
 <message severity="info">Unloaded module: [vdso] </message>
 <nop/>
 <message severity="info">Unloaded module: /usr/lib64/libm.so.6 </message>
 <nop/>
 <message severity="info">Unloaded module: /usr/local/software/jureca/Stages/2017b/software/imkl/2018.0.128-ipsmpi-2017b/lib/intel64/libiomp5.so </message>
 <nop/>
 <message severity="info">Unloaded module: /usr/local/software/jureca/Stages/2017b/software/GCCcore/5.4.0/lib64/libgcc_s.so.1 </message>
 <nop/>
 <message severity="info">Unloaded module: /usr/lib64/libpthread.so.0 </message>
 <nop/>
 <message severity="info">Unloaded module: /usr/lib64/libc.so.6 </message>
 <nop/>
 <message severity="info">Unloaded module: /usr/lib64/libdl.so.2 </message>
 <nop/>
 <message severity="info">Unloaded module: /usr/local/software/jureca/Stages/2017b/software/Inspector/2018/inspector_2018.1.0.522981/lib64/runtime/libittnotify.so </message>
 <nop/>
 <message severity="info">Completed analysis for /homea/hpclab/train198/uebungen/ue_12/list_serial.exe </message>
 <nop/>
 <message severity="info">Application exit code: 0 </message>
 <nop/>
 <message severity="info">Result file: /homea/hpclab/train198/uebungen/ue_12/list/r002mi3/r002mi3.inspxe </message>
 <nop/>
 <message severity="info">Analysis completed</message>
 <nop/>
</feedback>
