<?xml version="1.0" encoding="utf-8" ?>
<!-- DO NOT EDIT THIS FILE -->

<log version='2.0' source='tcet'>
	<!-- Sampling enabled with the following: -->
	<!--     Budget                              5: -->
	<!--     Overdraft Budget                   75: -->
	<!--     Savings Budget                      2: -->
	<!-- Opened annotation file /usr/local/software/jureca/Stages/2017b/software/Inspector/2018/inspector_2018.1.0.522981/lib64/../config/tc/qt.ant -->
	<!-- Opened annotation file /usr/local/software/jureca/Stages/2017b/software/Inspector/2018/inspector_2018.1.0.522981/lib64/../config/tc/cpp11.ant -->
	<!-- Opened annotation file /usr/local/software/jureca/Stages/2017b/software/Inspector/2018/inspector_2018.1.0.522981/lib64/../config/tc/fortran.ant -->
	<!-- Opened annotation file /usr/local/software/jureca/Stages/2017b/software/Inspector/2018/inspector_2018.1.0.522981/lib64/../config/tc/icl.ant -->
	<!-- Opened annotation file /usr/local/software/jureca/Stages/2017b/software/Inspector/2018/inspector_2018.1.0.522981/lib64/../config/tc/allocators.ant -->
	<msg id='1' display='false' source='tccore'>
		<type>START</type>
		<severity>INFO</severity>
		<timestamp>Mon Dec 11 08:58:01 2017</timestamp>
	</msg>
	<!-- Successfully loaded CCRT 13.1.6 at address 0x2b79c1fc2000 - 0x2b79c1fcb000 -->
	<!-- Successfully loaded the TC Analysis Core 8.1.15 at address 0x2b79d4955000 - 0x2b79d4988000 -->
	<!-- Successfully loaded the TC Instrumentation Engine 8.1.15 at address 0x2b79c190a000 - 0x2b79c1b5f000 -->
	<!-- This is the instance of interest -->
	<msg id='2' source='tcet'>
		<type>EXEC_OF_INTEREST</type>
		<severity>INFO</severity>
		<timestamp>Mon Dec 11 08:58:01 2017</timestamp>
		<arg name='process'>/homea/hpclab/train198/uebungen/ue_12/vector_ops_serial.exe</arg>
		<arg name='pid'>6501</arg>
	</msg>
	<msg id='3' source='tcet'>
		<type>LOAD_MODULE</type>
		<severity>INFO</severity>
		<timestamp>Mon Dec 11 08:58:01 2017</timestamp>
		<arg name='module'>/homea/hpclab/train198/uebungen/ue_12/vector_ops_serial.exe</arg>
		<arg name='basement'>0x400000</arg>
		<arg name='ceiling'>0x60227f</arg>
	</msg>
	<msg id='4' source='tcet'>
		<type>LOAD_MODULE</type>
		<severity>INFO</severity>
		<timestamp>Mon Dec 11 08:58:01 2017</timestamp>
		<arg name='module'>/lib64/ld-linux-x86-64.so.2</arg>
		<arg name='basement'>0x2b79c0ada000</arg>
		<arg name='ceiling'>0x2b79c0cfc14f</arg>
	</msg>
	<msg id='5' source='tcet'>
		<type>LOAD_MODULE</type>
		<severity>INFO</severity>
		<timestamp>Mon Dec 11 08:58:01 2017</timestamp>
		<arg name='module'>[vdso]</arg>
		<arg name='basement'>0x2b79c0afa000</arg>
		<arg name='ceiling'>0x2b79c0afafdc</arg>
	</msg>
	<msg id='6' source='tcet'>
		<type>LOAD_MODULE</type>
		<severity>INFO</severity>
		<timestamp>Mon Dec 11 08:58:01 2017</timestamp>
		<arg name='module'>/usr/lib64/libm.so.6</arg>
		<arg name='basement'>0x2b79d5b38000</arg>
		<arg name='ceiling'>0x2b79d5e39147</arg>
	</msg>
	<msg id='7' source='tcet'>
		<type>LOAD_MODULE</type>
		<severity>INFO</severity>
		<timestamp>Mon Dec 11 08:58:01 2017</timestamp>
		<arg name='module'>/usr/local/software/jureca/Stages/2017b/software/imkl/2018.0.128-ipsmpi-2017b/lib/intel64/libiomp5.so</arg>
		<arg name='basement'>0x2b79d5e5b000</arg>
		<arg name='ceiling'>0x2b79d61fe9ff</arg>
	</msg>
	<msg id='8' source='tcet'>
		<type>LOAD_MODULE</type>
		<severity>INFO</severity>
		<timestamp>Mon Dec 11 08:58:01 2017</timestamp>
		<arg name='module'>/usr/local/software/jureca/Stages/2017b/software/GCCcore/5.4.0/lib64/libgcc_s.so.1</arg>
		<arg name='basement'>0x2b79d61ff000</arg>
		<arg name='ceiling'>0x2b79d621641f</arg>
	</msg>
	<msg id='9' source='tcet'>
		<type>LOAD_MODULE</type>
		<severity>INFO</severity>
		<timestamp>Mon Dec 11 08:58:01 2017</timestamp>
		<arg name='module'>/usr/lib64/libpthread.so.0</arg>
		<arg name='basement'>0x2b79d6217000</arg>
		<arg name='ceiling'>0x2b79d643245f</arg>
	</msg>
	<msg id='10' source='tcet'>
		<type>LOAD_MODULE</type>
		<severity>INFO</severity>
		<timestamp>Mon Dec 11 08:58:01 2017</timestamp>
		<arg name='module'>/usr/lib64/libc.so.6</arg>
		<arg name='basement'>0x2b79d6433000</arg>
		<arg name='ceiling'>0x2b79d67f31ff</arg>
	</msg>
	<msg id='11' source='tcet'>
		<type>LOAD_MODULE</type>
		<severity>INFO</severity>
		<timestamp>Mon Dec 11 08:58:01 2017</timestamp>
		<arg name='module'>/usr/lib64/libdl.so.2</arg>
		<arg name='basement'>0x2b79d67f4000</arg>
		<arg name='ceiling'>0x2b79d69f712f</arg>
	</msg>
	<msg id='12' source='tcet'>
		<type>LOAD_MODULE</type>
		<severity>INFO</severity>
		<timestamp>Mon Dec 11 08:58:02 2017</timestamp>
		<arg name='module'>/usr/local/software/jureca/Stages/2017b/software/Inspector/2018/inspector_2018.1.0.522981/lib64/runtime/libittnotify.so</arg>
		<arg name='basement'>0x2b79d8219000</arg>
		<arg name='ceiling'>0x2b79d842489f</arg>
	</msg>
	<msg id='13' display='false' source='tcet'>
		<type>HEARTBEAT</type>
		<severity>INFO</severity>
		<timestamp>Mon Dec 11 08:58:02 2017</timestamp>
		<arg name='tids'>6501</arg>
		<arg name='syscalls'>0</arg>
		<arg name='calls'>1607</arg>
	</msg>
	<msg id='14' display='false' source='tcet'>
		<type>THREADNAME</type>
		<severity>INFO</severity>
		<timestamp>Mon Dec 11 08:58:03 2017</timestamp>
		<arg name='tid'>6501</arg>
		<arg name='name'>OMP Master Thread #0</arg>
	</msg>
	<msg id='15' display='false' source='tcet'>
		<type>HEARTBEAT</type>
		<severity>INFO</severity>
		<timestamp>Mon Dec 11 08:58:03 2017</timestamp>
		<arg name='tids'>6758,6501</arg>
		<arg name='syscalls'>0,0</arg>
		<arg name='calls'>12,25655</arg>
	</msg>
	<msg id='16' source='tccore'>
		<type>CTSA_NO_STACK</type>
		<severity>WARNING</severity>
		<timestamp>Mon Dec 11 08:58:03 2017</timestamp>
	</msg>
	<msg id='17' display='false' source='tcet'>
		<type>THREADNAME</type>
		<severity>INFO</severity>
		<timestamp>Mon Dec 11 08:58:04 2017</timestamp>
		<arg name='tid'>6760</arg>
		<arg name='name'>OMP Worker Thread #3</arg>
	</msg>
	<msg id='18' display='false' source='tcet'>
		<type>THREADNAME</type>
		<severity>INFO</severity>
		<timestamp>Mon Dec 11 08:58:04 2017</timestamp>
		<arg name='tid'>6759</arg>
		<arg name='name'>OMP Worker Thread #2</arg>
	</msg>
	<msg id='19' display='false' source='tcet'>
		<type>THREADNAME</type>
		<severity>INFO</severity>
		<timestamp>Mon Dec 11 08:58:04 2017</timestamp>
		<arg name='tid'>6758</arg>
		<arg name='name'>OMP Worker Thread #1</arg>
	</msg>
	<msg id='20' display='false' source='tcet'>
		<type>HEARTBEAT</type>
		<severity>INFO</severity>
		<timestamp>Mon Dec 11 08:58:04 2017</timestamp>
		<arg name='tids'>6760,6759,6758,6501</arg>
		<arg name='syscalls'>1,1,1,0</arg>
		<arg name='calls'>944,1152,1685,914</arg>
	</msg>
	<!-- Thread 2 effective sampling rate is 2768/4687 -->
	<!-- Thread 3 effective sampling rate is 3597/8183 -->
	<!-- Thread 4 effective sampling rate is 2964/6222 -->
	<!-- Thread 0 effective sampling rate is 4443/8276 -->
	<msg id='21' source='tcet'>
		<type>UNLOAD_MODULE</type>
		<severity>INFO</severity>
		<timestamp>Mon Dec 11 08:58:04 2017</timestamp>
		<arg name='module'>/homea/hpclab/train198/uebungen/ue_12/vector_ops_serial.exe</arg>
	</msg>
	<msg id='22' source='tcet'>
		<type>UNLOAD_MODULE</type>
		<severity>INFO</severity>
		<timestamp>Mon Dec 11 08:58:04 2017</timestamp>
		<arg name='module'>/lib64/ld-linux-x86-64.so.2</arg>
	</msg>
	<msg id='23' source='tcet'>
		<type>UNLOAD_MODULE</type>
		<severity>INFO</severity>
		<timestamp>Mon Dec 11 08:58:04 2017</timestamp>
		<arg name='module'>[vdso]</arg>
	</msg>
	<msg id='24' source='tcet'>
		<type>UNLOAD_MODULE</type>
		<severity>INFO</severity>
		<timestamp>Mon Dec 11 08:58:04 2017</timestamp>
		<arg name='module'>/usr/lib64/libm.so.6</arg>
	</msg>
	<msg id='25' source='tcet'>
		<type>UNLOAD_MODULE</type>
		<severity>INFO</severity>
		<timestamp>Mon Dec 11 08:58:04 2017</timestamp>
		<arg name='module'>/usr/local/software/jureca/Stages/2017b/software/imkl/2018.0.128-ipsmpi-2017b/lib/intel64/libiomp5.so</arg>
	</msg>
	<msg id='26' source='tcet'>
		<type>UNLOAD_MODULE</type>
		<severity>INFO</severity>
		<timestamp>Mon Dec 11 08:58:04 2017</timestamp>
		<arg name='module'>/usr/local/software/jureca/Stages/2017b/software/GCCcore/5.4.0/lib64/libgcc_s.so.1</arg>
	</msg>
	<msg id='27' source='tcet'>
		<type>UNLOAD_MODULE</type>
		<severity>INFO</severity>
		<timestamp>Mon Dec 11 08:58:04 2017</timestamp>
		<arg name='module'>/usr/lib64/libpthread.so.0</arg>
	</msg>
	<msg id='28' source='tcet'>
		<type>UNLOAD_MODULE</type>
		<severity>INFO</severity>
		<timestamp>Mon Dec 11 08:58:04 2017</timestamp>
		<arg name='module'>/usr/lib64/libc.so.6</arg>
	</msg>
	<msg id='29' source='tcet'>
		<type>UNLOAD_MODULE</type>
		<severity>INFO</severity>
		<timestamp>Mon Dec 11 08:58:04 2017</timestamp>
		<arg name='module'>/usr/lib64/libdl.so.2</arg>
	</msg>
	<msg id='30' source='tcet'>
		<type>UNLOAD_MODULE</type>
		<severity>INFO</severity>
		<timestamp>Mon Dec 11 08:58:04 2017</timestamp>
		<arg name='module'>/usr/local/software/jureca/Stages/2017b/software/Inspector/2018/inspector_2018.1.0.522981/lib64/runtime/libittnotify.so</arg>
	</msg>
	<msg id='31' source='tcet'>
		<type>PROCESS_TERMINATE</type>
		<severity>INFO</severity>
		<timestamp>Mon Dec 11 08:58:04 2017</timestamp>
		<arg name='process'>/homea/hpclab/train198/uebungen/ue_12/vector_ops_serial.exe</arg>
		<arg name='pid'>6501</arg>
	</msg>
	<msg id='32' display='false' source='tccore'>
		<type>ANALYSIS_COMPLETE</type>
		<severity>INFO</severity>
		<timestamp>Mon Dec 11 08:58:04 2017</timestamp>
	</msg>
	<msg id='33' display='false' source='tccore'>
		<type>STOP</type>
		<severity>INFO</severity>
		<timestamp>Mon Dec 11 08:58:04 2017</timestamp>
	</msg>
</log>