<?xml version="1.0" encoding="utf-8"?>
<log version="1.0" tool="runtool">

<msg id="1" tool="runtool">
  <type>log-start</type>
  <arg>2017/12/11 08:53:43</arg>
</msg>
<msg id="2" tool="runtool">
  <type>collector-starts</type>
</msg>
<msg id="3" tool="runtool">
  <type>marker-file</type>
  <arg>/homea/hpclab/train198/uebungen/ue_12/vector_operations/r000ti3/r000ti3.inspxe</arg>
</msg>
<msg id="4" tool="tc">
  <type>START</type>
  <severity>INFO</severity>
  <timestamp>Mon Dec 11 08:53:44 2017</timestamp>
</msg>
<msg id="5" tool="tc">
  <type>EXEC_OF_INTEREST</type>
  <arg>/homea/hpclab/train198/uebungen/ue_12/vector_ops_serial.exe</arg>
  <arg>24083</arg>
  <severity>INFO</severity>
  <timestamp>Mon Dec 11 08:53:44 2017</timestamp>
</msg>
<msg id="6" tool="tc">
  <type>LOAD_MODULE</type>
  <arg>/homea/hpclab/train198/uebungen/ue_12/vector_ops_serial.exe</arg>
  <arg>0x400000</arg>
  <arg>0x602167</arg>
  <severity>INFO</severity>
  <timestamp>Mon Dec 11 08:53:44 2017</timestamp>
</msg>
<msg id="7" tool="tc">
  <type>LOAD_MODULE</type>
  <arg>/lib64/ld-linux-x86-64.so.2</arg>
  <arg>0x2ba318965000</arg>
  <arg>0x2ba318b8714f</arg>
  <severity>INFO</severity>
  <timestamp>Mon Dec 11 08:53:44 2017</timestamp>
</msg>
<msg id="8" tool="tc">
  <type>LOAD_MODULE</type>
  <arg>[vdso]</arg>
  <arg>0x7fff999b2000</arg>
  <arg>0x7fff999b2fdc</arg>
  <severity>INFO</severity>
  <timestamp>Mon Dec 11 08:53:44 2017</timestamp>
</msg>
<msg id="9" tool="tc">
  <type>LOAD_MODULE</type>
  <arg>/usr/lib64/libm.so.6</arg>
  <arg>0x2ba32dc22000</arg>
  <arg>0x2ba32df23147</arg>
  <severity>INFO</severity>
  <timestamp>Mon Dec 11 08:53:44 2017</timestamp>
</msg>
<msg id="10" tool="tc">
  <type>LOAD_MODULE</type>
  <arg>/usr/local/software/jureca/Stages/2017b/software/imkl/2018.0.128-ipsmpi-2017b/lib/intel64/libiomp5.so</arg>
  <arg>0x2ba32dfae000</arg>
  <arg>0x2ba32e3519ff</arg>
  <severity>INFO</severity>
  <timestamp>Mon Dec 11 08:53:44 2017</timestamp>
</msg>
<msg id="11" tool="tc">
  <type>LOAD_MODULE</type>
  <arg>/usr/local/software/jureca/Stages/2017b/software/GCCcore/5.4.0/lib64/libgcc_s.so.1</arg>
  <arg>0x2ba32df8f000</arg>
  <arg>0x2ba32dfa641f</arg>
  <severity>INFO</severity>
  <timestamp>Mon Dec 11 08:53:44 2017</timestamp>
</msg>
<msg id="12" tool="tc">
  <type>LOAD_MODULE</type>
  <arg>/usr/lib64/libpthread.so.0</arg>
  <arg>0x2ba32e352000</arg>
  <arg>0x2ba32e56d45f</arg>
  <severity>INFO</severity>
  <timestamp>Mon Dec 11 08:53:44 2017</timestamp>
</msg>
<msg id="13" tool="tc">
  <type>LOAD_MODULE</type>
  <arg>/usr/lib64/libc.so.6</arg>
  <arg>0x2ba32e56e000</arg>
  <arg>0x2ba32e92e1ff</arg>
  <severity>INFO</severity>
  <timestamp>Mon Dec 11 08:53:45 2017</timestamp>
</msg>
<msg id="14" tool="tc">
  <type>LOAD_MODULE</type>
  <arg>/usr/lib64/libdl.so.2</arg>
  <arg>0x2ba32e92f000</arg>
  <arg>0x2ba32eb3212f</arg>
  <severity>INFO</severity>
  <timestamp>Mon Dec 11 08:53:45 2017</timestamp>
</msg>
<msg id="15" tool="tc">
  <type>LOAD_MODULE</type>
  <arg>/usr/local/software/jureca/Stages/2017b/software/Inspector/2018/inspector_2018.1.0.522981/lib64/runtime/libittnotify.so</arg>
  <arg>0x2ba330411000</arg>
  <arg>0x2ba33061c89f</arg>
  <severity>INFO</severity>
  <timestamp>Mon Dec 11 08:53:45 2017</timestamp>
</msg>
<msg id="16" tool="tc">
  <type>HEARTBEAT</type>
  <arg>24083</arg>
  <arg>0</arg>
  <arg>12488</arg>
  <severity>INFO</severity>
  <timestamp>Mon Dec 11 08:53:45 2017</timestamp>
</msg>
<msg id="17" tool="tc">
  <type>THREADNAME</type>
  <arg>24083</arg>
  <arg>OMP Master Thread #0</arg>
  <severity>INFO</severity>
  <timestamp>Mon Dec 11 08:53:46 2017</timestamp>
</msg>
<msg id="18" tool="tc">
  <type>HEARTBEAT</type>
  <arg>24083</arg>
  <arg>0</arg>
  <arg>26282</arg>
  <severity>INFO</severity>
  <timestamp>Mon Dec 11 08:53:46 2017</timestamp>
</msg>
<msg id="19" tool="tc">
  <type>CTSA_NO_STACK</type>
  <severity>WARNING</severity>
  <timestamp>Mon Dec 11 08:53:47 2017</timestamp>
</msg>
<msg id="20" tool="tc">
  <type>THREADNAME</type>
  <arg>24808</arg>
  <arg>OMP Worker Thread #3</arg>
  <severity>INFO</severity>
  <timestamp>Mon Dec 11 08:53:47 2017</timestamp>
</msg>
<msg id="21" tool="tc">
  <type>THREADNAME</type>
  <arg>24803</arg>
  <arg>OMP Worker Thread #2</arg>
  <severity>INFO</severity>
  <timestamp>Mon Dec 11 08:53:47 2017</timestamp>
</msg>
<msg id="22" tool="tc">
  <type>THREADNAME</type>
  <arg>24611</arg>
  <arg>OMP Worker Thread #1</arg>
  <severity>INFO</severity>
  <timestamp>Mon Dec 11 08:53:47 2017</timestamp>
</msg>
<msg id="23" tool="tc">
  <type>HEARTBEAT</type>
  <arg>24808,24803,24611,24083</arg>
  <arg>1,1,1,0</arg>
  <arg>984,1164,1174,715</arg>
  <severity>INFO</severity>
  <timestamp>Mon Dec 11 08:53:47 2017</timestamp>
</msg>
<msg id="24" tool="tc">
  <type>UNLOAD_MODULE</type>
  <arg>/homea/hpclab/train198/uebungen/ue_12/vector_ops_serial.exe</arg>
  <severity>INFO</severity>
  <timestamp>Mon Dec 11 08:53:48 2017</timestamp>
</msg>
<msg id="25" tool="tc">
  <type>UNLOAD_MODULE</type>
  <arg>/lib64/ld-linux-x86-64.so.2</arg>
  <severity>INFO</severity>
  <timestamp>Mon Dec 11 08:53:48 2017</timestamp>
</msg>
<msg id="26" tool="tc">
  <type>UNLOAD_MODULE</type>
  <arg>[vdso]</arg>
  <severity>INFO</severity>
  <timestamp>Mon Dec 11 08:53:48 2017</timestamp>
</msg>
<msg id="27" tool="tc">
  <type>UNLOAD_MODULE</type>
  <arg>/usr/lib64/libm.so.6</arg>
  <severity>INFO</severity>
  <timestamp>Mon Dec 11 08:53:48 2017</timestamp>
</msg>
<msg id="28" tool="tc">
  <type>UNLOAD_MODULE</type>
  <arg>/usr/local/software/jureca/Stages/2017b/software/imkl/2018.0.128-ipsmpi-2017b/lib/intel64/libiomp5.so</arg>
  <severity>INFO</severity>
  <timestamp>Mon Dec 11 08:53:48 2017</timestamp>
</msg>
<msg id="29" tool="tc">
  <type>UNLOAD_MODULE</type>
  <arg>/usr/local/software/jureca/Stages/2017b/software/GCCcore/5.4.0/lib64/libgcc_s.so.1</arg>
  <severity>INFO</severity>
  <timestamp>Mon Dec 11 08:53:48 2017</timestamp>
</msg>
<msg id="30" tool="tc">
  <type>UNLOAD_MODULE</type>
  <arg>/usr/lib64/libpthread.so.0</arg>
  <severity>INFO</severity>
  <timestamp>Mon Dec 11 08:53:48 2017</timestamp>
</msg>
<msg id="31" tool="tc">
  <type>UNLOAD_MODULE</type>
  <arg>/usr/lib64/libc.so.6</arg>
  <severity>INFO</severity>
  <timestamp>Mon Dec 11 08:53:48 2017</timestamp>
</msg>
<msg id="32" tool="tc">
  <type>UNLOAD_MODULE</type>
  <arg>/usr/lib64/libdl.so.2</arg>
  <severity>INFO</severity>
  <timestamp>Mon Dec 11 08:53:48 2017</timestamp>
</msg>
<msg id="33" tool="tc">
  <type>UNLOAD_MODULE</type>
  <arg>/usr/local/software/jureca/Stages/2017b/software/Inspector/2018/inspector_2018.1.0.522981/lib64/runtime/libittnotify.so</arg>
  <severity>INFO</severity>
  <timestamp>Mon Dec 11 08:53:48 2017</timestamp>
</msg>
<msg id="34" tool="tc">
  <type>PROCESS_TERMINATE</type>
  <arg>/homea/hpclab/train198/uebungen/ue_12/vector_ops_serial.exe</arg>
  <arg>24083</arg>
  <severity>INFO</severity>
  <timestamp>Mon Dec 11 08:53:48 2017</timestamp>
</msg>
<msg id="35" tool="tc">
  <type>ANALYSIS_COMPLETE</type>
  <severity>INFO</severity>
  <timestamp>Mon Dec 11 08:53:48 2017</timestamp>
</msg>
<msg id="36" tool="tc">
  <type>STOP</type>
  <severity>INFO</severity>
  <timestamp>Mon Dec 11 08:53:48 2017</timestamp>
</msg>
<msg id="37" tool="runtool">
  <type>app-exit-code</type>
  <arg>0</arg>
</msg>
<msg id="38" tool="runtool">
  <type>marker-file</type>
  <arg>/homea/hpclab/train198/uebungen/ue_12/vector_operations/r000ti3/r000ti3.inspxe</arg>
</msg>
<msg id="39" tool="runtool">
  <type>collector-done</type>
</msg>
<msg id="40" tool="runtool">
  <type>log-end</type>
  <arg>2017/12/11 08:53:52</arg>
</msg>

</log>

