<?xml version="1.0" encoding="utf-8" ?>
<!-- DO NOT EDIT THIS FILE -->

<log version='2.0' source='tcet'>
	<!-- Sampling enabled with the following: -->
	<!--     Budget                              5: -->
	<!--     Overdraft Budget                   75: -->
	<!--     Savings Budget                      2: -->
	<!-- Opened annotation file /usr/local/software/jureca/Stages/2017b/software/Inspector/2018/inspector_2018.1.0.522981/lib64/../config/tc/qt.ant -->
	<!-- Opened annotation file /usr/local/software/jureca/Stages/2017b/software/Inspector/2018/inspector_2018.1.0.522981/lib64/../config/tc/cpp11.ant -->
	<!-- Opened annotation file /usr/local/software/jureca/Stages/2017b/software/Inspector/2018/inspector_2018.1.0.522981/lib64/../config/tc/fortran.ant -->
	<!-- Opened annotation file /usr/local/software/jureca/Stages/2017b/software/Inspector/2018/inspector_2018.1.0.522981/lib64/../config/tc/icl.ant -->
	<!-- Opened annotation file /usr/local/software/jureca/Stages/2017b/software/Inspector/2018/inspector_2018.1.0.522981/lib64/../config/tc/allocators.ant -->
	<msg id='1' display='false' source='tccore'>
		<type>START</type>
		<severity>INFO</severity>
		<timestamp>Mon Dec 11 08:53:44 2017</timestamp>
	</msg>
	<!-- Successfully loaded CCRT 13.1.6 at address 0x2ba319e4d000 - 0x2ba319e56000 -->
	<!-- Successfully loaded the TC Analysis Core 8.1.15 at address 0x2ba32c7d3000 - 0x2ba32c806000 -->
	<!-- Successfully loaded the TC Instrumentation Engine 8.1.15 at address 0x2ba319795000 - 0x2ba3199ea000 -->
	<!-- This is the instance of interest -->
	<msg id='2' source='tcet'>
		<type>EXEC_OF_INTEREST</type>
		<severity>INFO</severity>
		<timestamp>Mon Dec 11 08:53:44 2017</timestamp>
		<arg name='process'>/homea/hpclab/train198/uebungen/ue_12/vector_ops_serial.exe</arg>
		<arg name='pid'>24083</arg>
	</msg>
	<msg id='3' source='tcet'>
		<type>LOAD_MODULE</type>
		<severity>INFO</severity>
		<timestamp>Mon Dec 11 08:53:44 2017</timestamp>
		<arg name='module'>/homea/hpclab/train198/uebungen/ue_12/vector_ops_serial.exe</arg>
		<arg name='basement'>0x400000</arg>
		<arg name='ceiling'>0x602167</arg>
	</msg>
	<msg id='4' source='tcet'>
		<type>LOAD_MODULE</type>
		<severity>INFO</severity>
		<timestamp>Mon Dec 11 08:53:44 2017</timestamp>
		<arg name='module'>/lib64/ld-linux-x86-64.so.2</arg>
		<arg name='basement'>0x2ba318965000</arg>
		<arg name='ceiling'>0x2ba318b8714f</arg>
	</msg>
	<msg id='5' source='tcet'>
		<type>LOAD_MODULE</type>
		<severity>INFO</severity>
		<timestamp>Mon Dec 11 08:53:44 2017</timestamp>
		<arg name='module'>[vdso]</arg>
		<arg name='basement'>0x7fff999b2000</arg>
		<arg name='ceiling'>0x7fff999b2fdc</arg>
	</msg>
	<msg id='6' source='tcet'>
		<type>LOAD_MODULE</type>
		<severity>INFO</severity>
		<timestamp>Mon Dec 11 08:53:44 2017</timestamp>
		<arg name='module'>/usr/lib64/libm.so.6</arg>
		<arg name='basement'>0x2ba32dc22000</arg>
		<arg name='ceiling'>0x2ba32df23147</arg>
	</msg>
	<msg id='7' source='tcet'>
		<type>LOAD_MODULE</type>
		<severity>INFO</severity>
		<timestamp>Mon Dec 11 08:53:44 2017</timestamp>
		<arg name='module'>/usr/local/software/jureca/Stages/2017b/software/imkl/2018.0.128-ipsmpi-2017b/lib/intel64/libiomp5.so</arg>
		<arg name='basement'>0x2ba32dfae000</arg>
		<arg name='ceiling'>0x2ba32e3519ff</arg>
	</msg>
	<msg id='8' source='tcet'>
		<type>LOAD_MODULE</type>
		<severity>INFO</severity>
		<timestamp>Mon Dec 11 08:53:44 2017</timestamp>
		<arg name='module'>/usr/local/software/jureca/Stages/2017b/software/GCCcore/5.4.0/lib64/libgcc_s.so.1</arg>
		<arg name='basement'>0x2ba32df8f000</arg>
		<arg name='ceiling'>0x2ba32dfa641f</arg>
	</msg>
	<msg id='9' source='tcet'>
		<type>LOAD_MODULE</type>
		<severity>INFO</severity>
		<timestamp>Mon Dec 11 08:53:44 2017</timestamp>
		<arg name='module'>/usr/lib64/libpthread.so.0</arg>
		<arg name='basement'>0x2ba32e352000</arg>
		<arg name='ceiling'>0x2ba32e56d45f</arg>
	</msg>
	<msg id='10' source='tcet'>
		<type>LOAD_MODULE</type>
		<severity>INFO</severity>
		<timestamp>Mon Dec 11 08:53:45 2017</timestamp>
		<arg name='module'>/usr/lib64/libc.so.6</arg>
		<arg name='basement'>0x2ba32e56e000</arg>
		<arg name='ceiling'>0x2ba32e92e1ff</arg>
	</msg>
	<msg id='11' source='tcet'>
		<type>LOAD_MODULE</type>
		<severity>INFO</severity>
		<timestamp>Mon Dec 11 08:53:45 2017</timestamp>
		<arg name='module'>/usr/lib64/libdl.so.2</arg>
		<arg name='basement'>0x2ba32e92f000</arg>
		<arg name='ceiling'>0x2ba32eb3212f</arg>
	</msg>
	<msg id='12' source='tcet'>
		<type>LOAD_MODULE</type>
		<severity>INFO</severity>
		<timestamp>Mon Dec 11 08:53:45 2017</timestamp>
		<arg name='module'>/usr/local/software/jureca/Stages/2017b/software/Inspector/2018/inspector_2018.1.0.522981/lib64/runtime/libittnotify.so</arg>
		<arg name='basement'>0x2ba330411000</arg>
		<arg name='ceiling'>0x2ba33061c89f</arg>
	</msg>
	<msg id='13' display='false' source='tcet'>
		<type>HEARTBEAT</type>
		<severity>INFO</severity>
		<timestamp>Mon Dec 11 08:53:45 2017</timestamp>
		<arg name='tids'>24083</arg>
		<arg name='syscalls'>0</arg>
		<arg name='calls'>12488</arg>
	</msg>
	<msg id='14' display='false' source='tcet'>
		<type>THREADNAME</type>
		<severity>INFO</severity>
		<timestamp>Mon Dec 11 08:53:46 2017</timestamp>
		<arg name='tid'>24083</arg>
		<arg name='name'>OMP Master Thread #0</arg>
	</msg>
	<msg id='15' display='false' source='tcet'>
		<type>HEARTBEAT</type>
		<severity>INFO</severity>
		<timestamp>Mon Dec 11 08:53:46 2017</timestamp>
		<arg name='tids'>24083</arg>
		<arg name='syscalls'>0</arg>
		<arg name='calls'>26282</arg>
	</msg>
	<msg id='16' source='tccore'>
		<type>CTSA_NO_STACK</type>
		<severity>WARNING</severity>
		<timestamp>Mon Dec 11 08:53:47 2017</timestamp>
	</msg>
	<msg id='17' display='false' source='tcet'>
		<type>THREADNAME</type>
		<severity>INFO</severity>
		<timestamp>Mon Dec 11 08:53:47 2017</timestamp>
		<arg name='tid'>24808</arg>
		<arg name='name'>OMP Worker Thread #3</arg>
	</msg>
	<msg id='18' display='false' source='tcet'>
		<type>THREADNAME</type>
		<severity>INFO</severity>
		<timestamp>Mon Dec 11 08:53:47 2017</timestamp>
		<arg name='tid'>24803</arg>
		<arg name='name'>OMP Worker Thread #2</arg>
	</msg>
	<msg id='19' display='false' source='tcet'>
		<type>THREADNAME</type>
		<severity>INFO</severity>
		<timestamp>Mon Dec 11 08:53:47 2017</timestamp>
		<arg name='tid'>24611</arg>
		<arg name='name'>OMP Worker Thread #1</arg>
	</msg>
	<msg id='20' display='false' source='tcet'>
		<type>HEARTBEAT</type>
		<severity>INFO</severity>
		<timestamp>Mon Dec 11 08:53:47 2017</timestamp>
		<arg name='tids'>24808,24803,24611,24083</arg>
		<arg name='syscalls'>1,1,1,0</arg>
		<arg name='calls'>984,1164,1174,715</arg>
	</msg>
	<!-- Thread 2 effective sampling rate is 2678/4596 -->
	<!-- Thread 3 effective sampling rate is 3594/8180 -->
	<!-- Thread 4 effective sampling rate is 3053/6306 -->
	<!-- Thread 0 effective sampling rate is 4446/8280 -->
	<msg id='21' source='tcet'>
		<type>UNLOAD_MODULE</type>
		<severity>INFO</severity>
		<timestamp>Mon Dec 11 08:53:48 2017</timestamp>
		<arg name='module'>/homea/hpclab/train198/uebungen/ue_12/vector_ops_serial.exe</arg>
	</msg>
	<msg id='22' source='tcet'>
		<type>UNLOAD_MODULE</type>
		<severity>INFO</severity>
		<timestamp>Mon Dec 11 08:53:48 2017</timestamp>
		<arg name='module'>/lib64/ld-linux-x86-64.so.2</arg>
	</msg>
	<msg id='23' source='tcet'>
		<type>UNLOAD_MODULE</type>
		<severity>INFO</severity>
		<timestamp>Mon Dec 11 08:53:48 2017</timestamp>
		<arg name='module'>[vdso]</arg>
	</msg>
	<msg id='24' source='tcet'>
		<type>UNLOAD_MODULE</type>
		<severity>INFO</severity>
		<timestamp>Mon Dec 11 08:53:48 2017</timestamp>
		<arg name='module'>/usr/lib64/libm.so.6</arg>
	</msg>
	<msg id='25' source='tcet'>
		<type>UNLOAD_MODULE</type>
		<severity>INFO</severity>
		<timestamp>Mon Dec 11 08:53:48 2017</timestamp>
		<arg name='module'>/usr/local/software/jureca/Stages/2017b/software/imkl/2018.0.128-ipsmpi-2017b/lib/intel64/libiomp5.so</arg>
	</msg>
	<msg id='26' source='tcet'>
		<type>UNLOAD_MODULE</type>
		<severity>INFO</severity>
		<timestamp>Mon Dec 11 08:53:48 2017</timestamp>
		<arg name='module'>/usr/local/software/jureca/Stages/2017b/software/GCCcore/5.4.0/lib64/libgcc_s.so.1</arg>
	</msg>
	<msg id='27' source='tcet'>
		<type>UNLOAD_MODULE</type>
		<severity>INFO</severity>
		<timestamp>Mon Dec 11 08:53:48 2017</timestamp>
		<arg name='module'>/usr/lib64/libpthread.so.0</arg>
	</msg>
	<msg id='28' source='tcet'>
		<type>UNLOAD_MODULE</type>
		<severity>INFO</severity>
		<timestamp>Mon Dec 11 08:53:48 2017</timestamp>
		<arg name='module'>/usr/lib64/libc.so.6</arg>
	</msg>
	<msg id='29' source='tcet'>
		<type>UNLOAD_MODULE</type>
		<severity>INFO</severity>
		<timestamp>Mon Dec 11 08:53:48 2017</timestamp>
		<arg name='module'>/usr/lib64/libdl.so.2</arg>
	</msg>
	<msg id='30' source='tcet'>
		<type>UNLOAD_MODULE</type>
		<severity>INFO</severity>
		<timestamp>Mon Dec 11 08:53:48 2017</timestamp>
		<arg name='module'>/usr/local/software/jureca/Stages/2017b/software/Inspector/2018/inspector_2018.1.0.522981/lib64/runtime/libittnotify.so</arg>
	</msg>
	<msg id='31' source='tcet'>
		<type>PROCESS_TERMINATE</type>
		<severity>INFO</severity>
		<timestamp>Mon Dec 11 08:53:48 2017</timestamp>
		<arg name='process'>/homea/hpclab/train198/uebungen/ue_12/vector_ops_serial.exe</arg>
		<arg name='pid'>24083</arg>
	</msg>
	<msg id='32' display='false' source='tccore'>
		<type>ANALYSIS_COMPLETE</type>
		<severity>INFO</severity>
		<timestamp>Mon Dec 11 08:53:48 2017</timestamp>
	</msg>
	<msg id='33' display='false' source='tccore'>
		<type>STOP</type>
		<severity>INFO</severity>
		<timestamp>Mon Dec 11 08:53:48 2017</timestamp>
	</msg>
</log>