<?xml version="1.0" encoding="utf-8"?>
<log version="1.0" tool="runtool">

<msg id="1" tool="runtool">
  <type>log-start</type>
  <arg>2017/12/11 08:55:44</arg>
</msg>
<msg id="2" tool="runtool">
  <type>collector-starts</type>
</msg>
<msg id="3" tool="runtool">
  <type>marker-file</type>
  <arg>/homea/hpclab/train198/uebungen/ue_12/vector_operations/r001ti3/r001ti3.inspxe</arg>
</msg>
<msg id="4" tool="tc">
  <type>START</type>
  <severity>INFO</severity>
  <timestamp>Mon Dec 11 08:55:45 2017</timestamp>
</msg>
<msg id="5" tool="tc">
  <type>EXEC_OF_INTEREST</type>
  <arg>/homea/hpclab/train198/uebungen/ue_12/vector_ops_serial.exe</arg>
  <arg>30438</arg>
  <severity>INFO</severity>
  <timestamp>Mon Dec 11 08:55:45 2017</timestamp>
</msg>
<msg id="6" tool="tc">
  <type>LOAD_MODULE</type>
  <arg>/homea/hpclab/train198/uebungen/ue_12/vector_ops_serial.exe</arg>
  <arg>0x400000</arg>
  <arg>0x602167</arg>
  <severity>INFO</severity>
  <timestamp>Mon Dec 11 08:55:45 2017</timestamp>
</msg>
<msg id="7" tool="tc">
  <type>LOAD_MODULE</type>
  <arg>/lib64/ld-linux-x86-64.so.2</arg>
  <arg>0x2b5c849f1000</arg>
  <arg>0x2b5c84c1314f</arg>
  <severity>INFO</severity>
  <timestamp>Mon Dec 11 08:55:45 2017</timestamp>
</msg>
<msg id="8" tool="tc">
  <type>LOAD_MODULE</type>
  <arg>[vdso]</arg>
  <arg>0x7ffdaf143000</arg>
  <arg>0x7ffdaf143fdc</arg>
  <severity>INFO</severity>
  <timestamp>Mon Dec 11 08:55:45 2017</timestamp>
</msg>
<msg id="9" tool="tc">
  <type>LOAD_MODULE</type>
  <arg>/usr/lib64/libm.so.6</arg>
  <arg>0x2b5c99cae000</arg>
  <arg>0x2b5c99faf147</arg>
  <severity>INFO</severity>
  <timestamp>Mon Dec 11 08:55:45 2017</timestamp>
</msg>
<msg id="10" tool="tc">
  <type>LOAD_MODULE</type>
  <arg>/usr/local/software/jureca/Stages/2017b/software/imkl/2018.0.128-ipsmpi-2017b/lib/intel64/libiomp5.so</arg>
  <arg>0x2b5c9a03a000</arg>
  <arg>0x2b5c9a3dd9ff</arg>
  <severity>INFO</severity>
  <timestamp>Mon Dec 11 08:55:45 2017</timestamp>
</msg>
<msg id="11" tool="tc">
  <type>LOAD_MODULE</type>
  <arg>/usr/local/software/jureca/Stages/2017b/software/GCCcore/5.4.0/lib64/libgcc_s.so.1</arg>
  <arg>0x2b5c9a01b000</arg>
  <arg>0x2b5c9a03241f</arg>
  <severity>INFO</severity>
  <timestamp>Mon Dec 11 08:55:45 2017</timestamp>
</msg>
<msg id="12" tool="tc">
  <type>LOAD_MODULE</type>
  <arg>/usr/lib64/libpthread.so.0</arg>
  <arg>0x2b5c9a3de000</arg>
  <arg>0x2b5c9a5f945f</arg>
  <severity>INFO</severity>
  <timestamp>Mon Dec 11 08:55:45 2017</timestamp>
</msg>
<msg id="13" tool="tc">
  <type>LOAD_MODULE</type>
  <arg>/usr/lib64/libc.so.6</arg>
  <arg>0x2b5c9a5fa000</arg>
  <arg>0x2b5c9a9ba1ff</arg>
  <severity>INFO</severity>
  <timestamp>Mon Dec 11 08:55:45 2017</timestamp>
</msg>
<msg id="14" tool="tc">
  <type>LOAD_MODULE</type>
  <arg>/usr/lib64/libdl.so.2</arg>
  <arg>0x2b5c9a9bb000</arg>
  <arg>0x2b5c9abbe12f</arg>
  <severity>INFO</severity>
  <timestamp>Mon Dec 11 08:55:45 2017</timestamp>
</msg>
<msg id="15" tool="tc">
  <type>LOAD_MODULE</type>
  <arg>/usr/local/software/jureca/Stages/2017b/software/Inspector/2018/inspector_2018.1.0.522981/lib64/runtime/libittnotify.so</arg>
  <arg>0x2b5c9c49d000</arg>
  <arg>0x2b5c9c6a889f</arg>
  <severity>INFO</severity>
  <timestamp>Mon Dec 11 08:55:46 2017</timestamp>
</msg>
<msg id="16" tool="tc">
  <type>HEARTBEAT</type>
  <arg>30438</arg>
  <arg>0</arg>
  <arg>12505</arg>
  <severity>INFO</severity>
  <timestamp>Mon Dec 11 08:55:46 2017</timestamp>
</msg>
<msg id="17" tool="tc">
  <type>THREADNAME</type>
  <arg>30438</arg>
  <arg>OMP Master Thread #0</arg>
  <severity>INFO</severity>
  <timestamp>Mon Dec 11 08:55:47 2017</timestamp>
</msg>
<msg id="18" tool="tc">
  <type>HEARTBEAT</type>
  <arg>30438</arg>
  <arg>0</arg>
  <arg>26231</arg>
  <severity>INFO</severity>
  <timestamp>Mon Dec 11 08:55:47 2017</timestamp>
</msg>
<msg id="19" tool="tc">
  <type>CTSA_NO_STACK</type>
  <severity>WARNING</severity>
  <timestamp>Mon Dec 11 08:55:47 2017</timestamp>
</msg>
<msg id="20" tool="tc">
  <type>THREADNAME</type>
  <arg>30480</arg>
  <arg>OMP Worker Thread #3</arg>
  <severity>INFO</severity>
  <timestamp>Mon Dec 11 08:55:48 2017</timestamp>
</msg>
<msg id="21" tool="tc">
  <type>THREADNAME</type>
  <arg>30479</arg>
  <arg>OMP Worker Thread #2</arg>
  <severity>INFO</severity>
  <timestamp>Mon Dec 11 08:55:48 2017</timestamp>
</msg>
<msg id="22" tool="tc">
  <type>THREADNAME</type>
  <arg>30478</arg>
  <arg>OMP Worker Thread #1</arg>
  <severity>INFO</severity>
  <timestamp>Mon Dec 11 08:55:48 2017</timestamp>
</msg>
<msg id="23" tool="tc">
  <type>HEARTBEAT</type>
  <arg>30480,30479,30478,30438</arg>
  <arg>0,0,1,1</arg>
  <arg>341,576,1621,2154</arg>
  <severity>INFO</severity>
  <timestamp>Mon Dec 11 08:55:48 2017</timestamp>
</msg>
<msg id="24" tool="tc">
  <type>UNLOAD_MODULE</type>
  <arg>/homea/hpclab/train198/uebungen/ue_12/vector_ops_serial.exe</arg>
  <severity>INFO</severity>
  <timestamp>Mon Dec 11 08:55:48 2017</timestamp>
</msg>
<msg id="25" tool="tc">
  <type>UNLOAD_MODULE</type>
  <arg>/lib64/ld-linux-x86-64.so.2</arg>
  <severity>INFO</severity>
  <timestamp>Mon Dec 11 08:55:48 2017</timestamp>
</msg>
<msg id="26" tool="tc">
  <type>UNLOAD_MODULE</type>
  <arg>[vdso]</arg>
  <severity>INFO</severity>
  <timestamp>Mon Dec 11 08:55:48 2017</timestamp>
</msg>
<msg id="27" tool="tc">
  <type>UNLOAD_MODULE</type>
  <arg>/usr/lib64/libm.so.6</arg>
  <severity>INFO</severity>
  <timestamp>Mon Dec 11 08:55:48 2017</timestamp>
</msg>
<msg id="28" tool="tc">
  <type>UNLOAD_MODULE</type>
  <arg>/usr/local/software/jureca/Stages/2017b/software/imkl/2018.0.128-ipsmpi-2017b/lib/intel64/libiomp5.so</arg>
  <severity>INFO</severity>
  <timestamp>Mon Dec 11 08:55:48 2017</timestamp>
</msg>
<msg id="29" tool="tc">
  <type>UNLOAD_MODULE</type>
  <arg>/usr/local/software/jureca/Stages/2017b/software/GCCcore/5.4.0/lib64/libgcc_s.so.1</arg>
  <severity>INFO</severity>
  <timestamp>Mon Dec 11 08:55:48 2017</timestamp>
</msg>
<msg id="30" tool="tc">
  <type>UNLOAD_MODULE</type>
  <arg>/usr/lib64/libpthread.so.0</arg>
  <severity>INFO</severity>
  <timestamp>Mon Dec 11 08:55:48 2017</timestamp>
</msg>
<msg id="31" tool="tc">
  <type>UNLOAD_MODULE</type>
  <arg>/usr/lib64/libc.so.6</arg>
  <severity>INFO</severity>
  <timestamp>Mon Dec 11 08:55:48 2017</timestamp>
</msg>
<msg id="32" tool="tc">
  <type>UNLOAD_MODULE</type>
  <arg>/usr/lib64/libdl.so.2</arg>
  <severity>INFO</severity>
  <timestamp>Mon Dec 11 08:55:48 2017</timestamp>
</msg>
<msg id="33" tool="tc">
  <type>UNLOAD_MODULE</type>
  <arg>/usr/local/software/jureca/Stages/2017b/software/Inspector/2018/inspector_2018.1.0.522981/lib64/runtime/libittnotify.so</arg>
  <severity>INFO</severity>
  <timestamp>Mon Dec 11 08:55:48 2017</timestamp>
</msg>
<msg id="34" tool="tc">
  <type>PROCESS_TERMINATE</type>
  <arg>/homea/hpclab/train198/uebungen/ue_12/vector_ops_serial.exe</arg>
  <arg>30438</arg>
  <severity>INFO</severity>
  <timestamp>Mon Dec 11 08:55:48 2017</timestamp>
</msg>
<msg id="35" tool="tc">
  <type>ANALYSIS_COMPLETE</type>
  <severity>INFO</severity>
  <timestamp>Mon Dec 11 08:55:48 2017</timestamp>
</msg>
<msg id="36" tool="tc">
  <type>STOP</type>
  <severity>INFO</severity>
  <timestamp>Mon Dec 11 08:55:48 2017</timestamp>
</msg>
<msg id="37" tool="runtool">
  <type>app-exit-code</type>
  <arg>0</arg>
</msg>
<msg id="38" tool="runtool">
  <type>marker-file</type>
  <arg>/homea/hpclab/train198/uebungen/ue_12/vector_operations/r001ti3/r001ti3.inspxe</arg>
</msg>
<msg id="39" tool="runtool">
  <type>collector-done</type>
</msg>
<msg id="40" tool="runtool">
  <type>log-end</type>
  <arg>2017/12/11 08:55:52</arg>
</msg>

</log>

