<?xml version="1.0" encoding="utf-8" ?>
<!-- DO NOT EDIT THIS FILE -->

<log version='2.0' source='tcet'>
	<!-- Sampling enabled with the following: -->
	<!--     Budget                              5: -->
	<!--     Overdraft Budget                   75: -->
	<!--     Savings Budget                      2: -->
	<!-- Opened annotation file /usr/local/software/jureca/Stages/2017b/software/Inspector/2018/inspector_2018.1.0.522981/lib64/../config/tc/qt.ant -->
	<!-- Opened annotation file /usr/local/software/jureca/Stages/2017b/software/Inspector/2018/inspector_2018.1.0.522981/lib64/../config/tc/cpp11.ant -->
	<!-- Opened annotation file /usr/local/software/jureca/Stages/2017b/software/Inspector/2018/inspector_2018.1.0.522981/lib64/../config/tc/fortran.ant -->
	<!-- Opened annotation file /usr/local/software/jureca/Stages/2017b/software/Inspector/2018/inspector_2018.1.0.522981/lib64/../config/tc/icl.ant -->
	<!-- Opened annotation file /usr/local/software/jureca/Stages/2017b/software/Inspector/2018/inspector_2018.1.0.522981/lib64/../config/tc/allocators.ant -->
	<msg id='1' display='false' source='tccore'>
		<type>START</type>
		<severity>INFO</severity>
		<timestamp>Mon Dec 11 08:55:45 2017</timestamp>
	</msg>
	<!-- Successfully loaded CCRT 13.1.6 at address 0x2b5c85ed9000 - 0x2b5c85ee2000 -->
	<!-- Successfully loaded the TC Analysis Core 8.1.15 at address 0x2b5c9885f000 - 0x2b5c98892000 -->
	<!-- Successfully loaded the TC Instrumentation Engine 8.1.15 at address 0x2b5c85821000 - 0x2b5c85a76000 -->
	<!-- This is the instance of interest -->
	<msg id='2' source='tcet'>
		<type>EXEC_OF_INTEREST</type>
		<severity>INFO</severity>
		<timestamp>Mon Dec 11 08:55:45 2017</timestamp>
		<arg name='process'>/homea/hpclab/train198/uebungen/ue_12/vector_ops_serial.exe</arg>
		<arg name='pid'>30438</arg>
	</msg>
	<msg id='3' source='tcet'>
		<type>LOAD_MODULE</type>
		<severity>INFO</severity>
		<timestamp>Mon Dec 11 08:55:45 2017</timestamp>
		<arg name='module'>/homea/hpclab/train198/uebungen/ue_12/vector_ops_serial.exe</arg>
		<arg name='basement'>0x400000</arg>
		<arg name='ceiling'>0x602167</arg>
	</msg>
	<msg id='4' source='tcet'>
		<type>LOAD_MODULE</type>
		<severity>INFO</severity>
		<timestamp>Mon Dec 11 08:55:45 2017</timestamp>
		<arg name='module'>/lib64/ld-linux-x86-64.so.2</arg>
		<arg name='basement'>0x2b5c849f1000</arg>
		<arg name='ceiling'>0x2b5c84c1314f</arg>
	</msg>
	<msg id='5' source='tcet'>
		<type>LOAD_MODULE</type>
		<severity>INFO</severity>
		<timestamp>Mon Dec 11 08:55:45 2017</timestamp>
		<arg name='module'>[vdso]</arg>
		<arg name='basement'>0x7ffdaf143000</arg>
		<arg name='ceiling'>0x7ffdaf143fdc</arg>
	</msg>
	<msg id='6' source='tcet'>
		<type>LOAD_MODULE</type>
		<severity>INFO</severity>
		<timestamp>Mon Dec 11 08:55:45 2017</timestamp>
		<arg name='module'>/usr/lib64/libm.so.6</arg>
		<arg name='basement'>0x2b5c99cae000</arg>
		<arg name='ceiling'>0x2b5c99faf147</arg>
	</msg>
	<msg id='7' source='tcet'>
		<type>LOAD_MODULE</type>
		<severity>INFO</severity>
		<timestamp>Mon Dec 11 08:55:45 2017</timestamp>
		<arg name='module'>/usr/local/software/jureca/Stages/2017b/software/imkl/2018.0.128-ipsmpi-2017b/lib/intel64/libiomp5.so</arg>
		<arg name='basement'>0x2b5c9a03a000</arg>
		<arg name='ceiling'>0x2b5c9a3dd9ff</arg>
	</msg>
	<msg id='8' source='tcet'>
		<type>LOAD_MODULE</type>
		<severity>INFO</severity>
		<timestamp>Mon Dec 11 08:55:45 2017</timestamp>
		<arg name='module'>/usr/local/software/jureca/Stages/2017b/software/GCCcore/5.4.0/lib64/libgcc_s.so.1</arg>
		<arg name='basement'>0x2b5c9a01b000</arg>
		<arg name='ceiling'>0x2b5c9a03241f</arg>
	</msg>
	<msg id='9' source='tcet'>
		<type>LOAD_MODULE</type>
		<severity>INFO</severity>
		<timestamp>Mon Dec 11 08:55:45 2017</timestamp>
		<arg name='module'>/usr/lib64/libpthread.so.0</arg>
		<arg name='basement'>0x2b5c9a3de000</arg>
		<arg name='ceiling'>0x2b5c9a5f945f</arg>
	</msg>
	<msg id='10' source='tcet'>
		<type>LOAD_MODULE</type>
		<severity>INFO</severity>
		<timestamp>Mon Dec 11 08:55:45 2017</timestamp>
		<arg name='module'>/usr/lib64/libc.so.6</arg>
		<arg name='basement'>0x2b5c9a5fa000</arg>
		<arg name='ceiling'>0x2b5c9a9ba1ff</arg>
	</msg>
	<msg id='11' source='tcet'>
		<type>LOAD_MODULE</type>
		<severity>INFO</severity>
		<timestamp>Mon Dec 11 08:55:45 2017</timestamp>
		<arg name='module'>/usr/lib64/libdl.so.2</arg>
		<arg name='basement'>0x2b5c9a9bb000</arg>
		<arg name='ceiling'>0x2b5c9abbe12f</arg>
	</msg>
	<msg id='12' source='tcet'>
		<type>LOAD_MODULE</type>
		<severity>INFO</severity>
		<timestamp>Mon Dec 11 08:55:46 2017</timestamp>
		<arg name='module'>/usr/local/software/jureca/Stages/2017b/software/Inspector/2018/inspector_2018.1.0.522981/lib64/runtime/libittnotify.so</arg>
		<arg name='basement'>0x2b5c9c49d000</arg>
		<arg name='ceiling'>0x2b5c9c6a889f</arg>
	</msg>
	<msg id='13' display='false' source='tcet'>
		<type>HEARTBEAT</type>
		<severity>INFO</severity>
		<timestamp>Mon Dec 11 08:55:46 2017</timestamp>
		<arg name='tids'>30438</arg>
		<arg name='syscalls'>0</arg>
		<arg name='calls'>12505</arg>
	</msg>
	<msg id='14' display='false' source='tcet'>
		<type>THREADNAME</type>
		<severity>INFO</severity>
		<timestamp>Mon Dec 11 08:55:47 2017</timestamp>
		<arg name='tid'>30438</arg>
		<arg name='name'>OMP Master Thread #0</arg>
	</msg>
	<msg id='15' display='false' source='tcet'>
		<type>HEARTBEAT</type>
		<severity>INFO</severity>
		<timestamp>Mon Dec 11 08:55:47 2017</timestamp>
		<arg name='tids'>30438</arg>
		<arg name='syscalls'>0</arg>
		<arg name='calls'>26231</arg>
	</msg>
	<msg id='16' source='tccore'>
		<type>CTSA_NO_STACK</type>
		<severity>WARNING</severity>
		<timestamp>Mon Dec 11 08:55:47 2017</timestamp>
	</msg>
	<msg id='17' display='false' source='tcet'>
		<type>THREADNAME</type>
		<severity>INFO</severity>
		<timestamp>Mon Dec 11 08:55:48 2017</timestamp>
		<arg name='tid'>30480</arg>
		<arg name='name'>OMP Worker Thread #3</arg>
	</msg>
	<msg id='18' display='false' source='tcet'>
		<type>THREADNAME</type>
		<severity>INFO</severity>
		<timestamp>Mon Dec 11 08:55:48 2017</timestamp>
		<arg name='tid'>30479</arg>
		<arg name='name'>OMP Worker Thread #2</arg>
	</msg>
	<msg id='19' display='false' source='tcet'>
		<type>THREADNAME</type>
		<severity>INFO</severity>
		<timestamp>Mon Dec 11 08:55:48 2017</timestamp>
		<arg name='tid'>30478</arg>
		<arg name='name'>OMP Worker Thread #1</arg>
	</msg>
	<msg id='20' display='false' source='tcet'>
		<type>HEARTBEAT</type>
		<severity>INFO</severity>
		<timestamp>Mon Dec 11 08:55:48 2017</timestamp>
		<arg name='tids'>30480,30479,30478,30438</arg>
		<arg name='syscalls'>0,0,1,1</arg>
		<arg name='calls'>341,576,1621,2154</arg>
	</msg>
	<!-- Thread 2 effective sampling rate is 2765/4683 -->
	<!-- Thread 3 effective sampling rate is 3599/8185 -->
	<!-- Thread 4 effective sampling rate is 2961/6219 -->
	<!-- Thread 0 effective sampling rate is 4447/8282 -->
	<msg id='21' source='tcet'>
		<type>UNLOAD_MODULE</type>
		<severity>INFO</severity>
		<timestamp>Mon Dec 11 08:55:48 2017</timestamp>
		<arg name='module'>/homea/hpclab/train198/uebungen/ue_12/vector_ops_serial.exe</arg>
	</msg>
	<msg id='22' source='tcet'>
		<type>UNLOAD_MODULE</type>
		<severity>INFO</severity>
		<timestamp>Mon Dec 11 08:55:48 2017</timestamp>
		<arg name='module'>/lib64/ld-linux-x86-64.so.2</arg>
	</msg>
	<msg id='23' source='tcet'>
		<type>UNLOAD_MODULE</type>
		<severity>INFO</severity>
		<timestamp>Mon Dec 11 08:55:48 2017</timestamp>
		<arg name='module'>[vdso]</arg>
	</msg>
	<msg id='24' source='tcet'>
		<type>UNLOAD_MODULE</type>
		<severity>INFO</severity>
		<timestamp>Mon Dec 11 08:55:48 2017</timestamp>
		<arg name='module'>/usr/lib64/libm.so.6</arg>
	</msg>
	<msg id='25' source='tcet'>
		<type>UNLOAD_MODULE</type>
		<severity>INFO</severity>
		<timestamp>Mon Dec 11 08:55:48 2017</timestamp>
		<arg name='module'>/usr/local/software/jureca/Stages/2017b/software/imkl/2018.0.128-ipsmpi-2017b/lib/intel64/libiomp5.so</arg>
	</msg>
	<msg id='26' source='tcet'>
		<type>UNLOAD_MODULE</type>
		<severity>INFO</severity>
		<timestamp>Mon Dec 11 08:55:48 2017</timestamp>
		<arg name='module'>/usr/local/software/jureca/Stages/2017b/software/GCCcore/5.4.0/lib64/libgcc_s.so.1</arg>
	</msg>
	<msg id='27' source='tcet'>
		<type>UNLOAD_MODULE</type>
		<severity>INFO</severity>
		<timestamp>Mon Dec 11 08:55:48 2017</timestamp>
		<arg name='module'>/usr/lib64/libpthread.so.0</arg>
	</msg>
	<msg id='28' source='tcet'>
		<type>UNLOAD_MODULE</type>
		<severity>INFO</severity>
		<timestamp>Mon Dec 11 08:55:48 2017</timestamp>
		<arg name='module'>/usr/lib64/libc.so.6</arg>
	</msg>
	<msg id='29' source='tcet'>
		<type>UNLOAD_MODULE</type>
		<severity>INFO</severity>
		<timestamp>Mon Dec 11 08:55:48 2017</timestamp>
		<arg name='module'>/usr/lib64/libdl.so.2</arg>
	</msg>
	<msg id='30' source='tcet'>
		<type>UNLOAD_MODULE</type>
		<severity>INFO</severity>
		<timestamp>Mon Dec 11 08:55:48 2017</timestamp>
		<arg name='module'>/usr/local/software/jureca/Stages/2017b/software/Inspector/2018/inspector_2018.1.0.522981/lib64/runtime/libittnotify.so</arg>
	</msg>
	<msg id='31' source='tcet'>
		<type>PROCESS_TERMINATE</type>
		<severity>INFO</severity>
		<timestamp>Mon Dec 11 08:55:48 2017</timestamp>
		<arg name='process'>/homea/hpclab/train198/uebungen/ue_12/vector_ops_serial.exe</arg>
		<arg name='pid'>30438</arg>
	</msg>
	<msg id='32' display='false' source='tccore'>
		<type>ANALYSIS_COMPLETE</type>
		<severity>INFO</severity>
		<timestamp>Mon Dec 11 08:55:48 2017</timestamp>
	</msg>
	<msg id='33' display='false' source='tccore'>
		<type>STOP</type>
		<severity>INFO</severity>
		<timestamp>Mon Dec 11 08:55:48 2017</timestamp>
	</msg>
</log>