<?xml version="1.0" encoding="utf-8" ?>
<!-- DO NOT EDIT THIS FILE -->

<log version='2.0' source='tcet'>
	<!-- Sampling enabled with the following: -->
	<!--     Budget                              5: -->
	<!--     Overdraft Budget                   75: -->
	<!--     Savings Budget                      2: -->
	<!-- Opened annotation file /usr/local/software/jureca/Stages/2017b/software/Inspector/2018/inspector_2018.1.0.522981/lib64/../config/tc/qt.ant -->
	<!-- Opened annotation file /usr/local/software/jureca/Stages/2017b/software/Inspector/2018/inspector_2018.1.0.522981/lib64/../config/tc/cpp11.ant -->
	<!-- Opened annotation file /usr/local/software/jureca/Stages/2017b/software/Inspector/2018/inspector_2018.1.0.522981/lib64/../config/tc/fortran.ant -->
	<!-- Opened annotation file /usr/local/software/jureca/Stages/2017b/software/Inspector/2018/inspector_2018.1.0.522981/lib64/../config/tc/icl.ant -->
	<!-- Opened annotation file /usr/local/software/jureca/Stages/2017b/software/Inspector/2018/inspector_2018.1.0.522981/lib64/../config/tc/allocators.ant -->
	<msg id='1' display='false' source='tccore'>
		<type>START</type>
		<severity>INFO</severity>
		<timestamp>Wed Nov 29 11:40:22 2017</timestamp>
	</msg>
	<!-- Successfully loaded CCRT 13.1.6 at address 0x2b8a772aa000 - 0x2b8a772b3000 -->
	<!-- Successfully loaded the TC Analysis Core 8.1.15 at address 0x2b8a89c30000 - 0x2b8a89c63000 -->
	<!-- Successfully loaded the TC Instrumentation Engine 8.1.15 at address 0x2b8a76bf2000 - 0x2b8a76e47000 -->
	<!-- This is the instance of interest -->
	<msg id='2' source='tcet'>
		<type>EXEC_OF_INTEREST</type>
		<severity>INFO</severity>
		<timestamp>Wed Nov 29 11:40:22 2017</timestamp>
		<arg name='process'>/homea/hpclab/train198/uebungen/ue_11/mxv_serial.exe</arg>
		<arg name='pid'>30047</arg>
	</msg>
	<msg id='3' source='tcet'>
		<type>LOAD_MODULE</type>
		<severity>INFO</severity>
		<timestamp>Wed Nov 29 11:40:22 2017</timestamp>
		<arg name='module'>/homea/hpclab/train198/uebungen/ue_11/mxv_serial.exe</arg>
		<arg name='basement'>0x400000</arg>
		<arg name='ceiling'>0x6021af</arg>
	</msg>
	<msg id='4' source='tcet'>
		<type>LOAD_MODULE</type>
		<severity>INFO</severity>
		<timestamp>Wed Nov 29 11:40:22 2017</timestamp>
		<arg name='module'>/lib64/ld-linux-x86-64.so.2</arg>
		<arg name='basement'>0x2b8a75dc2000</arg>
		<arg name='ceiling'>0x2b8a75fe414f</arg>
	</msg>
	<msg id='5' source='tcet'>
		<type>LOAD_MODULE</type>
		<severity>INFO</severity>
		<timestamp>Wed Nov 29 11:40:22 2017</timestamp>
		<arg name='module'>[vdso]</arg>
		<arg name='basement'>0x7ffefd9fc000</arg>
		<arg name='ceiling'>0x7ffefd9fcfdc</arg>
	</msg>
	<msg id='6' source='tcet'>
		<type>LOAD_MODULE</type>
		<severity>INFO</severity>
		<timestamp>Wed Nov 29 11:40:22 2017</timestamp>
		<arg name='module'>/usr/lib64/libm.so.6</arg>
		<arg name='basement'>0x2b8a8b0a0000</arg>
		<arg name='ceiling'>0x2b8a8b3a1147</arg>
	</msg>
	<msg id='7' source='tcet'>
		<type>LOAD_MODULE</type>
		<severity>INFO</severity>
		<timestamp>Wed Nov 29 11:40:22 2017</timestamp>
		<arg name='module'>/usr/local/software/jureca/Stages/2017b/software/imkl/2018.1.163-ipsmpi-2017b.1/lib/intel64/libiomp5.so</arg>
		<arg name='basement'>0x2b8a8b422000</arg>
		<arg name='ceiling'>0x2b8a8b7dac7f</arg>
	</msg>
	<msg id='8' source='tcet'>
		<type>LOAD_MODULE</type>
		<severity>INFO</severity>
		<timestamp>Wed Nov 29 11:40:22 2017</timestamp>
		<arg name='module'>/usr/local/software/jureca/Stages/2017b/software/GCCcore/5.4.0/lib64/libgcc_s.so.1</arg>
		<arg name='basement'>0x2b8a8b402000</arg>
		<arg name='ceiling'>0x2b8a8b41941f</arg>
	</msg>
	<msg id='9' source='tcet'>
		<type>LOAD_MODULE</type>
		<severity>INFO</severity>
		<timestamp>Wed Nov 29 11:40:22 2017</timestamp>
		<arg name='module'>/usr/lib64/libpthread.so.0</arg>
		<arg name='basement'>0x2b8a8b7db000</arg>
		<arg name='ceiling'>0x2b8a8b9f645f</arg>
	</msg>
	<msg id='10' source='tcet'>
		<type>LOAD_MODULE</type>
		<severity>INFO</severity>
		<timestamp>Wed Nov 29 11:40:22 2017</timestamp>
		<arg name='module'>/usr/lib64/libc.so.6</arg>
		<arg name='basement'>0x2b8a8b9f7000</arg>
		<arg name='ceiling'>0x2b8a8bdb71ff</arg>
	</msg>
	<msg id='11' source='tcet'>
		<type>LOAD_MODULE</type>
		<severity>INFO</severity>
		<timestamp>Wed Nov 29 11:40:22 2017</timestamp>
		<arg name='module'>/usr/lib64/libdl.so.2</arg>
		<arg name='basement'>0x2b8a8bdb8000</arg>
		<arg name='ceiling'>0x2b8a8bfbb12f</arg>
	</msg>
	<msg id='12' display='false' source='tcet'>
		<type>HEARTBEAT</type>
		<severity>INFO</severity>
		<timestamp>Wed Nov 29 11:40:23 2017</timestamp>
		<arg name='tids'>30047</arg>
		<arg name='syscalls'>0</arg>
		<arg name='calls'>13224</arg>
	</msg>
	<msg id='13' source='tcet'>
		<type>LOAD_MODULE</type>
		<severity>INFO</severity>
		<timestamp>Wed Nov 29 11:40:23 2017</timestamp>
		<arg name='module'>/usr/local/software/jureca/Stages/2017b/software/Inspector/2018/inspector_2018.1.0.522981/lib64/runtime/libittnotify.so</arg>
		<arg name='basement'>0x2b8a8ddf2000</arg>
		<arg name='ceiling'>0x2b8a8dffd89f</arg>
	</msg>
	<msg id='14' display='false' source='tcet'>
		<type>THREADNAME</type>
		<severity>INFO</severity>
		<timestamp>Wed Nov 29 11:40:24 2017</timestamp>
		<arg name='tid'>30047</arg>
		<arg name='name'>OMP Master Thread #0</arg>
	</msg>
	<msg id='15' display='false' source='tcet'>
		<type>HEARTBEAT</type>
		<severity>INFO</severity>
		<timestamp>Wed Nov 29 11:40:24 2017</timestamp>
		<arg name='tids'>30055,30047</arg>
		<arg name='syscalls'>0,0</arg>
		<arg name='calls'>23,29232</arg>
	</msg>
	<msg id='16' display='false' source='tcet'>
		<type>THREADNAME</type>
		<severity>INFO</severity>
		<timestamp>Wed Nov 29 11:40:25 2017</timestamp>
		<arg name='tid'>30110</arg>
		<arg name='name'>OMP Worker Thread #39</arg>
	</msg>
	<msg id='17' display='false' source='tcet'>
		<type>THREADNAME</type>
		<severity>INFO</severity>
		<timestamp>Wed Nov 29 11:40:25 2017</timestamp>
		<arg name='tid'>30108</arg>
		<arg name='name'>OMP Worker Thread #38</arg>
	</msg>
	<msg id='18' display='false' source='tcet'>
		<type>THREADNAME</type>
		<severity>INFO</severity>
		<timestamp>Wed Nov 29 11:40:25 2017</timestamp>
		<arg name='tid'>30107</arg>
		<arg name='name'>OMP Worker Thread #37</arg>
	</msg>
	<msg id='19' display='false' source='tcet'>
		<type>THREADNAME</type>
		<severity>INFO</severity>
		<timestamp>Wed Nov 29 11:40:25 2017</timestamp>
		<arg name='tid'>30100</arg>
		<arg name='name'>OMP Worker Thread #36</arg>
	</msg>
	<msg id='20' display='false' source='tcet'>
		<type>THREADNAME</type>
		<severity>INFO</severity>
		<timestamp>Wed Nov 29 11:40:25 2017</timestamp>
		<arg name='tid'>30095</arg>
		<arg name='name'>OMP Worker Thread #35</arg>
	</msg>
	<msg id='21' display='false' source='tcet'>
		<type>THREADNAME</type>
		<severity>INFO</severity>
		<timestamp>Wed Nov 29 11:40:25 2017</timestamp>
		<arg name='tid'>30092</arg>
		<arg name='name'>OMP Worker Thread #34</arg>
	</msg>
	<msg id='22' display='false' source='tcet'>
		<type>THREADNAME</type>
		<severity>INFO</severity>
		<timestamp>Wed Nov 29 11:40:25 2017</timestamp>
		<arg name='tid'>30090</arg>
		<arg name='name'>OMP Worker Thread #33</arg>
	</msg>
	<msg id='23' display='false' source='tcet'>
		<type>THREADNAME</type>
		<severity>INFO</severity>
		<timestamp>Wed Nov 29 11:40:25 2017</timestamp>
		<arg name='tid'>30089</arg>
		<arg name='name'>OMP Worker Thread #32</arg>
	</msg>
	<msg id='24' display='false' source='tcet'>
		<type>THREADNAME</type>
		<severity>INFO</severity>
		<timestamp>Wed Nov 29 11:40:25 2017</timestamp>
		<arg name='tid'>30088</arg>
		<arg name='name'>OMP Worker Thread #31</arg>
	</msg>
	<msg id='25' display='false' source='tcet'>
		<type>THREADNAME</type>
		<severity>INFO</severity>
		<timestamp>Wed Nov 29 11:40:25 2017</timestamp>
		<arg name='tid'>30087</arg>
		<arg name='name'>OMP Worker Thread #30</arg>
	</msg>
	<msg id='26' display='false' source='tcet'>
		<type>THREADNAME</type>
		<severity>INFO</severity>
		<timestamp>Wed Nov 29 11:40:25 2017</timestamp>
		<arg name='tid'>30086</arg>
		<arg name='name'>OMP Worker Thread #29</arg>
	</msg>
	<msg id='27' display='false' source='tcet'>
		<type>THREADNAME</type>
		<severity>INFO</severity>
		<timestamp>Wed Nov 29 11:40:25 2017</timestamp>
		<arg name='tid'>30085</arg>
		<arg name='name'>OMP Worker Thread #28</arg>
	</msg>
	<msg id='28' display='false' source='tcet'>
		<type>THREADNAME</type>
		<severity>INFO</severity>
		<timestamp>Wed Nov 29 11:40:25 2017</timestamp>
		<arg name='tid'>30084</arg>
		<arg name='name'>OMP Worker Thread #27</arg>
	</msg>
	<msg id='29' display='false' source='tcet'>
		<type>THREADNAME</type>
		<severity>INFO</severity>
		<timestamp>Wed Nov 29 11:40:25 2017</timestamp>
		<arg name='tid'>30083</arg>
		<arg name='name'>OMP Worker Thread #26</arg>
	</msg>
	<msg id='30' display='false' source='tcet'>
		<type>THREADNAME</type>
		<severity>INFO</severity>
		<timestamp>Wed Nov 29 11:40:25 2017</timestamp>
		<arg name='tid'>30082</arg>
		<arg name='name'>OMP Worker Thread #25</arg>
	</msg>
	<msg id='31' display='false' source='tcet'>
		<type>THREADNAME</type>
		<severity>INFO</severity>
		<timestamp>Wed Nov 29 11:40:25 2017</timestamp>
		<arg name='tid'>30081</arg>
		<arg name='name'>OMP Worker Thread #24</arg>
	</msg>
	<msg id='32' display='false' source='tcet'>
		<type>THREADNAME</type>
		<severity>INFO</severity>
		<timestamp>Wed Nov 29 11:40:25 2017</timestamp>
		<arg name='tid'>30080</arg>
		<arg name='name'>OMP Worker Thread #23</arg>
	</msg>
	<msg id='33' display='false' source='tcet'>
		<type>THREADNAME</type>
		<severity>INFO</severity>
		<timestamp>Wed Nov 29 11:40:25 2017</timestamp>
		<arg name='tid'>30078</arg>
		<arg name='name'>OMP Worker Thread #22</arg>
	</msg>
	<msg id='34' display='false' source='tcet'>
		<type>THREADNAME</type>
		<severity>INFO</severity>
		<timestamp>Wed Nov 29 11:40:25 2017</timestamp>
		<arg name='tid'>30077</arg>
		<arg name='name'>OMP Worker Thread #21</arg>
	</msg>
	<msg id='35' display='false' source='tcet'>
		<type>THREADNAME</type>
		<severity>INFO</severity>
		<timestamp>Wed Nov 29 11:40:25 2017</timestamp>
		<arg name='tid'>30076</arg>
		<arg name='name'>OMP Worker Thread #20</arg>
	</msg>
	<msg id='36' display='false' source='tcet'>
		<type>THREADNAME</type>
		<severity>INFO</severity>
		<timestamp>Wed Nov 29 11:40:25 2017</timestamp>
		<arg name='tid'>30075</arg>
		<arg name='name'>OMP Worker Thread #19</arg>
	</msg>
	<msg id='37' display='false' source='tcet'>
		<type>THREADNAME</type>
		<severity>INFO</severity>
		<timestamp>Wed Nov 29 11:40:25 2017</timestamp>
		<arg name='tid'>30074</arg>
		<arg name='name'>OMP Worker Thread #18</arg>
	</msg>
	<msg id='38' display='false' source='tcet'>
		<type>THREADNAME</type>
		<severity>INFO</severity>
		<timestamp>Wed Nov 29 11:40:25 2017</timestamp>
		<arg name='tid'>30073</arg>
		<arg name='name'>OMP Worker Thread #17</arg>
	</msg>
	<msg id='39' display='false' source='tcet'>
		<type>THREADNAME</type>
		<severity>INFO</severity>
		<timestamp>Wed Nov 29 11:40:25 2017</timestamp>
		<arg name='tid'>30072</arg>
		<arg name='name'>OMP Worker Thread #16</arg>
	</msg>
	<msg id='40' display='false' source='tcet'>
		<type>THREADNAME</type>
		<severity>INFO</severity>
		<timestamp>Wed Nov 29 11:40:25 2017</timestamp>
		<arg name='tid'>30071</arg>
		<arg name='name'>OMP Worker Thread #15</arg>
	</msg>
	<msg id='41' display='false' source='tcet'>
		<type>THREADNAME</type>
		<severity>INFO</severity>
		<timestamp>Wed Nov 29 11:40:25 2017</timestamp>
		<arg name='tid'>30070</arg>
		<arg name='name'>OMP Worker Thread #14</arg>
	</msg>
	<msg id='42' display='false' source='tcet'>
		<type>THREADNAME</type>
		<severity>INFO</severity>
		<timestamp>Wed Nov 29 11:40:25 2017</timestamp>
		<arg name='tid'>30069</arg>
		<arg name='name'>OMP Worker Thread #13</arg>
	</msg>
	<msg id='43' display='false' source='tcet'>
		<type>THREADNAME</type>
		<severity>INFO</severity>
		<timestamp>Wed Nov 29 11:40:25 2017</timestamp>
		<arg name='tid'>30068</arg>
		<arg name='name'>OMP Worker Thread #12</arg>
	</msg>
	<msg id='44' display='false' source='tcet'>
		<type>THREADNAME</type>
		<severity>INFO</severity>
		<timestamp>Wed Nov 29 11:40:25 2017</timestamp>
		<arg name='tid'>30067</arg>
		<arg name='name'>OMP Worker Thread #11</arg>
	</msg>
	<msg id='45' display='false' source='tcet'>
		<type>THREADNAME</type>
		<severity>INFO</severity>
		<timestamp>Wed Nov 29 11:40:25 2017</timestamp>
		<arg name='tid'>30066</arg>
		<arg name='name'>OMP Worker Thread #10</arg>
	</msg>
	<msg id='46' display='false' source='tcet'>
		<type>THREADNAME</type>
		<severity>INFO</severity>
		<timestamp>Wed Nov 29 11:40:25 2017</timestamp>
		<arg name='tid'>30065</arg>
		<arg name='name'>OMP Worker Thread #9</arg>
	</msg>
	<msg id='47' display='false' source='tcet'>
		<type>THREADNAME</type>
		<severity>INFO</severity>
		<timestamp>Wed Nov 29 11:40:25 2017</timestamp>
		<arg name='tid'>30062</arg>
		<arg name='name'>OMP Worker Thread #8</arg>
	</msg>
	<msg id='48' display='false' source='tcet'>
		<type>THREADNAME</type>
		<severity>INFO</severity>
		<timestamp>Wed Nov 29 11:40:25 2017</timestamp>
		<arg name='tid'>30061</arg>
		<arg name='name'>OMP Worker Thread #7</arg>
	</msg>
	<msg id='49' display='false' source='tcet'>
		<type>THREADNAME</type>
		<severity>INFO</severity>
		<timestamp>Wed Nov 29 11:40:25 2017</timestamp>
		<arg name='tid'>30060</arg>
		<arg name='name'>OMP Worker Thread #6</arg>
	</msg>
	<msg id='50' display='false' source='tcet'>
		<type>THREADNAME</type>
		<severity>INFO</severity>
		<timestamp>Wed Nov 29 11:40:25 2017</timestamp>
		<arg name='tid'>30059</arg>
		<arg name='name'>OMP Worker Thread #5</arg>
	</msg>
	<msg id='51' display='false' source='tcet'>
		<type>THREADNAME</type>
		<severity>INFO</severity>
		<timestamp>Wed Nov 29 11:40:25 2017</timestamp>
		<arg name='tid'>30058</arg>
		<arg name='name'>OMP Worker Thread #4</arg>
	</msg>
	<msg id='52' display='false' source='tcet'>
		<type>THREADNAME</type>
		<severity>INFO</severity>
		<timestamp>Wed Nov 29 11:40:25 2017</timestamp>
		<arg name='tid'>30057</arg>
		<arg name='name'>OMP Worker Thread #3</arg>
	</msg>
	<msg id='53' display='false' source='tcet'>
		<type>THREADNAME</type>
		<severity>INFO</severity>
		<timestamp>Wed Nov 29 11:40:25 2017</timestamp>
		<arg name='tid'>30056</arg>
		<arg name='name'>OMP Worker Thread #2</arg>
	</msg>
	<msg id='54' display='false' source='tcet'>
		<type>THREADNAME</type>
		<severity>INFO</severity>
		<timestamp>Wed Nov 29 11:40:25 2017</timestamp>
		<arg name='tid'>30055</arg>
		<arg name='name'>OMP Worker Thread #1</arg>
	</msg>
	<msg id='55' display='false' source='tcet'>
		<type>HEARTBEAT</type>
		<severity>INFO</severity>
		<timestamp>Wed Nov 29 11:40:25 2017</timestamp>
		<arg name='tids'>30110,30108,30107,30100,30095,30092,30090,30089,30088,30087,30086,30085,30084,30083,30082,30081,30080,30078,30077,30076,30075,30074,30073,30072,30071,30070,30069,30068,30067,30066,30065,30062,30061,30060,30059,30058,30057,30056,30055,30047</arg>
		<arg name='syscalls'>1,1,1,1,1,1,1,1,1,1,1,1,1,1,1,1,1,1,1,1,1,1,1,1,1,1,1,1,1,1,1,1,1,1,1,1,1,1,1,0</arg>
		<arg name='calls'>122,123,125,142,121,122,121,122,121,122,125,122,121,122,121,122,121,122,125,122,121,142,171,121,121,122,125,122,123,124,135,121,122,121,122,121,122,123,201,3848</arg>
	</msg>
	<msg id='56' source='tccore'>
		<type>CTSA_NO_STACK</type>
		<severity>WARNING</severity>
		<timestamp>Wed Nov 29 11:40:25 2017</timestamp>
	</msg>
	<!-- Thread 2 effective sampling rate is 367/641 -->
	<!-- Thread 3 effective sampling rate is 367/641 -->
	<!-- Thread 4 effective sampling rate is 365/639 -->
	<!-- Thread 5 effective sampling rate is 371/645 -->
	<!-- Thread 6 effective sampling rate is 365/639 -->
	<!-- Thread 7 effective sampling rate is 368/642 -->
	<!-- Thread 8 effective sampling rate is 365/639 -->
	<!-- Thread 9 effective sampling rate is 371/648 -->
	<!-- Thread 10 effective sampling rate is 422/696 -->
	<!-- Thread 11 effective sampling rate is 341/602 -->
	<!-- Thread 12 effective sampling rate is 338/599 -->
	<!-- Thread 13 effective sampling rate is 344/605 -->
	<!-- Thread 14 effective sampling rate is 338/599 -->
	<!-- Thread 15 effective sampling rate is 341/602 -->
	<!-- Thread 16 effective sampling rate is 338/599 -->
	<!-- Thread 17 effective sampling rate is 347/611 -->
	<!-- Thread 18 effective sampling rate is 338/599 -->
	<!-- Thread 19 effective sampling rate is 341/602 -->
	<!-- Thread 20 effective sampling rate is 338/599 -->
	<!-- Thread 21 effective sampling rate is 344/605 -->
	<!-- Thread 22 effective sampling rate is 338/599 -->
	<!-- Thread 23 effective sampling rate is 341/602 -->
	<!-- Thread 24 effective sampling rate is 338/599 -->
	<!-- Thread 25 effective sampling rate is 344/608 -->
	<!-- Thread 26 effective sampling rate is 338/599 -->
	<!-- Thread 27 effective sampling rate is 341/602 -->
	<!-- Thread 28 effective sampling rate is 338/599 -->
	<!-- Thread 29 effective sampling rate is 344/605 -->
	<!-- Thread 30 effective sampling rate is 338/599 -->
	<!-- Thread 31 effective sampling rate is 341/602 -->
	<!-- Thread 32 effective sampling rate is 338/599 -->
	<!-- Thread 33 effective sampling rate is 347/611 -->
	<!-- Thread 34 effective sampling rate is 338/599 -->
	<!-- Thread 35 effective sampling rate is 341/602 -->
	<!-- Thread 36 effective sampling rate is 340/602 -->
	<!-- Thread 37 effective sampling rate is 344/605 -->
	<!-- Thread 38 effective sampling rate is 338/599 -->
	<!-- Thread 39 effective sampling rate is 340/601 -->
	<!-- Thread 40 effective sampling rate is 338/599 -->
	<!-- Thread 41 effective sampling rate is 344/608 -->
	<!-- Thread 42 effective sampling rate is 338/599 -->
	<!-- Thread 43 effective sampling rate is 341/602 -->
	<!-- Thread 44 effective sampling rate is 338/599 -->
	<msg id='57' display='false' source='tcet'>
		<type>THREADNAME</type>
		<severity>INFO</severity>
		<timestamp>Wed Nov 29 11:40:26 2017</timestamp>
		<arg name='tid'>30126</arg>
		<arg name='name'>OMP Worker Thread #47</arg>
	</msg>
	<msg id='58' display='false' source='tcet'>
		<type>THREADNAME</type>
		<severity>INFO</severity>
		<timestamp>Wed Nov 29 11:40:26 2017</timestamp>
		<arg name='tid'>30125</arg>
		<arg name='name'>OMP Worker Thread #46</arg>
	</msg>
	<msg id='59' display='false' source='tcet'>
		<type>THREADNAME</type>
		<severity>INFO</severity>
		<timestamp>Wed Nov 29 11:40:26 2017</timestamp>
		<arg name='tid'>30124</arg>
		<arg name='name'>OMP Worker Thread #45</arg>
	</msg>
	<msg id='60' display='false' source='tcet'>
		<type>THREADNAME</type>
		<severity>INFO</severity>
		<timestamp>Wed Nov 29 11:40:26 2017</timestamp>
		<arg name='tid'>30122</arg>
		<arg name='name'>OMP Worker Thread #44</arg>
	</msg>
	<msg id='61' display='false' source='tcet'>
		<type>THREADNAME</type>
		<severity>INFO</severity>
		<timestamp>Wed Nov 29 11:40:26 2017</timestamp>
		<arg name='tid'>30116</arg>
		<arg name='name'>OMP Worker Thread #43</arg>
	</msg>
	<msg id='62' display='false' source='tcet'>
		<type>HEARTBEAT</type>
		<severity>INFO</severity>
		<timestamp>Wed Nov 29 11:40:26 2017</timestamp>
		<arg name='tids'>30126,30125,30124,30122,30116,30047</arg>
		<arg name='syscalls'>1,1,1,1,1,1</arg>
		<arg name='calls'>1296,1390,929,1626,1081,5515</arg>
	</msg>
	<!-- Thread 45 effective sampling rate is 344/605 -->
	<!-- Thread 46 effective sampling rate is 337/598 -->
	<!-- Thread 47 effective sampling rate is 340/601 -->
	<!-- Thread 48 effective sampling rate is 338/599 -->
	<!-- Thread 0 effective sampling rate is 4238/13560 -->
	<msg id='63' source='tcet'>
		<type>UNLOAD_MODULE</type>
		<severity>INFO</severity>
		<timestamp>Wed Nov 29 11:40:26 2017</timestamp>
		<arg name='module'>/homea/hpclab/train198/uebungen/ue_11/mxv_serial.exe</arg>
	</msg>
	<msg id='64' source='tcet'>
		<type>UNLOAD_MODULE</type>
		<severity>INFO</severity>
		<timestamp>Wed Nov 29 11:40:26 2017</timestamp>
		<arg name='module'>/lib64/ld-linux-x86-64.so.2</arg>
	</msg>
	<msg id='65' source='tcet'>
		<type>UNLOAD_MODULE</type>
		<severity>INFO</severity>
		<timestamp>Wed Nov 29 11:40:26 2017</timestamp>
		<arg name='module'>[vdso]</arg>
	</msg>
	<msg id='66' source='tcet'>
		<type>UNLOAD_MODULE</type>
		<severity>INFO</severity>
		<timestamp>Wed Nov 29 11:40:26 2017</timestamp>
		<arg name='module'>/usr/lib64/libm.so.6</arg>
	</msg>
	<msg id='67' source='tcet'>
		<type>UNLOAD_MODULE</type>
		<severity>INFO</severity>
		<timestamp>Wed Nov 29 11:40:26 2017</timestamp>
		<arg name='module'>/usr/local/software/jureca/Stages/2017b/software/imkl/2018.1.163-ipsmpi-2017b.1/lib/intel64/libiomp5.so</arg>
	</msg>
	<msg id='68' source='tcet'>
		<type>UNLOAD_MODULE</type>
		<severity>INFO</severity>
		<timestamp>Wed Nov 29 11:40:26 2017</timestamp>
		<arg name='module'>/usr/local/software/jureca/Stages/2017b/software/GCCcore/5.4.0/lib64/libgcc_s.so.1</arg>
	</msg>
	<msg id='69' source='tcet'>
		<type>UNLOAD_MODULE</type>
		<severity>INFO</severity>
		<timestamp>Wed Nov 29 11:40:26 2017</timestamp>
		<arg name='module'>/usr/lib64/libpthread.so.0</arg>
	</msg>
	<msg id='70' source='tcet'>
		<type>UNLOAD_MODULE</type>
		<severity>INFO</severity>
		<timestamp>Wed Nov 29 11:40:26 2017</timestamp>
		<arg name='module'>/usr/lib64/libc.so.6</arg>
	</msg>
	<msg id='71' source='tcet'>
		<type>UNLOAD_MODULE</type>
		<severity>INFO</severity>
		<timestamp>Wed Nov 29 11:40:26 2017</timestamp>
		<arg name='module'>/usr/lib64/libdl.so.2</arg>
	</msg>
	<msg id='72' source='tcet'>
		<type>UNLOAD_MODULE</type>
		<severity>INFO</severity>
		<timestamp>Wed Nov 29 11:40:26 2017</timestamp>
		<arg name='module'>/usr/local/software/jureca/Stages/2017b/software/Inspector/2018/inspector_2018.1.0.522981/lib64/runtime/libittnotify.so</arg>
	</msg>
	<msg id='73' source='tcet'>
		<type>PROCESS_TERMINATE</type>
		<severity>INFO</severity>
		<timestamp>Wed Nov 29 11:40:26 2017</timestamp>
		<arg name='process'>/homea/hpclab/train198/uebungen/ue_11/mxv_serial.exe</arg>
		<arg name='pid'>30047</arg>
	</msg>
	<msg id='74' display='false' source='tccore'>
		<type>ANALYSIS_COMPLETE</type>
		<severity>INFO</severity>
		<timestamp>Wed Nov 29 11:40:26 2017</timestamp>
	</msg>
	<msg id='75' display='false' source='tccore'>
		<type>STOP</type>
		<severity>INFO</severity>
		<timestamp>Wed Nov 29 11:40:26 2017</timestamp>
	</msg>
</log>