<?xml version="1.0" encoding="utf-8"?>
<log version="1.0" tool="runtool">

<msg id="1" tool="runtool">
  <type>log-start</type>
  <arg>2017/12/11 09:14:04</arg>
</msg>
<msg id="2" tool="runtool">
  <type>collector-starts</type>
</msg>
<msg id="3" tool="runtool">
  <type>marker-file</type>
  <arg>/homea/hpclab/train198/uebungen/ue_12/list/r002mi3/r002mi3.inspxe</arg>
</msg>
<msg id="4" tool="mc">
  <type>EXEC_OF_INTEREST</type>
  <arg>/homea/hpclab/train198/uebungen/ue_12/list_serial.exe</arg>
  <arg>25959</arg>
  <severity>INFO</severity>
  <timestamp>Mon Dec 11 09:14:04 2017</timestamp>
</msg>
<msg id="5" tool="mc">
  <type>MODULE_LOAD</type>
  <arg>/homea/hpclab/train198/uebungen/ue_12/list_serial.exe</arg>
  <arg>0x400000</arg>
  <arg>0x602267</arg>
  <severity>INFO</severity>
  <timestamp>Mon Dec 11 09:14:04 2017</timestamp>
</msg>
<msg id="6" tool="mc">
  <type>MODULE_LOAD_NO_ANALYSIS</type>
  <arg>/lib64/ld-linux-x86-64.so.2</arg>
  <arg>0x2ac742803000</arg>
  <arg>0x2ac742a2514f</arg>
  <severity>INFO</severity>
  <timestamp>Mon Dec 11 09:14:04 2017</timestamp>
</msg>
<msg id="7" tool="mc">
  <type>MODULE_LOAD</type>
  <arg>[vdso]</arg>
  <arg>0x7ffe58381000</arg>
  <arg>0x7ffe58381fdc</arg>
  <severity>INFO</severity>
  <timestamp>Mon Dec 11 09:14:04 2017</timestamp>
</msg>
<msg id="8" tool="mc">
  <type>MODULE_LOAD</type>
  <arg>/usr/lib64/libm.so.6</arg>
  <arg>0x2ac7574c9000</arg>
  <arg>0x2ac7577ca147</arg>
  <severity>INFO</severity>
  <timestamp>Mon Dec 11 09:14:05 2017</timestamp>
</msg>
<msg id="9" tool="mc">
  <type>MODULE_LOAD_NO_ANALYSIS</type>
  <arg>/usr/local/software/jureca/Stages/2017b/software/imkl/2018.0.128-ipsmpi-2017b/lib/intel64/libiomp5.so</arg>
  <arg>0x2ac75786a000</arg>
  <arg>0x2ac757c0d9ff</arg>
  <severity>INFO</severity>
  <timestamp>Mon Dec 11 09:14:05 2017</timestamp>
</msg>
<msg id="10" tool="mc">
  <type>MODULE_LOAD</type>
  <arg>/usr/local/software/jureca/Stages/2017b/software/GCCcore/5.4.0/lib64/libgcc_s.so.1</arg>
  <arg>0x2ac757c38000</arg>
  <arg>0x2ac757c4f41f</arg>
  <severity>INFO</severity>
  <timestamp>Mon Dec 11 09:14:05 2017</timestamp>
</msg>
<msg id="11" tool="mc">
  <type>MODULE_LOAD</type>
  <arg>/usr/lib64/libpthread.so.0</arg>
  <arg>0x2ac757cb0000</arg>
  <arg>0x2ac757ecb45f</arg>
  <severity>INFO</severity>
  <timestamp>Mon Dec 11 09:14:05 2017</timestamp>
</msg>
<msg id="12" tool="mc">
  <type>MODULE_LOAD</type>
  <arg>/usr/lib64/libc.so.6</arg>
  <arg>0x2ac757ecc000</arg>
  <arg>0x2ac75828c1ff</arg>
  <severity>INFO</severity>
  <timestamp>Mon Dec 11 09:14:05 2017</timestamp>
</msg>
<msg id="13" tool="mc">
  <type>MODULE_LOAD_NO_ANALYSIS</type>
  <arg>/usr/lib64/libdl.so.2</arg>
  <arg>0x2ac75828d000</arg>
  <arg>0x2ac75849012f</arg>
  <severity>INFO</severity>
  <timestamp>Mon Dec 11 09:14:05 2017</timestamp>
</msg>
<msg id="14" tool="mc">
  <type>MODULE_LOAD_NO_ANALYSIS</type>
  <arg>/usr/local/software/jureca/Stages/2017b/software/Inspector/2018/inspector_2018.1.0.522981/lib64/runtime/libittnotify.so</arg>
  <arg>0x2ac759dc8000</arg>
  <arg>0x2ac759fd389f</arg>
  <severity>INFO</severity>
  <timestamp>Mon Dec 11 09:14:05 2017</timestamp>
</msg>
<msg id="15" tool="mc">
  <type>HEARTBEAT</type>
  <arg>25959</arg>
  <arg>0</arg>
  <arg>12732</arg>
  <severity>INFO</severity>
  <timestamp>Mon Dec 11 09:14:05 2017</timestamp>
</msg>
<msg id="16" tool="mc">
  <type>THREADNAME</type>
  <arg>25959</arg>
  <arg>OMP Master Thread #0</arg>
  <severity>INFO</severity>
  <timestamp>Mon Dec 11 09:14:06 2017</timestamp>
</msg>
<msg id="17" tool="mc">
  <type>HEARTBEAT</type>
  <arg>25959</arg>
  <arg>0</arg>
  <arg>3772</arg>
  <severity>INFO</severity>
  <timestamp>Mon Dec 11 09:14:06 2017</timestamp>
</msg>
<msg id="18" tool="mc">
  <type>THREADNAME</type>
  <arg>25964</arg>
  <arg>OMP Worker Thread #1</arg>
  <severity>INFO</severity>
  <timestamp>Mon Dec 11 09:14:07 2017</timestamp>
</msg>
<msg id="19" tool="mc">
  <type>THREADNAME</type>
  <arg>25965</arg>
  <arg>OMP Worker Thread #2</arg>
  <severity>INFO</severity>
  <timestamp>Mon Dec 11 09:14:07 2017</timestamp>
</msg>
<msg id="20" tool="mc">
  <type>THREADNAME</type>
  <arg>25966</arg>
  <arg>OMP Worker Thread #3</arg>
  <severity>INFO</severity>
  <timestamp>Mon Dec 11 09:14:07 2017</timestamp>
</msg>
<msg id="21" tool="mc">
  <type>HEARTBEAT</type>
  <arg>25959,25964,25965,25966</arg>
  <arg>1,0,1,1</arg>
  <arg>25252,10589,5584,6069</arg>
  <severity>INFO</severity>
  <timestamp>Mon Dec 11 09:14:07 2017</timestamp>
</msg>
<msg id="22" tool="mc">
  <type>PROCESS_COMPLETE</type>
  <arg>/homea/hpclab/train198/uebungen/ue_12/list_serial.exe</arg>
  <arg>0</arg>
  <severity>INFO</severity>
  <timestamp>Mon Dec 11 09:14:07 2017</timestamp>
</msg>
<msg id="23" tool="mc">
  <type>MODULE_UNLOAD</type>
  <arg>/homea/hpclab/train198/uebungen/ue_12/list_serial.exe</arg>
  <severity>INFO</severity>
  <timestamp>Mon Dec 11 09:14:07 2017</timestamp>
</msg>
<msg id="24" tool="mc">
  <type>MODULE_UNLOAD</type>
  <arg>/lib64/ld-linux-x86-64.so.2</arg>
  <severity>INFO</severity>
  <timestamp>Mon Dec 11 09:14:07 2017</timestamp>
</msg>
<msg id="25" tool="mc">
  <type>MODULE_UNLOAD</type>
  <arg>[vdso]</arg>
  <severity>INFO</severity>
  <timestamp>Mon Dec 11 09:14:07 2017</timestamp>
</msg>
<msg id="26" tool="mc">
  <type>MODULE_UNLOAD</type>
  <arg>/usr/lib64/libm.so.6</arg>
  <severity>INFO</severity>
  <timestamp>Mon Dec 11 09:14:07 2017</timestamp>
</msg>
<msg id="27" tool="mc">
  <type>MODULE_UNLOAD</type>
  <arg>/usr/local/software/jureca/Stages/2017b/software/imkl/2018.0.128-ipsmpi-2017b/lib/intel64/libiomp5.so</arg>
  <severity>INFO</severity>
  <timestamp>Mon Dec 11 09:14:07 2017</timestamp>
</msg>
<msg id="28" tool="mc">
  <type>MODULE_UNLOAD</type>
  <arg>/usr/local/software/jureca/Stages/2017b/software/GCCcore/5.4.0/lib64/libgcc_s.so.1</arg>
  <severity>INFO</severity>
  <timestamp>Mon Dec 11 09:14:07 2017</timestamp>
</msg>
<msg id="29" tool="mc">
  <type>MODULE_UNLOAD</type>
  <arg>/usr/lib64/libpthread.so.0</arg>
  <severity>INFO</severity>
  <timestamp>Mon Dec 11 09:14:07 2017</timestamp>
</msg>
<msg id="30" tool="mc">
  <type>MODULE_UNLOAD</type>
  <arg>/usr/lib64/libc.so.6</arg>
  <severity>INFO</severity>
  <timestamp>Mon Dec 11 09:14:07 2017</timestamp>
</msg>
<msg id="31" tool="mc">
  <type>MODULE_UNLOAD</type>
  <arg>/usr/lib64/libdl.so.2</arg>
  <severity>INFO</severity>
  <timestamp>Mon Dec 11 09:14:07 2017</timestamp>
</msg>
<msg id="32" tool="mc">
  <type>MODULE_UNLOAD</type>
  <arg>/usr/local/software/jureca/Stages/2017b/software/Inspector/2018/inspector_2018.1.0.522981/lib64/runtime/libittnotify.so</arg>
  <severity>INFO</severity>
  <timestamp>Mon Dec 11 09:14:07 2017</timestamp>
</msg>
<msg id="33" tool="mc">
  <type>ANALYSIS_COMPLETE</type>
  <arg>/homea/hpclab/train198/uebungen/ue_12/list_serial.exe</arg>
  <severity>INFO</severity>
  <timestamp>Mon Dec 11 09:14:07 2017</timestamp>
</msg>
<msg id="34" tool="runtool">
  <type>app-exit-code</type>
  <arg>0</arg>
</msg>
<msg id="35" tool="runtool">
  <type>marker-file</type>
  <arg>/homea/hpclab/train198/uebungen/ue_12/list/r002mi3/r002mi3.inspxe</arg>
</msg>
<msg id="36" tool="runtool">
  <type>collector-done</type>
</msg>
<msg id="37" tool="runtool">
  <type>log-end</type>
  <arg>2017/12/11 09:14:11</arg>
</msg>

</log>

