<?xml version="1.0" encoding="utf-8" ?>
<!-- DO NOT EDIT THIS FILE -->

<log version='2.0' source='mc'>
	<!-- Successfully loaded CCRT at address 0x2ac7442bc000 - 0x2ac74516f000 -->
	<!-- Successfully loaded MC at address 0x2ac743b0e000 - 0x2ac743bb6000 -->
	<!-- Analysis started for /homea/hpclab/train198/uebungen/ue_12/list_serial.exe, pid = 25959 -->
	<msg id='1' source='mc'>
		<type>EXEC_OF_INTEREST</type>
		<severity>INFO</severity>
		<timestamp>Mon Dec 11 09:14:04 2017</timestamp>
		<arg name='path'>/homea/hpclab/train198/uebungen/ue_12/list_serial.exe</arg>
		<arg name='pid'>25959</arg>
	</msg>
	<!-- Command line: /usr/local/software/jureca/Stages/2017b/software/Inspector/2018/inspector_2018.1.0.522981/bin64/pinbin -p32 /usr/local/software/jureca/Stages/2017b/software/Inspector/2018/inspector_2018.1.0.522981/bin32/pinbin -xyzzy -mesgoff console -xyzzy -bridge_save_x87 0 -bridge_save_mxcsr 0 -follow_execv -error_file /homea/hpclab/train198/uebungen/ue_12/list/r002mi3/data.0/pin_error.log -logfile /homea/hpclab/train198/uebungen/ue_12/list/r002mi3/data.0/pin.log -xyzzy -region_max_inss 100 -t64 /usr/local/software/jureca/Stages/2017b/software/Inspector/2018/inspector_2018.1.0.522981/lib64/libmemchkr -t /usr/local/software/jureca/Stages/2017b/software/Inspector/2018/inspector_2018.1.0.522981/lib32/libmemchkr -no-analyze-stack -check-invalid-access -leak-check-on-exit -leak-check-on-demand -enable-memory-growth -leak-check-report-reachable -check-resource-leaks -suppress-breakpoints -freelist-vol 1000000 -leak-maximum 100000 -guard-zone-size 32 -stack-depth 16 -heartbeat 1 -working-dir /homea/hpclab/train198/uebungen/ue_12/list/r002mi3/data.0 -log mc_list_serial.log -result list_serial - /homea/hpclab/train198/uebungen/ue_12/list_serial.exe  -->
	<!-- mc's options are the following:  -->
	<!-- -help                              false -->
	<!-- -verbose                           false -->
	<!-- -xyzzy                             false -->
	<!-- -version                           false -->
	<!-- -help-all                          false -->
	<!-- -xyzzy-all                         false -->
	<!-- -report-all-instances              false -->
	<!-- -check-for-padded-structures       true -->
	<!-- -check-for-bitfields               true -->
	<!-- -analyze-stack                     false -->
	<!-- -access-checks                     false -->
	<!-- -check-uninit-read                 false -->
	<!-- -check-invalid-access              true -->
	<!-- -advanced-uninit-read              false -->
	<!-- -track-origins                     true -->
	<!-- -duplicate-uninits                 false -->
	<!-- -bss-initialized                   true -->
	<!-- -align-alloc-size                  false -->
	<!-- -report-uninit-read                false -->
	<!-- -ignore-system-libraries           false -->
	<!-- -gen-suppressions                  false -->
	<!-- -leak-check-on-exit                true -->
	<!-- -leak-check-on-demand              true -->
	<!-- -leak-check-uses-baseline          true -->
	<!-- -enable-memory-growth              true -->
	<!-- -leak-check-report-reachable       true -->
	<!-- -leak-check-full                   true -->
	<!-- -check-resource-leaks              true -->
	<!-- -trace-children                    false -->
	<!-- -enable-poke                       false -->
	<!-- -jit-mode-anyway                   false -->
	<!-- -disable-probe-mode-mismatches-64  true -->
	<!-- -aggressive-callstack-caching      false -->
	<!-- -suppress-breakpoints              true -->
	<!-- -monitor-memory                    false -->
	<!-- -freelist-vol                      1000000 -->
	<!-- -leak-maximum                      100000 -->
	<!-- -guard-zone-size                   32 -->
	<!-- -stack-depth                       16 -->
	<!-- -heartbeat                         1 -->
	<!-- -breakpoint-file                   (null) -->
	<!-- -config-file                       (null) -->
	<!-- -log                               mc_list_serial.log -->
	<!-- -ignore-commands                   (null),  -->
	<!-- -ignore-modules                    (null),  -->
	<!-- -ignore-symbols                    (null),  -->
	<!-- -module-of-interest                (null),  -->
	<!-- -executable-of-interest            (null),  -->
	<!-- -working-dir                       /homea/hpclab/train198/uebungen/ue_12/list/r002mi3/data.0 -->
	<!-- -result                            list_serial -->
	<!-- -exclude-module                    (null),  -->
	<!-- -include-module                    (null),  -->
	<!-- -only-exec-commands                (null),  -->
	<!-- -suppressions                      (null),  -->
	<!-- -debug                             none -->
	<!-- -shared-mem-name                   (null) -->
	<!-- -poke-function                     (null),  -->
	<!-- -analysis-mode                     (null) -->
	<!-- probe mode: no -->
	<!-- invalid access: yes -->
	<!-- uninit read: no -->
	<!-- track origin: no -->
	<!-- Module loaded /homea/hpclab/train198/uebungen/ue_12/list_serial.exe, address range [0x0000000000400000-0x0000000000602267] -->
	<msg id='2' source='mc'>
		<type>MODULE_LOAD</type>
		<severity>INFO</severity>
		<timestamp>Mon Dec 11 09:14:04 2017</timestamp>
		<arg name='path'>/homea/hpclab/train198/uebungen/ue_12/list_serial.exe</arg>
		<arg name='addr1'>0x400000</arg>
		<arg name='addr2'>0x602267</arg>
	</msg>
	<!-- Module loaded /lib64/ld-linux-x86-64.so.2, address range [0x00002ac742803000-0x00002ac742a2514f], minimal analysis -->
	<msg id='3' source='mc'>
		<type>MODULE_LOAD_NO_ANALYSIS</type>
		<severity>INFO</severity>
		<timestamp>Mon Dec 11 09:14:04 2017</timestamp>
		<arg name='path'>/lib64/ld-linux-x86-64.so.2</arg>
		<arg name='addr1'>0x2ac742803000</arg>
		<arg name='addr2'>0x2ac742a2514f</arg>
	</msg>
	<!-- Module loaded [vdso], address range [0x00007ffe58381000-0x00007ffe58381fdc] -->
	<msg id='4' source='mc'>
		<type>MODULE_LOAD</type>
		<severity>INFO</severity>
		<timestamp>Mon Dec 11 09:14:04 2017</timestamp>
		<arg name='path'>[vdso]</arg>
		<arg name='addr1'>0x7ffe58381000</arg>
		<arg name='addr2'>0x7ffe58381fdc</arg>
	</msg>
	<!-- DIAG: 1 -->
	<!-- Module loaded /usr/lib64/libm.so.6, address range [0x00002ac7574c9000-0x00002ac7577ca147] -->
	<msg id='5' source='mc'>
		<type>MODULE_LOAD</type>
		<severity>INFO</severity>
		<timestamp>Mon Dec 11 09:14:05 2017</timestamp>
		<arg name='path'>/usr/lib64/libm.so.6</arg>
		<arg name='addr1'>0x2ac7574c9000</arg>
		<arg name='addr2'>0x2ac7577ca147</arg>
	</msg>
	<!-- Module loaded /usr/local/software/jureca/Stages/2017b/software/imkl/2018.0.128-ipsmpi-2017b/lib/intel64/libiomp5.so, address range [0x00002ac75786a000-0x00002ac757c0d9ff], minimal analysis -->
	<msg id='6' source='mc'>
		<type>MODULE_LOAD_NO_ANALYSIS</type>
		<severity>INFO</severity>
		<timestamp>Mon Dec 11 09:14:05 2017</timestamp>
		<arg name='path'>/usr/local/software/jureca/Stages/2017b/software/imkl/2018.0.128-ipsmpi-2017b/lib/intel64/libiomp5.so</arg>
		<arg name='addr1'>0x2ac75786a000</arg>
		<arg name='addr2'>0x2ac757c0d9ff</arg>
	</msg>
	<!-- Module loaded /usr/local/software/jureca/Stages/2017b/software/GCCcore/5.4.0/lib64/libgcc_s.so.1, address range [0x00002ac757c38000-0x00002ac757c4f41f] -->
	<msg id='7' source='mc'>
		<type>MODULE_LOAD</type>
		<severity>INFO</severity>
		<timestamp>Mon Dec 11 09:14:05 2017</timestamp>
		<arg name='path'>/usr/local/software/jureca/Stages/2017b/software/GCCcore/5.4.0/lib64/libgcc_s.so.1</arg>
		<arg name='addr1'>0x2ac757c38000</arg>
		<arg name='addr2'>0x2ac757c4f41f</arg>
	</msg>
	<!-- Module loaded /usr/lib64/libpthread.so.0, address range [0x00002ac757cb0000-0x00002ac757ecb45f] -->
	<msg id='8' source='mc'>
		<type>MODULE_LOAD</type>
		<severity>INFO</severity>
		<timestamp>Mon Dec 11 09:14:05 2017</timestamp>
		<arg name='path'>/usr/lib64/libpthread.so.0</arg>
		<arg name='addr1'>0x2ac757cb0000</arg>
		<arg name='addr2'>0x2ac757ecb45f</arg>
	</msg>
	<!-- Module loaded /usr/lib64/libc.so.6, address range [0x00002ac757ecc000-0x00002ac75828c1ff] -->
	<msg id='9' source='mc'>
		<type>MODULE_LOAD</type>
		<severity>INFO</severity>
		<timestamp>Mon Dec 11 09:14:05 2017</timestamp>
		<arg name='path'>/usr/lib64/libc.so.6</arg>
		<arg name='addr1'>0x2ac757ecc000</arg>
		<arg name='addr2'>0x2ac75828c1ff</arg>
	</msg>
	<!-- Module loaded /usr/lib64/libdl.so.2, address range [0x00002ac75828d000-0x00002ac75849012f], minimal analysis -->
	<msg id='10' source='mc'>
		<type>MODULE_LOAD_NO_ANALYSIS</type>
		<severity>INFO</severity>
		<timestamp>Mon Dec 11 09:14:05 2017</timestamp>
		<arg name='path'>/usr/lib64/libdl.so.2</arg>
		<arg name='addr1'>0x2ac75828d000</arg>
		<arg name='addr2'>0x2ac75849012f</arg>
	</msg>
	<!-- Module loaded /usr/local/software/jureca/Stages/2017b/software/Inspector/2018/inspector_2018.1.0.522981/lib64/runtime/libittnotify.so, address range [0x00002ac759dc8000-0x00002ac759fd389f], minimal analysis -->
	<msg id='11' source='mc'>
		<type>MODULE_LOAD_NO_ANALYSIS</type>
		<severity>INFO</severity>
		<timestamp>Mon Dec 11 09:14:05 2017</timestamp>
		<arg name='path'>/usr/local/software/jureca/Stages/2017b/software/Inspector/2018/inspector_2018.1.0.522981/lib64/runtime/libittnotify.so</arg>
		<arg name='addr1'>0x2ac759dc8000</arg>
		<arg name='addr2'>0x2ac759fd389f</arg>
	</msg>
	<!-- Heartbeat, tids = 25959, syscallStatus = 0, calls = 12732 -->
	<msg id='12' display='false' source='mc'>
		<type>HEARTBEAT</type>
		<severity>INFO</severity>
		<timestamp>Mon Dec 11 09:14:05 2017</timestamp>
		<arg name='tids'>25959</arg>
		<arg name='syscalls'>0</arg>
		<arg name='calls'>12732</arg>
	</msg>
	<!-- Thread name changed, tid = 25959, name = OMP Master Thread #0 -->
	<msg id='13' display='false' source='mc'>
		<type>THREADNAME</type>
		<severity>INFO</severity>
		<timestamp>Mon Dec 11 09:14:06 2017</timestamp>
		<arg name='tid'>25959</arg>
		<arg name='name'>OMP Master Thread #0</arg>
	</msg>
	<!-- Heartbeat, tids = 25959, syscallStatus = 0, calls = 3772 -->
	<msg id='14' display='false' source='mc'>
		<type>HEARTBEAT</type>
		<severity>INFO</severity>
		<timestamp>Mon Dec 11 09:14:06 2017</timestamp>
		<arg name='tids'>25959</arg>
		<arg name='syscalls'>0</arg>
		<arg name='calls'>3772</arg>
	</msg>
	<!-- DIAG: 2 -->
	<!-- DIAG: 3 -->
	<!-- DIAG: 4 -->
	<!-- Thread name changed, tid = 25964, name = OMP Worker Thread #1 -->
	<msg id='15' display='false' source='mc'>
		<type>THREADNAME</type>
		<severity>INFO</severity>
		<timestamp>Mon Dec 11 09:14:07 2017</timestamp>
		<arg name='tid'>25964</arg>
		<arg name='name'>OMP Worker Thread #1</arg>
	</msg>
	<!-- Thread name changed, tid = 25965, name = OMP Worker Thread #2 -->
	<msg id='16' display='false' source='mc'>
		<type>THREADNAME</type>
		<severity>INFO</severity>
		<timestamp>Mon Dec 11 09:14:07 2017</timestamp>
		<arg name='tid'>25965</arg>
		<arg name='name'>OMP Worker Thread #2</arg>
	</msg>
	<!-- Thread name changed, tid = 25966, name = OMP Worker Thread #3 -->
	<msg id='17' display='false' source='mc'>
		<type>THREADNAME</type>
		<severity>INFO</severity>
		<timestamp>Mon Dec 11 09:14:07 2017</timestamp>
		<arg name='tid'>25966</arg>
		<arg name='name'>OMP Worker Thread #3</arg>
	</msg>
	<!-- Heartbeat, tids = 25959,25964,25965,25966, syscallStatus = 1,0,1,1, calls = 25252,10589,5584,6069 -->
	<msg id='18' display='false' source='mc'>
		<type>HEARTBEAT</type>
		<severity>INFO</severity>
		<timestamp>Mon Dec 11 09:14:07 2017</timestamp>
		<arg name='tids'>25959,25964,25965,25966</arg>
		<arg name='syscalls'>1,0,1,1</arg>
		<arg name='calls'>25252,10589,5584,6069</arg>
	</msg>
	<!-- DIAG: 5 -->
	<!-- DIAG: 6 -->
	<!-- DIAG: 7 -->
	<!-- DIAG: 8 -->
	<!-- Process /homea/hpclab/train198/uebungen/ue_12/list_serial.exe exited with code 0. Leak analysis starting - this may take a while. -->
	<msg id='19' source='mc'>
		<type>PROCESS_COMPLETE</type>
		<severity>INFO</severity>
		<timestamp>Mon Dec 11 09:14:07 2017</timestamp>
		<arg name='path'>/homea/hpclab/train198/uebungen/ue_12/list_serial.exe</arg>
		<arg name='code'>0</arg>
	</msg>
	<!-- Module unloaded /homea/hpclab/train198/uebungen/ue_12/list_serial.exe -->
	<msg id='20' source='mc'>
		<type>MODULE_UNLOAD</type>
		<severity>INFO</severity>
		<timestamp>Mon Dec 11 09:14:07 2017</timestamp>
		<arg name='path'>/homea/hpclab/train198/uebungen/ue_12/list_serial.exe</arg>
	</msg>
	<!-- Module unloaded /lib64/ld-linux-x86-64.so.2 -->
	<msg id='21' source='mc'>
		<type>MODULE_UNLOAD</type>
		<severity>INFO</severity>
		<timestamp>Mon Dec 11 09:14:07 2017</timestamp>
		<arg name='path'>/lib64/ld-linux-x86-64.so.2</arg>
	</msg>
	<!-- Module unloaded [vdso] -->
	<msg id='22' source='mc'>
		<type>MODULE_UNLOAD</type>
		<severity>INFO</severity>
		<timestamp>Mon Dec 11 09:14:07 2017</timestamp>
		<arg name='path'>[vdso]</arg>
	</msg>
	<!-- Module unloaded /usr/lib64/libm.so.6 -->
	<msg id='23' source='mc'>
		<type>MODULE_UNLOAD</type>
		<severity>INFO</severity>
		<timestamp>Mon Dec 11 09:14:07 2017</timestamp>
		<arg name='path'>/usr/lib64/libm.so.6</arg>
	</msg>
	<!-- Module unloaded /usr/local/software/jureca/Stages/2017b/software/imkl/2018.0.128-ipsmpi-2017b/lib/intel64/libiomp5.so -->
	<msg id='24' source='mc'>
		<type>MODULE_UNLOAD</type>
		<severity>INFO</severity>
		<timestamp>Mon Dec 11 09:14:07 2017</timestamp>
		<arg name='path'>/usr/local/software/jureca/Stages/2017b/software/imkl/2018.0.128-ipsmpi-2017b/lib/intel64/libiomp5.so</arg>
	</msg>
	<!-- Module unloaded /usr/local/software/jureca/Stages/2017b/software/GCCcore/5.4.0/lib64/libgcc_s.so.1 -->
	<msg id='25' source='mc'>
		<type>MODULE_UNLOAD</type>
		<severity>INFO</severity>
		<timestamp>Mon Dec 11 09:14:07 2017</timestamp>
		<arg name='path'>/usr/local/software/jureca/Stages/2017b/software/GCCcore/5.4.0/lib64/libgcc_s.so.1</arg>
	</msg>
	<!-- Module unloaded /usr/lib64/libpthread.so.0 -->
	<msg id='26' source='mc'>
		<type>MODULE_UNLOAD</type>
		<severity>INFO</severity>
		<timestamp>Mon Dec 11 09:14:07 2017</timestamp>
		<arg name='path'>/usr/lib64/libpthread.so.0</arg>
	</msg>
	<!-- Module unloaded /usr/lib64/libc.so.6 -->
	<msg id='27' source='mc'>
		<type>MODULE_UNLOAD</type>
		<severity>INFO</severity>
		<timestamp>Mon Dec 11 09:14:07 2017</timestamp>
		<arg name='path'>/usr/lib64/libc.so.6</arg>
	</msg>
	<!-- Module unloaded /usr/lib64/libdl.so.2 -->
	<msg id='28' source='mc'>
		<type>MODULE_UNLOAD</type>
		<severity>INFO</severity>
		<timestamp>Mon Dec 11 09:14:07 2017</timestamp>
		<arg name='path'>/usr/lib64/libdl.so.2</arg>
	</msg>
	<!-- Module unloaded /usr/local/software/jureca/Stages/2017b/software/Inspector/2018/inspector_2018.1.0.522981/lib64/runtime/libittnotify.so -->
	<msg id='29' source='mc'>
		<type>MODULE_UNLOAD</type>
		<severity>INFO</severity>
		<timestamp>Mon Dec 11 09:14:07 2017</timestamp>
		<arg name='path'>/usr/local/software/jureca/Stages/2017b/software/Inspector/2018/inspector_2018.1.0.522981/lib64/runtime/libittnotify.so</arg>
	</msg>
	<!-- Analysis completed for /homea/hpclab/train198/uebungen/ue_12/list_serial.exe -->
	<msg id='30' source='mc'>
		<type>ANALYSIS_COMPLETE</type>
		<severity>INFO</severity>
		<timestamp>Mon Dec 11 09:14:07 2017</timestamp>
		<arg name='path'>/homea/hpclab/train198/uebungen/ue_12/list_serial.exe</arg>
	</msg>