<?xml version="1.0" encoding="utf-8"?>
<log version="1.0" tool="runtool">

<msg id="1" tool="runtool">
  <type>log-start</type>
  <arg>2017/12/11 11:08:06</arg>
</msg>
<msg id="2" tool="runtool">
  <type>collector-starts</type>
</msg>
<msg id="3" tool="runtool">
  <type>marker-file</type>
  <arg>/homea/hpclab/train198/uebungen/ue_13/int-vec/r000mi3/r000mi3.inspxe</arg>
</msg>
<msg id="4" tool="mc">
  <type>EXEC_OF_INTEREST</type>
  <arg>/homea/hpclab/train198/uebungen/ue_13/numarray_serial_omp.exe</arg>
  <arg>26106</arg>
  <severity>INFO</severity>
  <timestamp>Mon Dec 11 11:08:07 2017</timestamp>
</msg>
<msg id="5" tool="mc">
  <type>MODULE_LOAD</type>
  <arg>/homea/hpclab/train198/uebungen/ue_13/numarray_serial_omp.exe</arg>
  <arg>0x400000</arg>
  <arg>0x6021cf</arg>
  <severity>INFO</severity>
  <timestamp>Mon Dec 11 11:08:07 2017</timestamp>
</msg>
<msg id="6" tool="mc">
  <type>MODULE_LOAD_NO_ANALYSIS</type>
  <arg>/lib64/ld-linux-x86-64.so.2</arg>
  <arg>0x2aabbdece000</arg>
  <arg>0x2aabbe0f014f</arg>
  <severity>INFO</severity>
  <timestamp>Mon Dec 11 11:08:07 2017</timestamp>
</msg>
<msg id="7" tool="mc">
  <type>MODULE_LOAD</type>
  <arg>[vdso]</arg>
  <arg>0x7fffae950000</arg>
  <arg>0x7fffae950fdc</arg>
  <severity>INFO</severity>
  <timestamp>Mon Dec 11 11:08:07 2017</timestamp>
</msg>
<msg id="8" tool="mc">
  <type>MODULE_LOAD</type>
  <arg>/usr/lib64/libm.so.6</arg>
  <arg>0x2aabd2b96000</arg>
  <arg>0x2aabd2e97147</arg>
  <severity>INFO</severity>
  <timestamp>Mon Dec 11 11:08:07 2017</timestamp>
</msg>
<msg id="9" tool="mc">
  <type>MODULE_LOAD_NO_ANALYSIS</type>
  <arg>/usr/local/software/jureca/Stages/2017b/software/imkl/2018.0.128-ipsmpi-2017b/lib/intel64/libiomp5.so</arg>
  <arg>0x2aabd2f34000</arg>
  <arg>0x2aabd32d79ff</arg>
  <severity>INFO</severity>
  <timestamp>Mon Dec 11 11:08:07 2017</timestamp>
</msg>
<msg id="10" tool="mc">
  <type>MODULE_LOAD</type>
  <arg>/usr/local/software/jureca/Stages/2017b/software/GCCcore/5.4.0/lib64/libgcc_s.so.1</arg>
  <arg>0x2aabd32f8000</arg>
  <arg>0x2aabd330f41f</arg>
  <severity>INFO</severity>
  <timestamp>Mon Dec 11 11:08:07 2017</timestamp>
</msg>
<msg id="11" tool="mc">
  <type>MODULE_LOAD</type>
  <arg>/usr/lib64/libpthread.so.0</arg>
  <arg>0x2aabd337d000</arg>
  <arg>0x2aabd359845f</arg>
  <severity>INFO</severity>
  <timestamp>Mon Dec 11 11:08:07 2017</timestamp>
</msg>
<msg id="12" tool="mc">
  <type>MODULE_LOAD</type>
  <arg>/usr/lib64/libc.so.6</arg>
  <arg>0x2aabd3599000</arg>
  <arg>0x2aabd39591ff</arg>
  <severity>INFO</severity>
  <timestamp>Mon Dec 11 11:08:07 2017</timestamp>
</msg>
<msg id="13" tool="mc">
  <type>MODULE_LOAD_NO_ANALYSIS</type>
  <arg>/usr/lib64/libdl.so.2</arg>
  <arg>0x2aabd395a000</arg>
  <arg>0x2aabd3b5d12f</arg>
  <severity>INFO</severity>
  <timestamp>Mon Dec 11 11:08:07 2017</timestamp>
</msg>
<msg id="14" tool="mc">
  <type>HEARTBEAT</type>
  <arg>26106</arg>
  <arg>1</arg>
  <arg>9197</arg>
  <severity>INFO</severity>
  <timestamp>Mon Dec 11 11:08:08 2017</timestamp>
</msg>
<msg id="15" tool="mc">
  <type>HEARTBEAT</type>
  <arg>26106</arg>
  <arg>1</arg>
  <arg>0</arg>
  <severity>INFO</severity>
  <timestamp>Mon Dec 11 11:08:09 2017</timestamp>
</msg>
<msg id="16" tool="mc">
  <type>HEARTBEAT</type>
  <arg>26106</arg>
  <arg>1</arg>
  <arg>0</arg>
  <severity>INFO</severity>
  <timestamp>Mon Dec 11 11:08:10 2017</timestamp>
</msg>
<msg id="17" tool="mc">
  <type>HEARTBEAT</type>
  <arg>26106</arg>
  <arg>1</arg>
  <arg>0</arg>
  <severity>INFO</severity>
  <timestamp>Mon Dec 11 11:08:11 2017</timestamp>
</msg>
<msg id="18" tool="mc">
  <type>HEARTBEAT</type>
  <arg>26106</arg>
  <arg>1</arg>
  <arg>0</arg>
  <severity>INFO</severity>
  <timestamp>Mon Dec 11 11:08:12 2017</timestamp>
</msg>
<msg id="19" tool="mc">
  <type>HEARTBEAT</type>
  <arg>26106</arg>
  <arg>1</arg>
  <arg>0</arg>
  <severity>INFO</severity>
  <timestamp>Mon Dec 11 11:08:13 2017</timestamp>
</msg>
<msg id="20" tool="mc">
  <type>HEARTBEAT</type>
  <arg>26106</arg>
  <arg>1</arg>
  <arg>0</arg>
  <severity>INFO</severity>
  <timestamp>Mon Dec 11 11:08:14 2017</timestamp>
</msg>
<msg id="21" tool="mc">
  <type>HEARTBEAT</type>
  <arg>26106</arg>
  <arg>1</arg>
  <arg>0</arg>
  <severity>INFO</severity>
  <timestamp>Mon Dec 11 11:08:15 2017</timestamp>
</msg>
<msg id="22" tool="mc">
  <type>HEARTBEAT</type>
  <arg>26106</arg>
  <arg>1</arg>
  <arg>0</arg>
  <severity>INFO</severity>
  <timestamp>Mon Dec 11 11:08:16 2017</timestamp>
</msg>
<msg id="23" tool="mc">
  <type>HEARTBEAT</type>
  <arg>26106</arg>
  <arg>1</arg>
  <arg>0</arg>
  <severity>INFO</severity>
  <timestamp>Mon Dec 11 11:08:17 2017</timestamp>
</msg>
<msg id="24" tool="mc">
  <type>HEARTBEAT</type>
  <arg>26106</arg>
  <arg>1</arg>
  <arg>0</arg>
  <severity>INFO</severity>
  <timestamp>Mon Dec 11 11:08:18 2017</timestamp>
</msg>
<msg id="25" tool="mc">
  <type>HEARTBEAT</type>
  <arg>26106</arg>
  <arg>1</arg>
  <arg>0</arg>
  <severity>INFO</severity>
  <timestamp>Mon Dec 11 11:08:19 2017</timestamp>
</msg>
<msg id="26" tool="mc">
  <type>HEARTBEAT</type>
  <arg>26106</arg>
  <arg>1</arg>
  <arg>0</arg>
  <severity>INFO</severity>
  <timestamp>Mon Dec 11 11:08:20 2017</timestamp>
</msg>
<msg id="27" tool="mc">
  <type>HEARTBEAT</type>
  <arg>26106</arg>
  <arg>1</arg>
  <arg>0</arg>
  <severity>INFO</severity>
  <timestamp>Mon Dec 11 11:08:21 2017</timestamp>
</msg>
<msg id="28" tool="mc">
  <type>HEARTBEAT</type>
  <arg>26106</arg>
  <arg>1</arg>
  <arg>0</arg>
  <severity>INFO</severity>
  <timestamp>Mon Dec 11 11:08:22 2017</timestamp>
</msg>
<msg id="29" tool="mc">
  <type>HEARTBEAT</type>
  <arg>26106</arg>
  <arg>1</arg>
  <arg>0</arg>
  <severity>INFO</severity>
  <timestamp>Mon Dec 11 11:08:23 2017</timestamp>
</msg>
<msg id="30" tool="mc">
  <type>HEARTBEAT</type>
  <arg>26106</arg>
  <arg>1</arg>
  <arg>0</arg>
  <severity>INFO</severity>
  <timestamp>Mon Dec 11 11:08:24 2017</timestamp>
</msg>
<msg id="31" tool="mc">
  <type>HEARTBEAT</type>
  <arg>26106</arg>
  <arg>1</arg>
  <arg>0</arg>
  <severity>INFO</severity>
  <timestamp>Mon Dec 11 11:08:25 2017</timestamp>
</msg>
<msg id="32" tool="mc">
  <type>HEARTBEAT</type>
  <arg>26106</arg>
  <arg>1</arg>
  <arg>0</arg>
  <severity>INFO</severity>
  <timestamp>Mon Dec 11 11:08:26 2017</timestamp>
</msg>
<msg id="33" tool="mc">
  <type>HEARTBEAT</type>
  <arg>26106</arg>
  <arg>1</arg>
  <arg>0</arg>
  <severity>INFO</severity>
  <timestamp>Mon Dec 11 11:08:27 2017</timestamp>
</msg>
<msg id="34" tool="mc">
  <type>HEARTBEAT</type>
  <arg>26106</arg>
  <arg>1</arg>
  <arg>0</arg>
  <severity>INFO</severity>
  <timestamp>Mon Dec 11 11:08:28 2017</timestamp>
</msg>
<msg id="35" tool="mc">
  <type>HEARTBEAT</type>
  <arg>26106</arg>
  <arg>1</arg>
  <arg>0</arg>
  <severity>INFO</severity>
  <timestamp>Mon Dec 11 11:08:29 2017</timestamp>
</msg>
<msg id="36" tool="mc">
  <type>HEARTBEAT</type>
  <arg>26106</arg>
  <arg>1</arg>
  <arg>0</arg>
  <severity>INFO</severity>
  <timestamp>Mon Dec 11 11:08:30 2017</timestamp>
</msg>
<msg id="37" tool="mc">
  <type>FATAL_SIGNAL</type>
  <severity>WARNING</severity>
  <timestamp>Mon Dec 11 11:08:31 2017</timestamp>
</msg>
<msg id="38" tool="mc">
  <type>PROCESS_COMPLETE</type>
  <arg>/homea/hpclab/train198/uebungen/ue_13/numarray_serial_omp.exe</arg>
  <arg>0</arg>
  <severity>INFO</severity>
  <timestamp>Mon Dec 11 11:08:31 2017</timestamp>
</msg>
<msg id="39" tool="mc">
  <type>MODULE_UNLOAD</type>
  <arg>/homea/hpclab/train198/uebungen/ue_13/numarray_serial_omp.exe</arg>
  <severity>INFO</severity>
  <timestamp>Mon Dec 11 11:08:31 2017</timestamp>
</msg>
<msg id="40" tool="mc">
  <type>MODULE_UNLOAD</type>
  <arg>/lib64/ld-linux-x86-64.so.2</arg>
  <severity>INFO</severity>
  <timestamp>Mon Dec 11 11:08:31 2017</timestamp>
</msg>
<msg id="41" tool="mc">
  <type>MODULE_UNLOAD</type>
  <arg>[vdso]</arg>
  <severity>INFO</severity>
  <timestamp>Mon Dec 11 11:08:31 2017</timestamp>
</msg>
<msg id="42" tool="mc">
  <type>MODULE_UNLOAD</type>
  <arg>/usr/lib64/libm.so.6</arg>
  <severity>INFO</severity>
  <timestamp>Mon Dec 11 11:08:31 2017</timestamp>
</msg>
<msg id="43" tool="mc">
  <type>MODULE_UNLOAD</type>
  <arg>/usr/local/software/jureca/Stages/2017b/software/imkl/2018.0.128-ipsmpi-2017b/lib/intel64/libiomp5.so</arg>
  <severity>INFO</severity>
  <timestamp>Mon Dec 11 11:08:31 2017</timestamp>
</msg>
<msg id="44" tool="mc">
  <type>MODULE_UNLOAD</type>
  <arg>/usr/local/software/jureca/Stages/2017b/software/GCCcore/5.4.0/lib64/libgcc_s.so.1</arg>
  <severity>INFO</severity>
  <timestamp>Mon Dec 11 11:08:31 2017</timestamp>
</msg>
<msg id="45" tool="mc">
  <type>MODULE_UNLOAD</type>
  <arg>/usr/lib64/libpthread.so.0</arg>
  <severity>INFO</severity>
  <timestamp>Mon Dec 11 11:08:31 2017</timestamp>
</msg>
<msg id="46" tool="mc">
  <type>MODULE_UNLOAD</type>
  <arg>/usr/lib64/libc.so.6</arg>
  <severity>INFO</severity>
  <timestamp>Mon Dec 11 11:08:31 2017</timestamp>
</msg>
<msg id="47" tool="mc">
  <type>MODULE_UNLOAD</type>
  <arg>/usr/lib64/libdl.so.2</arg>
  <severity>INFO</severity>
  <timestamp>Mon Dec 11 11:08:31 2017</timestamp>
</msg>
<msg id="48" tool="mc">
  <type>ANALYSIS_COMPLETE</type>
  <arg>/homea/hpclab/train198/uebungen/ue_13/numarray_serial_omp.exe</arg>
  <severity>INFO</severity>
  <timestamp>Mon Dec 11 11:08:31 2017</timestamp>
</msg>
<msg id="49" tool="runtool">
  <type>app-exit-code</type>
  <arg>143</arg>
</msg>
<msg id="50" tool="runtool">
  <type>marker-file</type>
  <arg>/homea/hpclab/train198/uebungen/ue_13/int-vec/r000mi3/r000mi3.inspxe</arg>
</msg>
<msg id="51" tool="runtool">
  <type>collector-canceled</type>
</msg>
<msg id="52" tool="runtool">
  <type>log-end</type>
  <arg>2017/12/11 11:08:35</arg>
</msg>

</log>

