<?xml version="1.0" encoding="utf-8" ?>
<!-- DO NOT EDIT THIS FILE -->

<log version='2.0' source='mc'>
	<!-- Successfully loaded CCRT at address 0x2aabbf987000 - 0x2aabc083a000 -->
	<!-- Successfully loaded MC at address 0x2aabbf1d9000 - 0x2aabbf281000 -->
	<!-- Analysis started for /homea/hpclab/train198/uebungen/ue_13/numarray_serial_omp.exe, pid = 26106 -->
	<msg id='1' source='mc'>
		<type>EXEC_OF_INTEREST</type>
		<severity>INFO</severity>
		<timestamp>Mon Dec 11 11:08:07 2017</timestamp>
		<arg name='path'>/homea/hpclab/train198/uebungen/ue_13/numarray_serial_omp.exe</arg>
		<arg name='pid'>26106</arg>
	</msg>
	<!-- Command line: /usr/local/software/jureca/Stages/2017b/software/Inspector/2018/inspector_2018.1.0.522981/bin64/pinbin -p32 /usr/local/software/jureca/Stages/2017b/software/Inspector/2018/inspector_2018.1.0.522981/bin32/pinbin -xyzzy -mesgoff console -xyzzy -bridge_save_x87 0 -bridge_save_mxcsr 0 -follow_execv -error_file /homea/hpclab/train198/uebungen/ue_13/int-vec/r000mi3/data.0/pin_error.log -logfile /homea/hpclab/train198/uebungen/ue_13/int-vec/r000mi3/data.0/pin.log -xyzzy -region_max_inss 100 -t64 /usr/local/software/jureca/Stages/2017b/software/Inspector/2018/inspector_2018.1.0.522981/lib64/libmemchkr -t /usr/local/software/jureca/Stages/2017b/software/Inspector/2018/inspector_2018.1.0.522981/lib32/libmemchkr -no-analyze-stack -check-invalid-access -leak-check-on-exit -leak-check-on-demand -enable-memory-growth -leak-check-report-reachable -check-resource-leaks -suppress-breakpoints -freelist-vol 1000000 -leak-maximum 100000 -guard-zone-size 32 -stack-depth 16 -heartbeat 1 -working-dir /homea/hpclab/train198/uebungen/ue_13/int-vec/r000mi3/data.0 -log mc_numarray_serial_omp.log -result numarray_serial_omp - /homea/hpclab/train198/uebungen/ue_13/numarray_serial_omp.exe  -->
	<!-- mc's options are the following:  -->
	<!-- -help                              false -->
	<!-- -verbose                           false -->
	<!-- -xyzzy                             false -->
	<!-- -version                           false -->
	<!-- -help-all                          false -->
	<!-- -xyzzy-all                         false -->
	<!-- -report-all-instances              false -->
	<!-- -check-for-padded-structures       true -->
	<!-- -check-for-bitfields               true -->
	<!-- -analyze-stack                     false -->
	<!-- -access-checks                     false -->
	<!-- -check-uninit-read                 false -->
	<!-- -check-invalid-access              true -->
	<!-- -advanced-uninit-read              false -->
	<!-- -track-origins                     true -->
	<!-- -duplicate-uninits                 false -->
	<!-- -bss-initialized                   true -->
	<!-- -align-alloc-size                  false -->
	<!-- -report-uninit-read                false -->
	<!-- -ignore-system-libraries           false -->
	<!-- -gen-suppressions                  false -->
	<!-- -leak-check-on-exit                true -->
	<!-- -leak-check-on-demand              true -->
	<!-- -leak-check-uses-baseline          true -->
	<!-- -enable-memory-growth              true -->
	<!-- -leak-check-report-reachable       true -->
	<!-- -leak-check-full                   true -->
	<!-- -check-resource-leaks              true -->
	<!-- -trace-children                    false -->
	<!-- -enable-poke                       false -->
	<!-- -jit-mode-anyway                   false -->
	<!-- -disable-probe-mode-mismatches-64  true -->
	<!-- -aggressive-callstack-caching      false -->
	<!-- -suppress-breakpoints              true -->
	<!-- -monitor-memory                    false -->
	<!-- -freelist-vol                      1000000 -->
	<!-- -leak-maximum                      100000 -->
	<!-- -guard-zone-size                   32 -->
	<!-- -stack-depth                       16 -->
	<!-- -heartbeat                         1 -->
	<!-- -breakpoint-file                   (null) -->
	<!-- -config-file                       (null) -->
	<!-- -log                               mc_numarray_serial_omp.log -->
	<!-- -ignore-commands                   (null),  -->
	<!-- -ignore-modules                    (null),  -->
	<!-- -ignore-symbols                    (null),  -->
	<!-- -module-of-interest                (null),  -->
	<!-- -executable-of-interest            (null),  -->
	<!-- -working-dir                       /homea/hpclab/train198/uebungen/ue_13/int-vec/r000mi3/data.0 -->
	<!-- -result                            numarray_serial_omp -->
	<!-- -exclude-module                    (null),  -->
	<!-- -include-module                    (null),  -->
	<!-- -only-exec-commands                (null),  -->
	<!-- -suppressions                      (null),  -->
	<!-- -debug                             none -->
	<!-- -shared-mem-name                   (null) -->
	<!-- -poke-function                     (null),  -->
	<!-- -analysis-mode                     (null) -->
	<!-- probe mode: no -->
	<!-- invalid access: yes -->
	<!-- uninit read: no -->
	<!-- track origin: no -->
	<!-- Module loaded /homea/hpclab/train198/uebungen/ue_13/numarray_serial_omp.exe, address range [0x0000000000400000-0x00000000006021cf] -->
	<msg id='2' source='mc'>
		<type>MODULE_LOAD</type>
		<severity>INFO</severity>
		<timestamp>Mon Dec 11 11:08:07 2017</timestamp>
		<arg name='path'>/homea/hpclab/train198/uebungen/ue_13/numarray_serial_omp.exe</arg>
		<arg name='addr1'>0x400000</arg>
		<arg name='addr2'>0x6021cf</arg>
	</msg>
	<!-- Module loaded /lib64/ld-linux-x86-64.so.2, address range [0x00002aabbdece000-0x00002aabbe0f014f], minimal analysis -->
	<msg id='3' source='mc'>
		<type>MODULE_LOAD_NO_ANALYSIS</type>
		<severity>INFO</severity>
		<timestamp>Mon Dec 11 11:08:07 2017</timestamp>
		<arg name='path'>/lib64/ld-linux-x86-64.so.2</arg>
		<arg name='addr1'>0x2aabbdece000</arg>
		<arg name='addr2'>0x2aabbe0f014f</arg>
	</msg>
	<!-- Module loaded [vdso], address range [0x00007fffae950000-0x00007fffae950fdc] -->
	<msg id='4' source='mc'>
		<type>MODULE_LOAD</type>
		<severity>INFO</severity>
		<timestamp>Mon Dec 11 11:08:07 2017</timestamp>
		<arg name='path'>[vdso]</arg>
		<arg name='addr1'>0x7fffae950000</arg>
		<arg name='addr2'>0x7fffae950fdc</arg>
	</msg>
	<!-- DIAG: 1 -->
	<!-- Module loaded /usr/lib64/libm.so.6, address range [0x00002aabd2b96000-0x00002aabd2e97147] -->
	<msg id='5' source='mc'>
		<type>MODULE_LOAD</type>
		<severity>INFO</severity>
		<timestamp>Mon Dec 11 11:08:07 2017</timestamp>
		<arg name='path'>/usr/lib64/libm.so.6</arg>
		<arg name='addr1'>0x2aabd2b96000</arg>
		<arg name='addr2'>0x2aabd2e97147</arg>
	</msg>
	<!-- Module loaded /usr/local/software/jureca/Stages/2017b/software/imkl/2018.0.128-ipsmpi-2017b/lib/intel64/libiomp5.so, address range [0x00002aabd2f34000-0x00002aabd32d79ff], minimal analysis -->
	<msg id='6' source='mc'>
		<type>MODULE_LOAD_NO_ANALYSIS</type>
		<severity>INFO</severity>
		<timestamp>Mon Dec 11 11:08:07 2017</timestamp>
		<arg name='path'>/usr/local/software/jureca/Stages/2017b/software/imkl/2018.0.128-ipsmpi-2017b/lib/intel64/libiomp5.so</arg>
		<arg name='addr1'>0x2aabd2f34000</arg>
		<arg name='addr2'>0x2aabd32d79ff</arg>
	</msg>
	<!-- Module loaded /usr/local/software/jureca/Stages/2017b/software/GCCcore/5.4.0/lib64/libgcc_s.so.1, address range [0x00002aabd32f8000-0x00002aabd330f41f] -->
	<msg id='7' source='mc'>
		<type>MODULE_LOAD</type>
		<severity>INFO</severity>
		<timestamp>Mon Dec 11 11:08:07 2017</timestamp>
		<arg name='path'>/usr/local/software/jureca/Stages/2017b/software/GCCcore/5.4.0/lib64/libgcc_s.so.1</arg>
		<arg name='addr1'>0x2aabd32f8000</arg>
		<arg name='addr2'>0x2aabd330f41f</arg>
	</msg>
	<!-- Module loaded /usr/lib64/libpthread.so.0, address range [0x00002aabd337d000-0x00002aabd359845f] -->
	<msg id='8' source='mc'>
		<type>MODULE_LOAD</type>
		<severity>INFO</severity>
		<timestamp>Mon Dec 11 11:08:07 2017</timestamp>
		<arg name='path'>/usr/lib64/libpthread.so.0</arg>
		<arg name='addr1'>0x2aabd337d000</arg>
		<arg name='addr2'>0x2aabd359845f</arg>
	</msg>
	<!-- Module loaded /usr/lib64/libc.so.6, address range [0x00002aabd3599000-0x00002aabd39591ff] -->
	<msg id='9' source='mc'>
		<type>MODULE_LOAD</type>
		<severity>INFO</severity>
		<timestamp>Mon Dec 11 11:08:07 2017</timestamp>
		<arg name='path'>/usr/lib64/libc.so.6</arg>
		<arg name='addr1'>0x2aabd3599000</arg>
		<arg name='addr2'>0x2aabd39591ff</arg>
	</msg>
	<!-- Module loaded /usr/lib64/libdl.so.2, address range [0x00002aabd395a000-0x00002aabd3b5d12f], minimal analysis -->
	<msg id='10' source='mc'>
		<type>MODULE_LOAD_NO_ANALYSIS</type>
		<severity>INFO</severity>
		<timestamp>Mon Dec 11 11:08:07 2017</timestamp>
		<arg name='path'>/usr/lib64/libdl.so.2</arg>
		<arg name='addr1'>0x2aabd395a000</arg>
		<arg name='addr2'>0x2aabd3b5d12f</arg>
	</msg>
	<!-- Heartbeat, tids = 26106, syscallStatus = 1, calls = 9197 -->
	<msg id='11' display='false' source='mc'>
		<type>HEARTBEAT</type>
		<severity>INFO</severity>
		<timestamp>Mon Dec 11 11:08:08 2017</timestamp>
		<arg name='tids'>26106</arg>
		<arg name='syscalls'>1</arg>
		<arg name='calls'>9197</arg>
	</msg>
	<!-- Heartbeat, tids = 26106, syscallStatus = 1, calls = 0 -->
	<msg id='12' display='false' source='mc'>
		<type>HEARTBEAT</type>
		<severity>INFO</severity>
		<timestamp>Mon Dec 11 11:08:09 2017</timestamp>
		<arg name='tids'>26106</arg>
		<arg name='syscalls'>1</arg>
		<arg name='calls'>0</arg>
	</msg>
	<!-- Heartbeat, tids = 26106, syscallStatus = 1, calls = 0 -->
	<msg id='13' display='false' source='mc'>
		<type>HEARTBEAT</type>
		<severity>INFO</severity>
		<timestamp>Mon Dec 11 11:08:10 2017</timestamp>
		<arg name='tids'>26106</arg>
		<arg name='syscalls'>1</arg>
		<arg name='calls'>0</arg>
	</msg>
	<!-- Heartbeat, tids = 26106, syscallStatus = 1, calls = 0 -->
	<msg id='14' display='false' source='mc'>
		<type>HEARTBEAT</type>
		<severity>INFO</severity>
		<timestamp>Mon Dec 11 11:08:11 2017</timestamp>
		<arg name='tids'>26106</arg>
		<arg name='syscalls'>1</arg>
		<arg name='calls'>0</arg>
	</msg>
	<!-- Heartbeat, tids = 26106, syscallStatus = 1, calls = 0 -->
	<msg id='15' display='false' source='mc'>
		<type>HEARTBEAT</type>
		<severity>INFO</severity>
		<timestamp>Mon Dec 11 11:08:12 2017</timestamp>
		<arg name='tids'>26106</arg>
		<arg name='syscalls'>1</arg>
		<arg name='calls'>0</arg>
	</msg>
	<!-- Heartbeat, tids = 26106, syscallStatus = 1, calls = 0 -->
	<msg id='16' display='false' source='mc'>
		<type>HEARTBEAT</type>
		<severity>INFO</severity>
		<timestamp>Mon Dec 11 11:08:13 2017</timestamp>
		<arg name='tids'>26106</arg>
		<arg name='syscalls'>1</arg>
		<arg name='calls'>0</arg>
	</msg>
	<!-- Heartbeat, tids = 26106, syscallStatus = 1, calls = 0 -->
	<msg id='17' display='false' source='mc'>
		<type>HEARTBEAT</type>
		<severity>INFO</severity>
		<timestamp>Mon Dec 11 11:08:14 2017</timestamp>
		<arg name='tids'>26106</arg>
		<arg name='syscalls'>1</arg>
		<arg name='calls'>0</arg>
	</msg>
	<!-- Heartbeat, tids = 26106, syscallStatus = 1, calls = 0 -->
	<msg id='18' display='false' source='mc'>
		<type>HEARTBEAT</type>
		<severity>INFO</severity>
		<timestamp>Mon Dec 11 11:08:15 2017</timestamp>
		<arg name='tids'>26106</arg>
		<arg name='syscalls'>1</arg>
		<arg name='calls'>0</arg>
	</msg>
	<!-- Heartbeat, tids = 26106, syscallStatus = 1, calls = 0 -->
	<msg id='19' display='false' source='mc'>
		<type>HEARTBEAT</type>
		<severity>INFO</severity>
		<timestamp>Mon Dec 11 11:08:16 2017</timestamp>
		<arg name='tids'>26106</arg>
		<arg name='syscalls'>1</arg>
		<arg name='calls'>0</arg>
	</msg>
	<!-- Heartbeat, tids = 26106, syscallStatus = 1, calls = 0 -->
	<msg id='20' display='false' source='mc'>
		<type>HEARTBEAT</type>
		<severity>INFO</severity>
		<timestamp>Mon Dec 11 11:08:17 2017</timestamp>
		<arg name='tids'>26106</arg>
		<arg name='syscalls'>1</arg>
		<arg name='calls'>0</arg>
	</msg>
	<!-- Heartbeat, tids = 26106, syscallStatus = 1, calls = 0 -->
	<msg id='21' display='false' source='mc'>
		<type>HEARTBEAT</type>
		<severity>INFO</severity>
		<timestamp>Mon Dec 11 11:08:18 2017</timestamp>
		<arg name='tids'>26106</arg>
		<arg name='syscalls'>1</arg>
		<arg name='calls'>0</arg>
	</msg>
	<!-- Heartbeat, tids = 26106, syscallStatus = 1, calls = 0 -->
	<msg id='22' display='false' source='mc'>
		<type>HEARTBEAT</type>
		<severity>INFO</severity>
		<timestamp>Mon Dec 11 11:08:19 2017</timestamp>
		<arg name='tids'>26106</arg>
		<arg name='syscalls'>1</arg>
		<arg name='calls'>0</arg>
	</msg>
	<!-- Heartbeat, tids = 26106, syscallStatus = 1, calls = 0 -->
	<msg id='23' display='false' source='mc'>
		<type>HEARTBEAT</type>
		<severity>INFO</severity>
		<timestamp>Mon Dec 11 11:08:20 2017</timestamp>
		<arg name='tids'>26106</arg>
		<arg name='syscalls'>1</arg>
		<arg name='calls'>0</arg>
	</msg>
	<!-- Heartbeat, tids = 26106, syscallStatus = 1, calls = 0 -->
	<msg id='24' display='false' source='mc'>
		<type>HEARTBEAT</type>
		<severity>INFO</severity>
		<timestamp>Mon Dec 11 11:08:21 2017</timestamp>
		<arg name='tids'>26106</arg>
		<arg name='syscalls'>1</arg>
		<arg name='calls'>0</arg>
	</msg>
	<!-- Heartbeat, tids = 26106, syscallStatus = 1, calls = 0 -->
	<msg id='25' display='false' source='mc'>
		<type>HEARTBEAT</type>
		<severity>INFO</severity>
		<timestamp>Mon Dec 11 11:08:22 2017</timestamp>
		<arg name='tids'>26106</arg>
		<arg name='syscalls'>1</arg>
		<arg name='calls'>0</arg>
	</msg>
	<!-- Heartbeat, tids = 26106, syscallStatus = 1, calls = 0 -->
	<msg id='26' display='false' source='mc'>
		<type>HEARTBEAT</type>
		<severity>INFO</severity>
		<timestamp>Mon Dec 11 11:08:23 2017</timestamp>
		<arg name='tids'>26106</arg>
		<arg name='syscalls'>1</arg>
		<arg name='calls'>0</arg>
	</msg>
	<!-- Heartbeat, tids = 26106, syscallStatus = 1, calls = 0 -->
	<msg id='27' display='false' source='mc'>
		<type>HEARTBEAT</type>
		<severity>INFO</severity>
		<timestamp>Mon Dec 11 11:08:24 2017</timestamp>
		<arg name='tids'>26106</arg>
		<arg name='syscalls'>1</arg>
		<arg name='calls'>0</arg>
	</msg>
	<!-- Heartbeat, tids = 26106, syscallStatus = 1, calls = 0 -->
	<msg id='28' display='false' source='mc'>
		<type>HEARTBEAT</type>
		<severity>INFO</severity>
		<timestamp>Mon Dec 11 11:08:25 2017</timestamp>
		<arg name='tids'>26106</arg>
		<arg name='syscalls'>1</arg>
		<arg name='calls'>0</arg>
	</msg>
	<!-- Heartbeat, tids = 26106, syscallStatus = 1, calls = 0 -->
	<msg id='29' display='false' source='mc'>
		<type>HEARTBEAT</type>
		<severity>INFO</severity>
		<timestamp>Mon Dec 11 11:08:26 2017</timestamp>
		<arg name='tids'>26106</arg>
		<arg name='syscalls'>1</arg>
		<arg name='calls'>0</arg>
	</msg>
	<!-- Heartbeat, tids = 26106, syscallStatus = 1, calls = 0 -->
	<msg id='30' display='false' source='mc'>
		<type>HEARTBEAT</type>
		<severity>INFO</severity>
		<timestamp>Mon Dec 11 11:08:27 2017</timestamp>
		<arg name='tids'>26106</arg>
		<arg name='syscalls'>1</arg>
		<arg name='calls'>0</arg>
	</msg>
	<!-- Heartbeat, tids = 26106, syscallStatus = 1, calls = 0 -->
	<msg id='31' display='false' source='mc'>
		<type>HEARTBEAT</type>
		<severity>INFO</severity>
		<timestamp>Mon Dec 11 11:08:28 2017</timestamp>
		<arg name='tids'>26106</arg>
		<arg name='syscalls'>1</arg>
		<arg name='calls'>0</arg>
	</msg>
	<!-- Heartbeat, tids = 26106, syscallStatus = 1, calls = 0 -->
	<msg id='32' display='false' source='mc'>
		<type>HEARTBEAT</type>
		<severity>INFO</severity>
		<timestamp>Mon Dec 11 11:08:29 2017</timestamp>
		<arg name='tids'>26106</arg>
		<arg name='syscalls'>1</arg>
		<arg name='calls'>0</arg>
	</msg>
	<!-- Heartbeat, tids = 26106, syscallStatus = 1, calls = 0 -->
	<msg id='33' display='false' source='mc'>
		<type>HEARTBEAT</type>
		<severity>INFO</severity>
		<timestamp>Mon Dec 11 11:08:30 2017</timestamp>
		<arg name='tids'>26106</arg>
		<arg name='syscalls'>1</arg>
		<arg name='calls'>0</arg>
	</msg>
	<!-- Application had an exception that was logged. -->
	<msg id='34' source='mc'>
		<type>FATAL_SIGNAL</type>
		<severity>WARNING</severity>
		<timestamp>Mon Dec 11 11:08:31 2017</timestamp>
	</msg>
	<!-- DIAG: 2 -->
	<!-- DIAG: 3 -->
	<!-- Process /homea/hpclab/train198/uebungen/ue_13/numarray_serial_omp.exe exited with code 0. Leak analysis starting - this may take a while. -->
	<msg id='35' source='mc'>
		<type>PROCESS_COMPLETE</type>
		<severity>INFO</severity>
		<timestamp>Mon Dec 11 11:08:31 2017</timestamp>
		<arg name='path'>/homea/hpclab/train198/uebungen/ue_13/numarray_serial_omp.exe</arg>
		<arg name='code'>0</arg>
	</msg>
	<!-- Module unloaded /homea/hpclab/train198/uebungen/ue_13/numarray_serial_omp.exe -->
	<msg id='36' source='mc'>
		<type>MODULE_UNLOAD</type>
		<severity>INFO</severity>
		<timestamp>Mon Dec 11 11:08:31 2017</timestamp>
		<arg name='path'>/homea/hpclab/train198/uebungen/ue_13/numarray_serial_omp.exe</arg>
	</msg>
	<!-- Module unloaded /lib64/ld-linux-x86-64.so.2 -->
	<msg id='37' source='mc'>
		<type>MODULE_UNLOAD</type>
		<severity>INFO</severity>
		<timestamp>Mon Dec 11 11:08:31 2017</timestamp>
		<arg name='path'>/lib64/ld-linux-x86-64.so.2</arg>
	</msg>
	<!-- Module unloaded [vdso] -->
	<msg id='38' source='mc'>
		<type>MODULE_UNLOAD</type>
		<severity>INFO</severity>
		<timestamp>Mon Dec 11 11:08:31 2017</timestamp>
		<arg name='path'>[vdso]</arg>
	</msg>
	<!-- Module unloaded /usr/lib64/libm.so.6 -->
	<msg id='39' source='mc'>
		<type>MODULE_UNLOAD</type>
		<severity>INFO</severity>
		<timestamp>Mon Dec 11 11:08:31 2017</timestamp>
		<arg name='path'>/usr/lib64/libm.so.6</arg>
	</msg>
	<!-- Module unloaded /usr/local/software/jureca/Stages/2017b/software/imkl/2018.0.128-ipsmpi-2017b/lib/intel64/libiomp5.so -->
	<msg id='40' source='mc'>
		<type>MODULE_UNLOAD</type>
		<severity>INFO</severity>
		<timestamp>Mon Dec 11 11:08:31 2017</timestamp>
		<arg name='path'>/usr/local/software/jureca/Stages/2017b/software/imkl/2018.0.128-ipsmpi-2017b/lib/intel64/libiomp5.so</arg>
	</msg>
	<!-- Module unloaded /usr/local/software/jureca/Stages/2017b/software/GCCcore/5.4.0/lib64/libgcc_s.so.1 -->
	<msg id='41' source='mc'>
		<type>MODULE_UNLOAD</type>
		<severity>INFO</severity>
		<timestamp>Mon Dec 11 11:08:31 2017</timestamp>
		<arg name='path'>/usr/local/software/jureca/Stages/2017b/software/GCCcore/5.4.0/lib64/libgcc_s.so.1</arg>
	</msg>
	<!-- Module unloaded /usr/lib64/libpthread.so.0 -->
	<msg id='42' source='mc'>
		<type>MODULE_UNLOAD</type>
		<severity>INFO</severity>
		<timestamp>Mon Dec 11 11:08:31 2017</timestamp>
		<arg name='path'>/usr/lib64/libpthread.so.0</arg>
	</msg>
	<!-- Module unloaded /usr/lib64/libc.so.6 -->
	<msg id='43' source='mc'>
		<type>MODULE_UNLOAD</type>
		<severity>INFO</severity>
		<timestamp>Mon Dec 11 11:08:31 2017</timestamp>
		<arg name='path'>/usr/lib64/libc.so.6</arg>
	</msg>
	<!-- Module unloaded /usr/lib64/libdl.so.2 -->
	<msg id='44' source='mc'>
		<type>MODULE_UNLOAD</type>
		<severity>INFO</severity>
		<timestamp>Mon Dec 11 11:08:31 2017</timestamp>
		<arg name='path'>/usr/lib64/libdl.so.2</arg>
	</msg>
	<!-- Analysis completed for /homea/hpclab/train198/uebungen/ue_13/numarray_serial_omp.exe -->
	<msg id='45' source='mc'>
		<type>ANALYSIS_COMPLETE</type>
		<severity>INFO</severity>
		<timestamp>Mon Dec 11 11:08:31 2017</timestamp>
		<arg name='path'>/homea/hpclab/train198/uebungen/ue_13/numarray_serial_omp.exe</arg>
	</msg>