<?xml version="1.0" encoding="UTF-8"?>
<feedback>
 <message severity="info">Analysis started...</message>
 <nop/>
 <message severity="info">Result file: /homea/hpclab/train198/uebungen/ue_12/list/r000mi3/r000mi3.inspxe </message>
 <nop/>
 <message severity="info">Analysis started for /homea/hpclab/train198/uebungen/ue_12/list_serial.exe (pid = 15934) </message>
 <nop/>
 <message severity="info">Loaded module: /homea/hpclab/train198/uebungen/ue_12/list_serial.exe, address range [0x400000-0x60225f] </message>
 <nop/>
 <message severity="info">Loaded module: /lib64/ld-linux-x86-64.so.2, address range [0x2b5851f9f000-0x2b58521c114f], minimal analysis </message>
 <nop/>
 <message severity="info">Loaded module: [vdso], address range [0x7ffdb89a5000-0x7ffdb89a5fdc] </message>
 <nop/>
 <message severity="info">Loaded module: /usr/lib64/libm.so.6, address range [0x2b5866c50000-0x2b5866f51147] </message>
 <nop/>
 <message severity="info">Loaded module: /usr/local/software/jureca/Stages/2017b/software/imkl/2018.0.128-ipsmpi-2017b/lib/intel64/libiomp5.so, address range [0x2b5867005000-0x2b58673a89ff], minimal analysis </message>
 <nop/>
 <message severity="info">Loaded module: /usr/local/software/jureca/Stages/2017b/software/GCCcore/5.4.0/lib64/libgcc_s.so.1, address range [0x2b58673d3000-0x2b58673ea41f] </message>
 <nop/>
 <message severity="info">Loaded module: /usr/lib64/libpthread.so.0, address range [0x2b586743b000-0x2b586765645f] </message>
 <nop/>
 <message severity="info">Loaded module: /usr/lib64/libc.so.6, address range [0x2b5867657000-0x2b5867a171ff] </message>
 <nop/>
 <message severity="info">Loaded module: /usr/lib64/libdl.so.2, address range [0x2b5867a32000-0x2b5867c3512f], minimal analysis </message>
 <nop/>
 <message severity="info">Loaded module: /usr/local/software/jureca/Stages/2017b/software/Inspector/2018/inspector_2018.1.0.522981/lib64/runtime/libittnotify.so, address range [0x2b5869564000-0x2b586976f89f], minimal analysis </message>
 <nop/>
 <message severity="info">Process /homea/hpclab/train198/uebungen/ue_12/list_serial.exe exited with code 0. Leak analysis starting. Please wait... </message>
 <nop/>
 <message severity="info">Unloaded module: /homea/hpclab/train198/uebungen/ue_12/list_serial.exe </message>
 <nop/>
 <message severity="info">Unloaded module: /lib64/ld-linux-x86-64.so.2 </message>
 <nop/>
 <message severity="info">Unloaded module: [vdso] </message>
 <nop/>
 <message severity="info">Unloaded module: /usr/lib64/libm.so.6 </message>
 <nop/>
 <message severity="info">Unloaded module: /usr/local/software/jureca/Stages/2017b/software/imkl/2018.0.128-ipsmpi-2017b/lib/intel64/libiomp5.so </message>
 <nop/>
 <message severity="info">Unloaded module: /usr/local/software/jureca/Stages/2017b/software/GCCcore/5.4.0/lib64/libgcc_s.so.1 </message>
 <nop/>
 <message severity="info">Unloaded module: /usr/lib64/libpthread.so.0 </message>
 <nop/>
 <message severity="info">Unloaded module: /usr/lib64/libc.so.6 </message>
 <nop/>
 <message severity="info">Unloaded module: /usr/lib64/libdl.so.2 </message>
 <nop/>
 <message severity="info">Unloaded module: /usr/local/software/jureca/Stages/2017b/software/Inspector/2018/inspector_2018.1.0.522981/lib64/runtime/libittnotify.so </message>
 <nop/>
 <message severity="info">Completed analysis for /homea/hpclab/train198/uebungen/ue_12/list_serial.exe </message>
 <nop/>
 <message severity="info">Application exit code: 0 </message>
 <nop/>
 <message severity="info">Result file: /homea/hpclab/train198/uebungen/ue_12/list/r000mi3/r000mi3.inspxe </message>
 <nop/>
 <message severity="info">Analysis completed</message>
 <nop/>
</feedback>
