<?xml version="1.0" encoding="utf-8"?>
<log version="1.0" tool="runtool">

<msg id="1" tool="runtool">
  <type>log-start</type>
  <arg>2017/11/29 11:38:33</arg>
</msg>
<msg id="2" tool="runtool">
  <type>collector-starts</type>
</msg>
<msg id="3" tool="runtool">
  <type>marker-file</type>
  <arg>/homea/hpclab/train198/uebungen/ue_11/mxv-serial/r000ti3/r000ti3.inspxe</arg>
</msg>
<msg id="4" tool="tc">
  <type>START</type>
  <severity>INFO</severity>
  <timestamp>Wed Nov 29 11:38:33 2017</timestamp>
</msg>
<msg id="5" tool="tc">
  <type>EXEC_OF_INTEREST</type>
  <arg>/homea/hpclab/train198/uebungen/ue_11/mxv_serial.exe</arg>
  <arg>28809</arg>
  <severity>INFO</severity>
  <timestamp>Wed Nov 29 11:38:33 2017</timestamp>
</msg>
<msg id="6" tool="tc">
  <type>LOAD_MODULE</type>
  <arg>/homea/hpclab/train198/uebungen/ue_11/mxv_serial.exe</arg>
  <arg>0x400000</arg>
  <arg>0x6021af</arg>
  <severity>INFO</severity>
  <timestamp>Wed Nov 29 11:38:33 2017</timestamp>
</msg>
<msg id="7" tool="tc">
  <type>LOAD_MODULE</type>
  <arg>/lib64/ld-linux-x86-64.so.2</arg>
  <arg>0x2b3ccbdb8000</arg>
  <arg>0x2b3ccbfda14f</arg>
  <severity>INFO</severity>
  <timestamp>Wed Nov 29 11:38:33 2017</timestamp>
</msg>
<msg id="8" tool="tc">
  <type>LOAD_MODULE</type>
  <arg>[vdso]</arg>
  <arg>0x7ffc6f9d0000</arg>
  <arg>0x7ffc6f9d0fdc</arg>
  <severity>INFO</severity>
  <timestamp>Wed Nov 29 11:38:33 2017</timestamp>
</msg>
<msg id="9" tool="tc">
  <type>LOAD_MODULE</type>
  <arg>/usr/lib64/libm.so.6</arg>
  <arg>0x2b3ce1096000</arg>
  <arg>0x2b3ce1397147</arg>
  <severity>INFO</severity>
  <timestamp>Wed Nov 29 11:38:34 2017</timestamp>
</msg>
<msg id="10" tool="tc">
  <type>LOAD_MODULE</type>
  <arg>/usr/local/software/jureca/Stages/2017b/software/imkl/2018.1.163-ipsmpi-2017b.1/lib/intel64/libiomp5.so</arg>
  <arg>0x2b3ce1418000</arg>
  <arg>0x2b3ce17d0c7f</arg>
  <severity>INFO</severity>
  <timestamp>Wed Nov 29 11:38:34 2017</timestamp>
</msg>
<msg id="11" tool="tc">
  <type>LOAD_MODULE</type>
  <arg>/usr/local/software/jureca/Stages/2017b/software/GCCcore/5.4.0/lib64/libgcc_s.so.1</arg>
  <arg>0x2b3ce13f8000</arg>
  <arg>0x2b3ce140f41f</arg>
  <severity>INFO</severity>
  <timestamp>Wed Nov 29 11:38:34 2017</timestamp>
</msg>
<msg id="12" tool="tc">
  <type>LOAD_MODULE</type>
  <arg>/usr/lib64/libpthread.so.0</arg>
  <arg>0x2b3ce17d1000</arg>
  <arg>0x2b3ce19ec45f</arg>
  <severity>INFO</severity>
  <timestamp>Wed Nov 29 11:38:34 2017</timestamp>
</msg>
<msg id="13" tool="tc">
  <type>LOAD_MODULE</type>
  <arg>/usr/lib64/libc.so.6</arg>
  <arg>0x2b3ce19ed000</arg>
  <arg>0x2b3ce1dad1ff</arg>
  <severity>INFO</severity>
  <timestamp>Wed Nov 29 11:38:34 2017</timestamp>
</msg>
<msg id="14" tool="tc">
  <type>LOAD_MODULE</type>
  <arg>/usr/lib64/libdl.so.2</arg>
  <arg>0x2b3ce1dae000</arg>
  <arg>0x2b3ce1fb112f</arg>
  <severity>INFO</severity>
  <timestamp>Wed Nov 29 11:38:34 2017</timestamp>
</msg>
<msg id="15" tool="tc">
  <type>HEARTBEAT</type>
  <arg>28809</arg>
  <arg>0</arg>
  <arg>12744</arg>
  <severity>INFO</severity>
  <timestamp>Wed Nov 29 11:38:34 2017</timestamp>
</msg>
<msg id="16" tool="tc">
  <type>LOAD_MODULE</type>
  <arg>/usr/local/software/jureca/Stages/2017b/software/Inspector/2018/inspector_2018.1.0.522981/lib64/runtime/libittnotify.so</arg>
  <arg>0x2b3ce3de8000</arg>
  <arg>0x2b3ce3ff389f</arg>
  <severity>INFO</severity>
  <timestamp>Wed Nov 29 11:38:34 2017</timestamp>
</msg>
<msg id="17" tool="tc">
  <type>THREADNAME</type>
  <arg>28809</arg>
  <arg>OMP Master Thread #0</arg>
  <severity>INFO</severity>
  <timestamp>Wed Nov 29 11:38:35 2017</timestamp>
</msg>
<msg id="18" tool="tc">
  <type>HEARTBEAT</type>
  <arg>28809</arg>
  <arg>0</arg>
  <arg>29453</arg>
  <severity>INFO</severity>
  <timestamp>Wed Nov 29 11:38:35 2017</timestamp>
</msg>
<msg id="19" tool="tc">
  <type>THREADNAME</type>
  <arg>28905</arg>
  <arg>OMP Worker Thread #25</arg>
  <severity>INFO</severity>
  <timestamp>Wed Nov 29 11:38:36 2017</timestamp>
</msg>
<msg id="20" tool="tc">
  <type>THREADNAME</type>
  <arg>28904</arg>
  <arg>OMP Worker Thread #24</arg>
  <severity>INFO</severity>
  <timestamp>Wed Nov 29 11:38:36 2017</timestamp>
</msg>
<msg id="21" tool="tc">
  <type>THREADNAME</type>
  <arg>28903</arg>
  <arg>OMP Worker Thread #23</arg>
  <severity>INFO</severity>
  <timestamp>Wed Nov 29 11:38:36 2017</timestamp>
</msg>
<msg id="22" tool="tc">
  <type>THREADNAME</type>
  <arg>28902</arg>
  <arg>OMP Worker Thread #22</arg>
  <severity>INFO</severity>
  <timestamp>Wed Nov 29 11:38:36 2017</timestamp>
</msg>
<msg id="23" tool="tc">
  <type>THREADNAME</type>
  <arg>28900</arg>
  <arg>OMP Worker Thread #21</arg>
  <severity>INFO</severity>
  <timestamp>Wed Nov 29 11:38:36 2017</timestamp>
</msg>
<msg id="24" tool="tc">
  <type>THREADNAME</type>
  <arg>28899</arg>
  <arg>OMP Worker Thread #20</arg>
  <severity>INFO</severity>
  <timestamp>Wed Nov 29 11:38:36 2017</timestamp>
</msg>
<msg id="25" tool="tc">
  <type>THREADNAME</type>
  <arg>28898</arg>
  <arg>OMP Worker Thread #19</arg>
  <severity>INFO</severity>
  <timestamp>Wed Nov 29 11:38:36 2017</timestamp>
</msg>
<msg id="26" tool="tc">
  <type>THREADNAME</type>
  <arg>28897</arg>
  <arg>OMP Worker Thread #18</arg>
  <severity>INFO</severity>
  <timestamp>Wed Nov 29 11:38:36 2017</timestamp>
</msg>
<msg id="27" tool="tc">
  <type>THREADNAME</type>
  <arg>28896</arg>
  <arg>OMP Worker Thread #17</arg>
  <severity>INFO</severity>
  <timestamp>Wed Nov 29 11:38:36 2017</timestamp>
</msg>
<msg id="28" tool="tc">
  <type>THREADNAME</type>
  <arg>28895</arg>
  <arg>OMP Worker Thread #16</arg>
  <severity>INFO</severity>
  <timestamp>Wed Nov 29 11:38:36 2017</timestamp>
</msg>
<msg id="29" tool="tc">
  <type>THREADNAME</type>
  <arg>28894</arg>
  <arg>OMP Worker Thread #15</arg>
  <severity>INFO</severity>
  <timestamp>Wed Nov 29 11:38:36 2017</timestamp>
</msg>
<msg id="30" tool="tc">
  <type>THREADNAME</type>
  <arg>28893</arg>
  <arg>OMP Worker Thread #14</arg>
  <severity>INFO</severity>
  <timestamp>Wed Nov 29 11:38:36 2017</timestamp>
</msg>
<msg id="31" tool="tc">
  <type>THREADNAME</type>
  <arg>28892</arg>
  <arg>OMP Worker Thread #13</arg>
  <severity>INFO</severity>
  <timestamp>Wed Nov 29 11:38:36 2017</timestamp>
</msg>
<msg id="32" tool="tc">
  <type>THREADNAME</type>
  <arg>28891</arg>
  <arg>OMP Worker Thread #12</arg>
  <severity>INFO</severity>
  <timestamp>Wed Nov 29 11:38:36 2017</timestamp>
</msg>
<msg id="33" tool="tc">
  <type>THREADNAME</type>
  <arg>28890</arg>
  <arg>OMP Worker Thread #11</arg>
  <severity>INFO</severity>
  <timestamp>Wed Nov 29 11:38:36 2017</timestamp>
</msg>
<msg id="34" tool="tc">
  <type>THREADNAME</type>
  <arg>28889</arg>
  <arg>OMP Worker Thread #10</arg>
  <severity>INFO</severity>
  <timestamp>Wed Nov 29 11:38:36 2017</timestamp>
</msg>
<msg id="35" tool="tc">
  <type>THREADNAME</type>
  <arg>28888</arg>
  <arg>OMP Worker Thread #9</arg>
  <severity>INFO</severity>
  <timestamp>Wed Nov 29 11:38:36 2017</timestamp>
</msg>
<msg id="36" tool="tc">
  <type>THREADNAME</type>
  <arg>28887</arg>
  <arg>OMP Worker Thread #8</arg>
  <severity>INFO</severity>
  <timestamp>Wed Nov 29 11:38:36 2017</timestamp>
</msg>
<msg id="37" tool="tc">
  <type>THREADNAME</type>
  <arg>28886</arg>
  <arg>OMP Worker Thread #7</arg>
  <severity>INFO</severity>
  <timestamp>Wed Nov 29 11:38:36 2017</timestamp>
</msg>
<msg id="38" tool="tc">
  <type>THREADNAME</type>
  <arg>28883</arg>
  <arg>OMP Worker Thread #6</arg>
  <severity>INFO</severity>
  <timestamp>Wed Nov 29 11:38:36 2017</timestamp>
</msg>
<msg id="39" tool="tc">
  <type>THREADNAME</type>
  <arg>28882</arg>
  <arg>OMP Worker Thread #5</arg>
  <severity>INFO</severity>
  <timestamp>Wed Nov 29 11:38:36 2017</timestamp>
</msg>
<msg id="40" tool="tc">
  <type>THREADNAME</type>
  <arg>28881</arg>
  <arg>OMP Worker Thread #4</arg>
  <severity>INFO</severity>
  <timestamp>Wed Nov 29 11:38:36 2017</timestamp>
</msg>
<msg id="41" tool="tc">
  <type>THREADNAME</type>
  <arg>28880</arg>
  <arg>OMP Worker Thread #3</arg>
  <severity>INFO</severity>
  <timestamp>Wed Nov 29 11:38:36 2017</timestamp>
</msg>
<msg id="42" tool="tc">
  <type>THREADNAME</type>
  <arg>28879</arg>
  <arg>OMP Worker Thread #2</arg>
  <severity>INFO</severity>
  <timestamp>Wed Nov 29 11:38:36 2017</timestamp>
</msg>
<msg id="43" tool="tc">
  <type>THREADNAME</type>
  <arg>28878</arg>
  <arg>OMP Worker Thread #1</arg>
  <severity>INFO</severity>
  <timestamp>Wed Nov 29 11:38:36 2017</timestamp>
</msg>
<msg id="44" tool="tc">
  <type>HEARTBEAT</type>
  <arg>28906,28905,28904,28903,28902,28900,28899,28898,28897,28896,28895,28894,28893,28892,28891,28890,28889,28888,28887,28886,28883,28882,28881,28880,28879,28878,28809</arg>
  <arg>0,1,1,1,1,1,1,1,1,1,1,1,1,1,1,1,1,1,1,1,1,1,1,1,1,1,1</arg>
  <arg>4,121,122,121,122,121,122,125,142,1356,172,123,121,122,123,121,122,132,122,123,121,122,123,124,172,178,2846</arg>
  <severity>INFO</severity>
  <timestamp>Wed Nov 29 11:38:36 2017</timestamp>
</msg>
<msg id="45" tool="tc">
  <type>CTSA_NO_STACK</type>
  <severity>WARNING</severity>
  <timestamp>Wed Nov 29 11:38:37 2017</timestamp>
</msg>
<msg id="46" tool="tc">
  <type>THREADNAME</type>
  <arg>28927</arg>
  <arg>OMP Worker Thread #47</arg>
  <severity>INFO</severity>
  <timestamp>Wed Nov 29 11:38:37 2017</timestamp>
</msg>
<msg id="47" tool="tc">
  <type>THREADNAME</type>
  <arg>28926</arg>
  <arg>OMP Worker Thread #46</arg>
  <severity>INFO</severity>
  <timestamp>Wed Nov 29 11:38:37 2017</timestamp>
</msg>
<msg id="48" tool="tc">
  <type>THREADNAME</type>
  <arg>28925</arg>
  <arg>OMP Worker Thread #45</arg>
  <severity>INFO</severity>
  <timestamp>Wed Nov 29 11:38:37 2017</timestamp>
</msg>
<msg id="49" tool="tc">
  <type>THREADNAME</type>
  <arg>28924</arg>
  <arg>OMP Worker Thread #44</arg>
  <severity>INFO</severity>
  <timestamp>Wed Nov 29 11:38:37 2017</timestamp>
</msg>
<msg id="50" tool="tc">
  <type>THREADNAME</type>
  <arg>28923</arg>
  <arg>OMP Worker Thread #43</arg>
  <severity>INFO</severity>
  <timestamp>Wed Nov 29 11:38:37 2017</timestamp>
</msg>
<msg id="51" tool="tc">
  <type>THREADNAME</type>
  <arg>28922</arg>
  <arg>OMP Worker Thread #42</arg>
  <severity>INFO</severity>
  <timestamp>Wed Nov 29 11:38:37 2017</timestamp>
</msg>
<msg id="52" tool="tc">
  <type>THREADNAME</type>
  <arg>28921</arg>
  <arg>OMP Worker Thread #41</arg>
  <severity>INFO</severity>
  <timestamp>Wed Nov 29 11:38:37 2017</timestamp>
</msg>
<msg id="53" tool="tc">
  <type>THREADNAME</type>
  <arg>28920</arg>
  <arg>OMP Worker Thread #40</arg>
  <severity>INFO</severity>
  <timestamp>Wed Nov 29 11:38:37 2017</timestamp>
</msg>
<msg id="54" tool="tc">
  <type>THREADNAME</type>
  <arg>28919</arg>
  <arg>OMP Worker Thread #39</arg>
  <severity>INFO</severity>
  <timestamp>Wed Nov 29 11:38:37 2017</timestamp>
</msg>
<msg id="55" tool="tc">
  <type>THREADNAME</type>
  <arg>28918</arg>
  <arg>OMP Worker Thread #38</arg>
  <severity>INFO</severity>
  <timestamp>Wed Nov 29 11:38:37 2017</timestamp>
</msg>
<msg id="56" tool="tc">
  <type>THREADNAME</type>
  <arg>28917</arg>
  <arg>OMP Worker Thread #37</arg>
  <severity>INFO</severity>
  <timestamp>Wed Nov 29 11:38:37 2017</timestamp>
</msg>
<msg id="57" tool="tc">
  <type>THREADNAME</type>
  <arg>28916</arg>
  <arg>OMP Worker Thread #36</arg>
  <severity>INFO</severity>
  <timestamp>Wed Nov 29 11:38:37 2017</timestamp>
</msg>
<msg id="58" tool="tc">
  <type>THREADNAME</type>
  <arg>28915</arg>
  <arg>OMP Worker Thread #35</arg>
  <severity>INFO</severity>
  <timestamp>Wed Nov 29 11:38:37 2017</timestamp>
</msg>
<msg id="59" tool="tc">
  <type>THREADNAME</type>
  <arg>28914</arg>
  <arg>OMP Worker Thread #34</arg>
  <severity>INFO</severity>
  <timestamp>Wed Nov 29 11:38:37 2017</timestamp>
</msg>
<msg id="60" tool="tc">
  <type>THREADNAME</type>
  <arg>28913</arg>
  <arg>OMP Worker Thread #33</arg>
  <severity>INFO</severity>
  <timestamp>Wed Nov 29 11:38:37 2017</timestamp>
</msg>
<msg id="61" tool="tc">
  <type>THREADNAME</type>
  <arg>28912</arg>
  <arg>OMP Worker Thread #32</arg>
  <severity>INFO</severity>
  <timestamp>Wed Nov 29 11:38:37 2017</timestamp>
</msg>
<msg id="62" tool="tc">
  <type>THREADNAME</type>
  <arg>28911</arg>
  <arg>OMP Worker Thread #31</arg>
  <severity>INFO</severity>
  <timestamp>Wed Nov 29 11:38:37 2017</timestamp>
</msg>
<msg id="63" tool="tc">
  <type>THREADNAME</type>
  <arg>28910</arg>
  <arg>OMP Worker Thread #30</arg>
  <severity>INFO</severity>
  <timestamp>Wed Nov 29 11:38:37 2017</timestamp>
</msg>
<msg id="64" tool="tc">
  <type>THREADNAME</type>
  <arg>28909</arg>
  <arg>OMP Worker Thread #29</arg>
  <severity>INFO</severity>
  <timestamp>Wed Nov 29 11:38:37 2017</timestamp>
</msg>
<msg id="65" tool="tc">
  <type>THREADNAME</type>
  <arg>28908</arg>
  <arg>OMP Worker Thread #28</arg>
  <severity>INFO</severity>
  <timestamp>Wed Nov 29 11:38:37 2017</timestamp>
</msg>
<msg id="66" tool="tc">
  <type>THREADNAME</type>
  <arg>28907</arg>
  <arg>OMP Worker Thread #27</arg>
  <severity>INFO</severity>
  <timestamp>Wed Nov 29 11:38:37 2017</timestamp>
</msg>
<msg id="67" tool="tc">
  <type>THREADNAME</type>
  <arg>28906</arg>
  <arg>OMP Worker Thread #26</arg>
  <severity>INFO</severity>
  <timestamp>Wed Nov 29 11:38:37 2017</timestamp>
</msg>
<msg id="68" tool="tc">
  <type>HEARTBEAT</type>
  <arg>28927,28926,28925,28924,28923,28922,28921,28920,28919,28918,28917,28916,28915,28914,28913,28912,28911,28910,28909,28908,28907,28906,28905,28904,28903,28902,28900,28899,28898,28897,28896,28895,28894,28893,28892,28891,28890,28889,28888,28887,28886,28883,28882,28881,28880,28879,28878,28809</arg>
  <arg>1,1,1,1,1,1,1,1,1,1,1,1,1,1,1,1,1,1,1,1,1,1,1,1,1,1,1,1,1,1,1,1,1,1,1,1,1,1,1,1,1,1,1,1,1,1,0,1</arg>
  <arg>382,637,385,933,500,646,298,936,423,535,385,756,405,538,359,1339,315,641,319,561,327,398,207,880,487,407,167,1547,385,700,454,938,398,461,462,1019,188,506,365,479,367,411,364,591,345,647,393,4975</arg>
  <severity>INFO</severity>
  <timestamp>Wed Nov 29 11:38:37 2017</timestamp>
</msg>
<msg id="69" tool="tc">
  <type>UNLOAD_MODULE</type>
  <arg>/homea/hpclab/train198/uebungen/ue_11/mxv_serial.exe</arg>
  <severity>INFO</severity>
  <timestamp>Wed Nov 29 11:38:38 2017</timestamp>
</msg>
<msg id="70" tool="tc">
  <type>UNLOAD_MODULE</type>
  <arg>/lib64/ld-linux-x86-64.so.2</arg>
  <severity>INFO</severity>
  <timestamp>Wed Nov 29 11:38:38 2017</timestamp>
</msg>
<msg id="71" tool="tc">
  <type>UNLOAD_MODULE</type>
  <arg>[vdso]</arg>
  <severity>INFO</severity>
  <timestamp>Wed Nov 29 11:38:38 2017</timestamp>
</msg>
<msg id="72" tool="tc">
  <type>UNLOAD_MODULE</type>
  <arg>/usr/lib64/libm.so.6</arg>
  <severity>INFO</severity>
  <timestamp>Wed Nov 29 11:38:38 2017</timestamp>
</msg>
<msg id="73" tool="tc">
  <type>UNLOAD_MODULE</type>
  <arg>/usr/local/software/jureca/Stages/2017b/software/imkl/2018.1.163-ipsmpi-2017b.1/lib/intel64/libiomp5.so</arg>
  <severity>INFO</severity>
  <timestamp>Wed Nov 29 11:38:38 2017</timestamp>
</msg>
<msg id="74" tool="tc">
  <type>UNLOAD_MODULE</type>
  <arg>/usr/local/software/jureca/Stages/2017b/software/GCCcore/5.4.0/lib64/libgcc_s.so.1</arg>
  <severity>INFO</severity>
  <timestamp>Wed Nov 29 11:38:38 2017</timestamp>
</msg>
<msg id="75" tool="tc">
  <type>UNLOAD_MODULE</type>
  <arg>/usr/lib64/libpthread.so.0</arg>
  <severity>INFO</severity>
  <timestamp>Wed Nov 29 11:38:38 2017</timestamp>
</msg>
<msg id="76" tool="tc">
  <type>UNLOAD_MODULE</type>
  <arg>/usr/lib64/libc.so.6</arg>
  <severity>INFO</severity>
  <timestamp>Wed Nov 29 11:38:38 2017</timestamp>
</msg>
<msg id="77" tool="tc">
  <type>UNLOAD_MODULE</type>
  <arg>/usr/lib64/libdl.so.2</arg>
  <severity>INFO</severity>
  <timestamp>Wed Nov 29 11:38:38 2017</timestamp>
</msg>
<msg id="78" tool="tc">
  <type>UNLOAD_MODULE</type>
  <arg>/usr/local/software/jureca/Stages/2017b/software/Inspector/2018/inspector_2018.1.0.522981/lib64/runtime/libittnotify.so</arg>
  <severity>INFO</severity>
  <timestamp>Wed Nov 29 11:38:38 2017</timestamp>
</msg>
<msg id="79" tool="tc">
  <type>PROCESS_TERMINATE</type>
  <arg>/homea/hpclab/train198/uebungen/ue_11/mxv_serial.exe</arg>
  <arg>28809</arg>
  <severity>INFO</severity>
  <timestamp>Wed Nov 29 11:38:38 2017</timestamp>
</msg>
<msg id="80" tool="tc">
  <type>ANALYSIS_COMPLETE</type>
  <severity>INFO</severity>
  <timestamp>Wed Nov 29 11:38:38 2017</timestamp>
</msg>
<msg id="81" tool="tc">
  <type>STOP</type>
  <severity>INFO</severity>
  <timestamp>Wed Nov 29 11:38:38 2017</timestamp>
</msg>
<msg id="82" tool="runtool">
  <type>app-exit-code</type>
  <arg>0</arg>
</msg>
<msg id="83" tool="runtool">
  <type>marker-file</type>
  <arg>/homea/hpclab/train198/uebungen/ue_11/mxv-serial/r000ti3/r000ti3.inspxe</arg>
</msg>
<msg id="84" tool="runtool">
  <type>collector-done</type>
</msg>
<msg id="85" tool="runtool">
  <type>log-end</type>
  <arg>2017/11/29 11:38:42</arg>
</msg>

</log>

