<?xml version="1.0" encoding="utf-8" ?>
<!-- DO NOT EDIT THIS FILE -->

<log version='2.0' source='tcet'>
	<!-- Sampling enabled with the following: -->
	<!--     Budget                              5: -->
	<!--     Overdraft Budget                   75: -->
	<!--     Savings Budget                      2: -->
	<!-- Opened annotation file /usr/local/software/jureca/Stages/2017b/software/Inspector/2018/inspector_2018.1.0.522981/lib64/../config/tc/qt.ant -->
	<!-- Opened annotation file /usr/local/software/jureca/Stages/2017b/software/Inspector/2018/inspector_2018.1.0.522981/lib64/../config/tc/cpp11.ant -->
	<!-- Opened annotation file /usr/local/software/jureca/Stages/2017b/software/Inspector/2018/inspector_2018.1.0.522981/lib64/../config/tc/fortran.ant -->
	<!-- Opened annotation file /usr/local/software/jureca/Stages/2017b/software/Inspector/2018/inspector_2018.1.0.522981/lib64/../config/tc/icl.ant -->
	<!-- Opened annotation file /usr/local/software/jureca/Stages/2017b/software/Inspector/2018/inspector_2018.1.0.522981/lib64/../config/tc/allocators.ant -->
	<msg id='1' display='false' source='tccore'>
		<type>START</type>
		<severity>INFO</severity>
		<timestamp>Wed Nov 29 11:38:33 2017</timestamp>
	</msg>
	<!-- Successfully loaded CCRT 13.1.6 at address 0x2b3ccd2a0000 - 0x2b3ccd2a9000 -->
	<!-- Successfully loaded the TC Analysis Core 8.1.15 at address 0x2b3cdfc26000 - 0x2b3cdfc59000 -->
	<!-- Successfully loaded the TC Instrumentation Engine 8.1.15 at address 0x2b3cccbe8000 - 0x2b3ccce3d000 -->
	<!-- This is the instance of interest -->
	<msg id='2' source='tcet'>
		<type>EXEC_OF_INTEREST</type>
		<severity>INFO</severity>
		<timestamp>Wed Nov 29 11:38:33 2017</timestamp>
		<arg name='process'>/homea/hpclab/train198/uebungen/ue_11/mxv_serial.exe</arg>
		<arg name='pid'>28809</arg>
	</msg>
	<msg id='3' source='tcet'>
		<type>LOAD_MODULE</type>
		<severity>INFO</severity>
		<timestamp>Wed Nov 29 11:38:33 2017</timestamp>
		<arg name='module'>/homea/hpclab/train198/uebungen/ue_11/mxv_serial.exe</arg>
		<arg name='basement'>0x400000</arg>
		<arg name='ceiling'>0x6021af</arg>
	</msg>
	<msg id='4' source='tcet'>
		<type>LOAD_MODULE</type>
		<severity>INFO</severity>
		<timestamp>Wed Nov 29 11:38:33 2017</timestamp>
		<arg name='module'>/lib64/ld-linux-x86-64.so.2</arg>
		<arg name='basement'>0x2b3ccbdb8000</arg>
		<arg name='ceiling'>0x2b3ccbfda14f</arg>
	</msg>
	<msg id='5' source='tcet'>
		<type>LOAD_MODULE</type>
		<severity>INFO</severity>
		<timestamp>Wed Nov 29 11:38:33 2017</timestamp>
		<arg name='module'>[vdso]</arg>
		<arg name='basement'>0x7ffc6f9d0000</arg>
		<arg name='ceiling'>0x7ffc6f9d0fdc</arg>
	</msg>
	<msg id='6' source='tcet'>
		<type>LOAD_MODULE</type>
		<severity>INFO</severity>
		<timestamp>Wed Nov 29 11:38:34 2017</timestamp>
		<arg name='module'>/usr/lib64/libm.so.6</arg>
		<arg name='basement'>0x2b3ce1096000</arg>
		<arg name='ceiling'>0x2b3ce1397147</arg>
	</msg>
	<msg id='7' source='tcet'>
		<type>LOAD_MODULE</type>
		<severity>INFO</severity>
		<timestamp>Wed Nov 29 11:38:34 2017</timestamp>
		<arg name='module'>/usr/local/software/jureca/Stages/2017b/software/imkl/2018.1.163-ipsmpi-2017b.1/lib/intel64/libiomp5.so</arg>
		<arg name='basement'>0x2b3ce1418000</arg>
		<arg name='ceiling'>0x2b3ce17d0c7f</arg>
	</msg>
	<msg id='8' source='tcet'>
		<type>LOAD_MODULE</type>
		<severity>INFO</severity>
		<timestamp>Wed Nov 29 11:38:34 2017</timestamp>
		<arg name='module'>/usr/local/software/jureca/Stages/2017b/software/GCCcore/5.4.0/lib64/libgcc_s.so.1</arg>
		<arg name='basement'>0x2b3ce13f8000</arg>
		<arg name='ceiling'>0x2b3ce140f41f</arg>
	</msg>
	<msg id='9' source='tcet'>
		<type>LOAD_MODULE</type>
		<severity>INFO</severity>
		<timestamp>Wed Nov 29 11:38:34 2017</timestamp>
		<arg name='module'>/usr/lib64/libpthread.so.0</arg>
		<arg name='basement'>0x2b3ce17d1000</arg>
		<arg name='ceiling'>0x2b3ce19ec45f</arg>
	</msg>
	<msg id='10' source='tcet'>
		<type>LOAD_MODULE</type>
		<severity>INFO</severity>
		<timestamp>Wed Nov 29 11:38:34 2017</timestamp>
		<arg name='module'>/usr/lib64/libc.so.6</arg>
		<arg name='basement'>0x2b3ce19ed000</arg>
		<arg name='ceiling'>0x2b3ce1dad1ff</arg>
	</msg>
	<msg id='11' source='tcet'>
		<type>LOAD_MODULE</type>
		<severity>INFO</severity>
		<timestamp>Wed Nov 29 11:38:34 2017</timestamp>
		<arg name='module'>/usr/lib64/libdl.so.2</arg>
		<arg name='basement'>0x2b3ce1dae000</arg>
		<arg name='ceiling'>0x2b3ce1fb112f</arg>
	</msg>
	<msg id='12' display='false' source='tcet'>
		<type>HEARTBEAT</type>
		<severity>INFO</severity>
		<timestamp>Wed Nov 29 11:38:34 2017</timestamp>
		<arg name='tids'>28809</arg>
		<arg name='syscalls'>0</arg>
		<arg name='calls'>12744</arg>
	</msg>
	<msg id='13' source='tcet'>
		<type>LOAD_MODULE</type>
		<severity>INFO</severity>
		<timestamp>Wed Nov 29 11:38:34 2017</timestamp>
		<arg name='module'>/usr/local/software/jureca/Stages/2017b/software/Inspector/2018/inspector_2018.1.0.522981/lib64/runtime/libittnotify.so</arg>
		<arg name='basement'>0x2b3ce3de8000</arg>
		<arg name='ceiling'>0x2b3ce3ff389f</arg>
	</msg>
	<msg id='14' display='false' source='tcet'>
		<type>THREADNAME</type>
		<severity>INFO</severity>
		<timestamp>Wed Nov 29 11:38:35 2017</timestamp>
		<arg name='tid'>28809</arg>
		<arg name='name'>OMP Master Thread #0</arg>
	</msg>
	<msg id='15' display='false' source='tcet'>
		<type>HEARTBEAT</type>
		<severity>INFO</severity>
		<timestamp>Wed Nov 29 11:38:35 2017</timestamp>
		<arg name='tids'>28809</arg>
		<arg name='syscalls'>0</arg>
		<arg name='calls'>29453</arg>
	</msg>
	<msg id='16' display='false' source='tcet'>
		<type>THREADNAME</type>
		<severity>INFO</severity>
		<timestamp>Wed Nov 29 11:38:36 2017</timestamp>
		<arg name='tid'>28905</arg>
		<arg name='name'>OMP Worker Thread #25</arg>
	</msg>
	<msg id='17' display='false' source='tcet'>
		<type>THREADNAME</type>
		<severity>INFO</severity>
		<timestamp>Wed Nov 29 11:38:36 2017</timestamp>
		<arg name='tid'>28904</arg>
		<arg name='name'>OMP Worker Thread #24</arg>
	</msg>
	<msg id='18' display='false' source='tcet'>
		<type>THREADNAME</type>
		<severity>INFO</severity>
		<timestamp>Wed Nov 29 11:38:36 2017</timestamp>
		<arg name='tid'>28903</arg>
		<arg name='name'>OMP Worker Thread #23</arg>
	</msg>
	<msg id='19' display='false' source='tcet'>
		<type>THREADNAME</type>
		<severity>INFO</severity>
		<timestamp>Wed Nov 29 11:38:36 2017</timestamp>
		<arg name='tid'>28902</arg>
		<arg name='name'>OMP Worker Thread #22</arg>
	</msg>
	<msg id='20' display='false' source='tcet'>
		<type>THREADNAME</type>
		<severity>INFO</severity>
		<timestamp>Wed Nov 29 11:38:36 2017</timestamp>
		<arg name='tid'>28900</arg>
		<arg name='name'>OMP Worker Thread #21</arg>
	</msg>
	<msg id='21' display='false' source='tcet'>
		<type>THREADNAME</type>
		<severity>INFO</severity>
		<timestamp>Wed Nov 29 11:38:36 2017</timestamp>
		<arg name='tid'>28899</arg>
		<arg name='name'>OMP Worker Thread #20</arg>
	</msg>
	<msg id='22' display='false' source='tcet'>
		<type>THREADNAME</type>
		<severity>INFO</severity>
		<timestamp>Wed Nov 29 11:38:36 2017</timestamp>
		<arg name='tid'>28898</arg>
		<arg name='name'>OMP Worker Thread #19</arg>
	</msg>
	<msg id='23' display='false' source='tcet'>
		<type>THREADNAME</type>
		<severity>INFO</severity>
		<timestamp>Wed Nov 29 11:38:36 2017</timestamp>
		<arg name='tid'>28897</arg>
		<arg name='name'>OMP Worker Thread #18</arg>
	</msg>
	<msg id='24' display='false' source='tcet'>
		<type>THREADNAME</type>
		<severity>INFO</severity>
		<timestamp>Wed Nov 29 11:38:36 2017</timestamp>
		<arg name='tid'>28896</arg>
		<arg name='name'>OMP Worker Thread #17</arg>
	</msg>
	<msg id='25' display='false' source='tcet'>
		<type>THREADNAME</type>
		<severity>INFO</severity>
		<timestamp>Wed Nov 29 11:38:36 2017</timestamp>
		<arg name='tid'>28895</arg>
		<arg name='name'>OMP Worker Thread #16</arg>
	</msg>
	<msg id='26' display='false' source='tcet'>
		<type>THREADNAME</type>
		<severity>INFO</severity>
		<timestamp>Wed Nov 29 11:38:36 2017</timestamp>
		<arg name='tid'>28894</arg>
		<arg name='name'>OMP Worker Thread #15</arg>
	</msg>
	<msg id='27' display='false' source='tcet'>
		<type>THREADNAME</type>
		<severity>INFO</severity>
		<timestamp>Wed Nov 29 11:38:36 2017</timestamp>
		<arg name='tid'>28893</arg>
		<arg name='name'>OMP Worker Thread #14</arg>
	</msg>
	<msg id='28' display='false' source='tcet'>
		<type>THREADNAME</type>
		<severity>INFO</severity>
		<timestamp>Wed Nov 29 11:38:36 2017</timestamp>
		<arg name='tid'>28892</arg>
		<arg name='name'>OMP Worker Thread #13</arg>
	</msg>
	<msg id='29' display='false' source='tcet'>
		<type>THREADNAME</type>
		<severity>INFO</severity>
		<timestamp>Wed Nov 29 11:38:36 2017</timestamp>
		<arg name='tid'>28891</arg>
		<arg name='name'>OMP Worker Thread #12</arg>
	</msg>
	<msg id='30' display='false' source='tcet'>
		<type>THREADNAME</type>
		<severity>INFO</severity>
		<timestamp>Wed Nov 29 11:38:36 2017</timestamp>
		<arg name='tid'>28890</arg>
		<arg name='name'>OMP Worker Thread #11</arg>
	</msg>
	<msg id='31' display='false' source='tcet'>
		<type>THREADNAME</type>
		<severity>INFO</severity>
		<timestamp>Wed Nov 29 11:38:36 2017</timestamp>
		<arg name='tid'>28889</arg>
		<arg name='name'>OMP Worker Thread #10</arg>
	</msg>
	<msg id='32' display='false' source='tcet'>
		<type>THREADNAME</type>
		<severity>INFO</severity>
		<timestamp>Wed Nov 29 11:38:36 2017</timestamp>
		<arg name='tid'>28888</arg>
		<arg name='name'>OMP Worker Thread #9</arg>
	</msg>
	<msg id='33' display='false' source='tcet'>
		<type>THREADNAME</type>
		<severity>INFO</severity>
		<timestamp>Wed Nov 29 11:38:36 2017</timestamp>
		<arg name='tid'>28887</arg>
		<arg name='name'>OMP Worker Thread #8</arg>
	</msg>
	<msg id='34' display='false' source='tcet'>
		<type>THREADNAME</type>
		<severity>INFO</severity>
		<timestamp>Wed Nov 29 11:38:36 2017</timestamp>
		<arg name='tid'>28886</arg>
		<arg name='name'>OMP Worker Thread #7</arg>
	</msg>
	<msg id='35' display='false' source='tcet'>
		<type>THREADNAME</type>
		<severity>INFO</severity>
		<timestamp>Wed Nov 29 11:38:36 2017</timestamp>
		<arg name='tid'>28883</arg>
		<arg name='name'>OMP Worker Thread #6</arg>
	</msg>
	<msg id='36' display='false' source='tcet'>
		<type>THREADNAME</type>
		<severity>INFO</severity>
		<timestamp>Wed Nov 29 11:38:36 2017</timestamp>
		<arg name='tid'>28882</arg>
		<arg name='name'>OMP Worker Thread #5</arg>
	</msg>
	<msg id='37' display='false' source='tcet'>
		<type>THREADNAME</type>
		<severity>INFO</severity>
		<timestamp>Wed Nov 29 11:38:36 2017</timestamp>
		<arg name='tid'>28881</arg>
		<arg name='name'>OMP Worker Thread #4</arg>
	</msg>
	<msg id='38' display='false' source='tcet'>
		<type>THREADNAME</type>
		<severity>INFO</severity>
		<timestamp>Wed Nov 29 11:38:36 2017</timestamp>
		<arg name='tid'>28880</arg>
		<arg name='name'>OMP Worker Thread #3</arg>
	</msg>
	<msg id='39' display='false' source='tcet'>
		<type>THREADNAME</type>
		<severity>INFO</severity>
		<timestamp>Wed Nov 29 11:38:36 2017</timestamp>
		<arg name='tid'>28879</arg>
		<arg name='name'>OMP Worker Thread #2</arg>
	</msg>
	<msg id='40' display='false' source='tcet'>
		<type>THREADNAME</type>
		<severity>INFO</severity>
		<timestamp>Wed Nov 29 11:38:36 2017</timestamp>
		<arg name='tid'>28878</arg>
		<arg name='name'>OMP Worker Thread #1</arg>
	</msg>
	<msg id='41' display='false' source='tcet'>
		<type>HEARTBEAT</type>
		<severity>INFO</severity>
		<timestamp>Wed Nov 29 11:38:36 2017</timestamp>
		<arg name='tids'>28906,28905,28904,28903,28902,28900,28899,28898,28897,28896,28895,28894,28893,28892,28891,28890,28889,28888,28887,28886,28883,28882,28881,28880,28879,28878,28809</arg>
		<arg name='syscalls'>0,1,1,1,1,1,1,1,1,1,1,1,1,1,1,1,1,1,1,1,1,1,1,1,1,1,1</arg>
		<arg name='calls'>4,121,122,121,122,121,122,125,142,1356,172,123,121,122,123,121,122,132,122,123,121,122,123,124,172,178,2846</arg>
	</msg>
	<msg id='42' source='tccore'>
		<type>CTSA_NO_STACK</type>
		<severity>WARNING</severity>
		<timestamp>Wed Nov 29 11:38:37 2017</timestamp>
	</msg>
	<msg id='43' display='false' source='tcet'>
		<type>THREADNAME</type>
		<severity>INFO</severity>
		<timestamp>Wed Nov 29 11:38:37 2017</timestamp>
		<arg name='tid'>28927</arg>
		<arg name='name'>OMP Worker Thread #47</arg>
	</msg>
	<msg id='44' display='false' source='tcet'>
		<type>THREADNAME</type>
		<severity>INFO</severity>
		<timestamp>Wed Nov 29 11:38:37 2017</timestamp>
		<arg name='tid'>28926</arg>
		<arg name='name'>OMP Worker Thread #46</arg>
	</msg>
	<msg id='45' display='false' source='tcet'>
		<type>THREADNAME</type>
		<severity>INFO</severity>
		<timestamp>Wed Nov 29 11:38:37 2017</timestamp>
		<arg name='tid'>28925</arg>
		<arg name='name'>OMP Worker Thread #45</arg>
	</msg>
	<msg id='46' display='false' source='tcet'>
		<type>THREADNAME</type>
		<severity>INFO</severity>
		<timestamp>Wed Nov 29 11:38:37 2017</timestamp>
		<arg name='tid'>28924</arg>
		<arg name='name'>OMP Worker Thread #44</arg>
	</msg>
	<msg id='47' display='false' source='tcet'>
		<type>THREADNAME</type>
		<severity>INFO</severity>
		<timestamp>Wed Nov 29 11:38:37 2017</timestamp>
		<arg name='tid'>28923</arg>
		<arg name='name'>OMP Worker Thread #43</arg>
	</msg>
	<msg id='48' display='false' source='tcet'>
		<type>THREADNAME</type>
		<severity>INFO</severity>
		<timestamp>Wed Nov 29 11:38:37 2017</timestamp>
		<arg name='tid'>28922</arg>
		<arg name='name'>OMP Worker Thread #42</arg>
	</msg>
	<msg id='49' display='false' source='tcet'>
		<type>THREADNAME</type>
		<severity>INFO</severity>
		<timestamp>Wed Nov 29 11:38:37 2017</timestamp>
		<arg name='tid'>28921</arg>
		<arg name='name'>OMP Worker Thread #41</arg>
	</msg>
	<msg id='50' display='false' source='tcet'>
		<type>THREADNAME</type>
		<severity>INFO</severity>
		<timestamp>Wed Nov 29 11:38:37 2017</timestamp>
		<arg name='tid'>28920</arg>
		<arg name='name'>OMP Worker Thread #40</arg>
	</msg>
	<msg id='51' display='false' source='tcet'>
		<type>THREADNAME</type>
		<severity>INFO</severity>
		<timestamp>Wed Nov 29 11:38:37 2017</timestamp>
		<arg name='tid'>28919</arg>
		<arg name='name'>OMP Worker Thread #39</arg>
	</msg>
	<msg id='52' display='false' source='tcet'>
		<type>THREADNAME</type>
		<severity>INFO</severity>
		<timestamp>Wed Nov 29 11:38:37 2017</timestamp>
		<arg name='tid'>28918</arg>
		<arg name='name'>OMP Worker Thread #38</arg>
	</msg>
	<msg id='53' display='false' source='tcet'>
		<type>THREADNAME</type>
		<severity>INFO</severity>
		<timestamp>Wed Nov 29 11:38:37 2017</timestamp>
		<arg name='tid'>28917</arg>
		<arg name='name'>OMP Worker Thread #37</arg>
	</msg>
	<msg id='54' display='false' source='tcet'>
		<type>THREADNAME</type>
		<severity>INFO</severity>
		<timestamp>Wed Nov 29 11:38:37 2017</timestamp>
		<arg name='tid'>28916</arg>
		<arg name='name'>OMP Worker Thread #36</arg>
	</msg>
	<msg id='55' display='false' source='tcet'>
		<type>THREADNAME</type>
		<severity>INFO</severity>
		<timestamp>Wed Nov 29 11:38:37 2017</timestamp>
		<arg name='tid'>28915</arg>
		<arg name='name'>OMP Worker Thread #35</arg>
	</msg>
	<msg id='56' display='false' source='tcet'>
		<type>THREADNAME</type>
		<severity>INFO</severity>
		<timestamp>Wed Nov 29 11:38:37 2017</timestamp>
		<arg name='tid'>28914</arg>
		<arg name='name'>OMP Worker Thread #34</arg>
	</msg>
	<msg id='57' display='false' source='tcet'>
		<type>THREADNAME</type>
		<severity>INFO</severity>
		<timestamp>Wed Nov 29 11:38:37 2017</timestamp>
		<arg name='tid'>28913</arg>
		<arg name='name'>OMP Worker Thread #33</arg>
	</msg>
	<msg id='58' display='false' source='tcet'>
		<type>THREADNAME</type>
		<severity>INFO</severity>
		<timestamp>Wed Nov 29 11:38:37 2017</timestamp>
		<arg name='tid'>28912</arg>
		<arg name='name'>OMP Worker Thread #32</arg>
	</msg>
	<msg id='59' display='false' source='tcet'>
		<type>THREADNAME</type>
		<severity>INFO</severity>
		<timestamp>Wed Nov 29 11:38:37 2017</timestamp>
		<arg name='tid'>28911</arg>
		<arg name='name'>OMP Worker Thread #31</arg>
	</msg>
	<msg id='60' display='false' source='tcet'>
		<type>THREADNAME</type>
		<severity>INFO</severity>
		<timestamp>Wed Nov 29 11:38:37 2017</timestamp>
		<arg name='tid'>28910</arg>
		<arg name='name'>OMP Worker Thread #30</arg>
	</msg>
	<msg id='61' display='false' source='tcet'>
		<type>THREADNAME</type>
		<severity>INFO</severity>
		<timestamp>Wed Nov 29 11:38:37 2017</timestamp>
		<arg name='tid'>28909</arg>
		<arg name='name'>OMP Worker Thread #29</arg>
	</msg>
	<msg id='62' display='false' source='tcet'>
		<type>THREADNAME</type>
		<severity>INFO</severity>
		<timestamp>Wed Nov 29 11:38:37 2017</timestamp>
		<arg name='tid'>28908</arg>
		<arg name='name'>OMP Worker Thread #28</arg>
	</msg>
	<msg id='63' display='false' source='tcet'>
		<type>THREADNAME</type>
		<severity>INFO</severity>
		<timestamp>Wed Nov 29 11:38:37 2017</timestamp>
		<arg name='tid'>28907</arg>
		<arg name='name'>OMP Worker Thread #27</arg>
	</msg>
	<msg id='64' display='false' source='tcet'>
		<type>THREADNAME</type>
		<severity>INFO</severity>
		<timestamp>Wed Nov 29 11:38:37 2017</timestamp>
		<arg name='tid'>28906</arg>
		<arg name='name'>OMP Worker Thread #26</arg>
	</msg>
	<msg id='65' display='false' source='tcet'>
		<type>HEARTBEAT</type>
		<severity>INFO</severity>
		<timestamp>Wed Nov 29 11:38:37 2017</timestamp>
		<arg name='tids'>28927,28926,28925,28924,28923,28922,28921,28920,28919,28918,28917,28916,28915,28914,28913,28912,28911,28910,28909,28908,28907,28906,28905,28904,28903,28902,28900,28899,28898,28897,28896,28895,28894,28893,28892,28891,28890,28889,28888,28887,28886,28883,28882,28881,28880,28879,28878,28809</arg>
		<arg name='syscalls'>1,1,1,1,1,1,1,1,1,1,1,1,1,1,1,1,1,1,1,1,1,1,1,1,1,1,1,1,1,1,1,1,1,1,1,1,1,1,1,1,1,1,1,1,1,1,0,1</arg>
		<arg name='calls'>382,637,385,933,500,646,298,936,423,535,385,756,405,538,359,1339,315,641,319,561,327,398,207,880,487,407,167,1547,385,700,454,938,398,461,462,1019,188,506,365,479,367,411,364,591,345,647,393,4975</arg>
	</msg>
	<!-- Thread 2 effective sampling rate is 401/690 -->
	<!-- Thread 3 effective sampling rate is 363/624 -->
	<!-- Thread 4 effective sampling rate is 402/691 -->
	<!-- Thread 5 effective sampling rate is 408/697 -->
	<!-- Thread 6 effective sampling rate is 402/691 -->
	<!-- Thread 7 effective sampling rate is 405/694 -->
	<!-- Thread 8 effective sampling rate is 401/690 -->
	<!-- Thread 9 effective sampling rate is 408/700 -->
	<!-- Thread 10 effective sampling rate is 460/749 -->
	<!-- Thread 11 effective sampling rate is 341/602 -->
	<!-- Thread 12 effective sampling rate is 338/599 -->
	<!-- Thread 13 effective sampling rate is 343/604 -->
	<!-- Thread 14 effective sampling rate is 338/599 -->
	<!-- Thread 15 effective sampling rate is 341/602 -->
	<!-- Thread 16 effective sampling rate is 337/598 -->
	<!-- Thread 17 effective sampling rate is 347/611 -->
	<!-- Thread 18 effective sampling rate is 338/599 -->
	<!-- Thread 19 effective sampling rate is 343/604 -->
	<!-- Thread 20 effective sampling rate is 338/599 -->
	<!-- Thread 21 effective sampling rate is 344/605 -->
	<!-- Thread 22 effective sampling rate is 338/599 -->
	<!-- Thread 23 effective sampling rate is 341/602 -->
	<!-- Thread 24 effective sampling rate is 338/599 -->
	<!-- Thread 25 effective sampling rate is 344/608 -->
	<!-- Thread 26 effective sampling rate is 338/599 -->
	<!-- Thread 27 effective sampling rate is 341/602 -->
	<!-- Thread 28 effective sampling rate is 338/599 -->
	<!-- Thread 29 effective sampling rate is 344/605 -->
	<!-- Thread 30 effective sampling rate is 338/599 -->
	<!-- Thread 31 effective sampling rate is 341/602 -->
	<!-- Thread 32 effective sampling rate is 338/599 -->
	<!-- Thread 33 effective sampling rate is 346/610 -->
	<!-- Thread 34 effective sampling rate is 338/599 -->
	<!-- Thread 35 effective sampling rate is 341/602 -->
	<!-- Thread 36 effective sampling rate is 338/599 -->
	<!-- Thread 37 effective sampling rate is 344/605 -->
	<!-- Thread 38 effective sampling rate is 338/599 -->
	<!-- Thread 39 effective sampling rate is 341/602 -->
	<!-- Thread 40 effective sampling rate is 337/598 -->
	<!-- Thread 41 effective sampling rate is 343/607 -->
	<!-- Thread 42 effective sampling rate is 338/599 -->
	<!-- Thread 43 effective sampling rate is 341/602 -->
	<!-- Thread 44 effective sampling rate is 338/599 -->
	<!-- Thread 45 effective sampling rate is 344/605 -->
	<!-- Thread 46 effective sampling rate is 338/599 -->
	<!-- Thread 47 effective sampling rate is 341/602 -->
	<!-- Thread 48 effective sampling rate is 337/598 -->
	<!-- Thread 0 effective sampling rate is 4277/13620 -->
	<msg id='66' source='tcet'>
		<type>UNLOAD_MODULE</type>
		<severity>INFO</severity>
		<timestamp>Wed Nov 29 11:38:38 2017</timestamp>
		<arg name='module'>/homea/hpclab/train198/uebungen/ue_11/mxv_serial.exe</arg>
	</msg>
	<msg id='67' source='tcet'>
		<type>UNLOAD_MODULE</type>
		<severity>INFO</severity>
		<timestamp>Wed Nov 29 11:38:38 2017</timestamp>
		<arg name='module'>/lib64/ld-linux-x86-64.so.2</arg>
	</msg>
	<msg id='68' source='tcet'>
		<type>UNLOAD_MODULE</type>
		<severity>INFO</severity>
		<timestamp>Wed Nov 29 11:38:38 2017</timestamp>
		<arg name='module'>[vdso]</arg>
	</msg>
	<msg id='69' source='tcet'>
		<type>UNLOAD_MODULE</type>
		<severity>INFO</severity>
		<timestamp>Wed Nov 29 11:38:38 2017</timestamp>
		<arg name='module'>/usr/lib64/libm.so.6</arg>
	</msg>
	<msg id='70' source='tcet'>
		<type>UNLOAD_MODULE</type>
		<severity>INFO</severity>
		<timestamp>Wed Nov 29 11:38:38 2017</timestamp>
		<arg name='module'>/usr/local/software/jureca/Stages/2017b/software/imkl/2018.1.163-ipsmpi-2017b.1/lib/intel64/libiomp5.so</arg>
	</msg>
	<msg id='71' source='tcet'>
		<type>UNLOAD_MODULE</type>
		<severity>INFO</severity>
		<timestamp>Wed Nov 29 11:38:38 2017</timestamp>
		<arg name='module'>/usr/local/software/jureca/Stages/2017b/software/GCCcore/5.4.0/lib64/libgcc_s.so.1</arg>
	</msg>
	<msg id='72' source='tcet'>
		<type>UNLOAD_MODULE</type>
		<severity>INFO</severity>
		<timestamp>Wed Nov 29 11:38:38 2017</timestamp>
		<arg name='module'>/usr/lib64/libpthread.so.0</arg>
	</msg>
	<msg id='73' source='tcet'>
		<type>UNLOAD_MODULE</type>
		<severity>INFO</severity>
		<timestamp>Wed Nov 29 11:38:38 2017</timestamp>
		<arg name='module'>/usr/lib64/libc.so.6</arg>
	</msg>
	<msg id='74' source='tcet'>
		<type>UNLOAD_MODULE</type>
		<severity>INFO</severity>
		<timestamp>Wed Nov 29 11:38:38 2017</timestamp>
		<arg name='module'>/usr/lib64/libdl.so.2</arg>
	</msg>
	<msg id='75' source='tcet'>
		<type>UNLOAD_MODULE</type>
		<severity>INFO</severity>
		<timestamp>Wed Nov 29 11:38:38 2017</timestamp>
		<arg name='module'>/usr/local/software/jureca/Stages/2017b/software/Inspector/2018/inspector_2018.1.0.522981/lib64/runtime/libittnotify.so</arg>
	</msg>
	<msg id='76' source='tcet'>
		<type>PROCESS_TERMINATE</type>
		<severity>INFO</severity>
		<timestamp>Wed Nov 29 11:38:38 2017</timestamp>
		<arg name='process'>/homea/hpclab/train198/uebungen/ue_11/mxv_serial.exe</arg>
		<arg name='pid'>28809</arg>
	</msg>
	<msg id='77' display='false' source='tccore'>
		<type>ANALYSIS_COMPLETE</type>
		<severity>INFO</severity>
		<timestamp>Wed Nov 29 11:38:38 2017</timestamp>
	</msg>
	<msg id='78' display='false' source='tccore'>
		<type>STOP</type>
		<severity>INFO</severity>
		<timestamp>Wed Nov 29 11:38:38 2017</timestamp>
	</msg>
</log>