<?xml version="1.0" encoding="utf-8" ?>
<!-- DO NOT EDIT THIS FILE -->

<log version='2.0' source='mc'>
	<!-- Successfully loaded CCRT at address 0x2b010255c000 - 0x2b010340f000 -->
	<!-- Successfully loaded MC at address 0x2b0101dae000 - 0x2b0101e56000 -->
	<!-- Analysis started for /homea/hpclab/train198/uebungen/ue_12/list_serial.exe, pid = 15936 -->
	<msg id='1' source='mc'>
		<type>EXEC_OF_INTEREST</type>
		<severity>INFO</severity>
		<timestamp>Mon Dec 11 09:20:59 2017</timestamp>
		<arg name='path'>/homea/hpclab/train198/uebungen/ue_12/list_serial.exe</arg>
		<arg name='pid'>15936</arg>
	</msg>
	<!-- Command line: /usr/local/software/jureca/Stages/2017b/software/Inspector/2018/inspector_2018.1.0.522981/bin64/pinbin -p32 /usr/local/software/jureca/Stages/2017b/software/Inspector/2018/inspector_2018.1.0.522981/bin32/pinbin -xyzzy -mesgoff console -xyzzy -bridge_save_x87 0 -bridge_save_mxcsr 0 -follow_execv -error_file /homea/hpclab/train198/uebungen/ue_12/list/r003mi3/data.0/pin_error.log -logfile /homea/hpclab/train198/uebungen/ue_12/list/r003mi3/data.0/pin.log -xyzzy -region_max_inss 100 -t64 /usr/local/software/jureca/Stages/2017b/software/Inspector/2018/inspector_2018.1.0.522981/lib64/libmemchkr -t /usr/local/software/jureca/Stages/2017b/software/Inspector/2018/inspector_2018.1.0.522981/lib32/libmemchkr -no-analyze-stack -check-invalid-access -leak-check-on-exit -leak-check-on-demand -enable-memory-growth -leak-check-report-reachable -check-resource-leaks -suppress-breakpoints -freelist-vol 1000000 -leak-maximum 100000 -guard-zone-size 32 -stack-depth 16 -heartbeat 1 -working-dir /homea/hpclab/train198/uebungen/ue_12/list/r003mi3/data.0 -log mc_list_serial.log -result list_serial - /homea/hpclab/train198/uebungen/ue_12/list_serial.exe  -->
	<!-- mc's options are the following:  -->
	<!-- -help                              false -->
	<!-- -verbose                           false -->
	<!-- -xyzzy                             false -->
	<!-- -version                           false -->
	<!-- -help-all                          false -->
	<!-- -xyzzy-all                         false -->
	<!-- -report-all-instances              false -->
	<!-- -check-for-padded-structures       true -->
	<!-- -check-for-bitfields               true -->
	<!-- -analyze-stack                     false -->
	<!-- -access-checks                     false -->
	<!-- -check-uninit-read                 false -->
	<!-- -check-invalid-access              true -->
	<!-- -advanced-uninit-read              false -->
	<!-- -track-origins                     true -->
	<!-- -duplicate-uninits                 false -->
	<!-- -bss-initialized                   true -->
	<!-- -align-alloc-size                  false -->
	<!-- -report-uninit-read                false -->
	<!-- -ignore-system-libraries           false -->
	<!-- -gen-suppressions                  false -->
	<!-- -leak-check-on-exit                true -->
	<!-- -leak-check-on-demand              true -->
	<!-- -leak-check-uses-baseline          true -->
	<!-- -enable-memory-growth              true -->
	<!-- -leak-check-report-reachable       true -->
	<!-- -leak-check-full                   true -->
	<!-- -check-resource-leaks              true -->
	<!-- -trace-children                    false -->
	<!-- -enable-poke                       false -->
	<!-- -jit-mode-anyway                   false -->
	<!-- -disable-probe-mode-mismatches-64  true -->
	<!-- -aggressive-callstack-caching      false -->
	<!-- -suppress-breakpoints              true -->
	<!-- -monitor-memory                    false -->
	<!-- -freelist-vol                      1000000 -->
	<!-- -leak-maximum                      100000 -->
	<!-- -guard-zone-size                   32 -->
	<!-- -stack-depth                       16 -->
	<!-- -heartbeat                         1 -->
	<!-- -breakpoint-file                   (null) -->
	<!-- -config-file                       (null) -->
	<!-- -log                               mc_list_serial.log -->
	<!-- -ignore-commands                   (null),  -->
	<!-- -ignore-modules                    (null),  -->
	<!-- -ignore-symbols                    (null),  -->
	<!-- -module-of-interest                (null),  -->
	<!-- -executable-of-interest            (null),  -->
	<!-- -working-dir                       /homea/hpclab/train198/uebungen/ue_12/list/r003mi3/data.0 -->
	<!-- -result                            list_serial -->
	<!-- -exclude-module                    (null),  -->
	<!-- -include-module                    (null),  -->
	<!-- -only-exec-commands                (null),  -->
	<!-- -suppressions                      (null),  -->
	<!-- -debug                             none -->
	<!-- -shared-mem-name                   (null) -->
	<!-- -poke-function                     (null),  -->
	<!-- -analysis-mode                     (null) -->
	<!-- probe mode: no -->
	<!-- invalid access: yes -->
	<!-- uninit read: no -->
	<!-- track origin: no -->
	<!-- Module loaded /homea/hpclab/train198/uebungen/ue_12/list_serial.exe, address range [0x0000000000400000-0x0000000000602207] -->
	<msg id='2' source='mc'>
		<type>MODULE_LOAD</type>
		<severity>INFO</severity>
		<timestamp>Mon Dec 11 09:20:59 2017</timestamp>
		<arg name='path'>/homea/hpclab/train198/uebungen/ue_12/list_serial.exe</arg>
		<arg name='addr1'>0x400000</arg>
		<arg name='addr2'>0x602207</arg>
	</msg>
	<!-- Module loaded /lib64/ld-linux-x86-64.so.2, address range [0x00002b0100aa3000-0x00002b0100cc514f], minimal analysis -->
	<msg id='3' source='mc'>
		<type>MODULE_LOAD_NO_ANALYSIS</type>
		<severity>INFO</severity>
		<timestamp>Mon Dec 11 09:20:59 2017</timestamp>
		<arg name='path'>/lib64/ld-linux-x86-64.so.2</arg>
		<arg name='addr1'>0x2b0100aa3000</arg>
		<arg name='addr2'>0x2b0100cc514f</arg>
	</msg>
	<!-- Module loaded [vdso], address range [0x00007ffe4509d000-0x00007ffe4509dfdc] -->
	<msg id='4' source='mc'>
		<type>MODULE_LOAD</type>
		<severity>INFO</severity>
		<timestamp>Mon Dec 11 09:20:59 2017</timestamp>
		<arg name='path'>[vdso]</arg>
		<arg name='addr1'>0x7ffe4509d000</arg>
		<arg name='addr2'>0x7ffe4509dfdc</arg>
	</msg>
	<!-- DIAG: 1 -->
	<!-- Module loaded /usr/lib64/libm.so.6, address range [0x00002b0115793000-0x00002b0115a94147] -->
	<msg id='5' source='mc'>
		<type>MODULE_LOAD</type>
		<severity>INFO</severity>
		<timestamp>Mon Dec 11 09:21:00 2017</timestamp>
		<arg name='path'>/usr/lib64/libm.so.6</arg>
		<arg name='addr1'>0x2b0115793000</arg>
		<arg name='addr2'>0x2b0115a94147</arg>
	</msg>
	<!-- Module loaded /usr/local/software/jureca/Stages/2017b/software/imkl/2018.0.128-ipsmpi-2017b/lib/intel64/libiomp5.so, address range [0x00002b0115b2e000-0x00002b0115ed19ff], minimal analysis -->
	<msg id='6' source='mc'>
		<type>MODULE_LOAD_NO_ANALYSIS</type>
		<severity>INFO</severity>
		<timestamp>Mon Dec 11 09:21:00 2017</timestamp>
		<arg name='path'>/usr/local/software/jureca/Stages/2017b/software/imkl/2018.0.128-ipsmpi-2017b/lib/intel64/libiomp5.so</arg>
		<arg name='addr1'>0x2b0115b2e000</arg>
		<arg name='addr2'>0x2b0115ed19ff</arg>
	</msg>
	<!-- Module loaded /usr/local/software/jureca/Stages/2017b/software/GCCcore/5.4.0/lib64/libgcc_s.so.1, address range [0x00002b0115ee2000-0x00002b0115ef941f] -->
	<msg id='7' source='mc'>
		<type>MODULE_LOAD</type>
		<severity>INFO</severity>
		<timestamp>Mon Dec 11 09:21:00 2017</timestamp>
		<arg name='path'>/usr/local/software/jureca/Stages/2017b/software/GCCcore/5.4.0/lib64/libgcc_s.so.1</arg>
		<arg name='addr1'>0x2b0115ee2000</arg>
		<arg name='addr2'>0x2b0115ef941f</arg>
	</msg>
	<!-- Module loaded /usr/lib64/libpthread.so.0, address range [0x00002b0115f5d000-0x00002b011617845f] -->
	<msg id='8' source='mc'>
		<type>MODULE_LOAD</type>
		<severity>INFO</severity>
		<timestamp>Mon Dec 11 09:21:00 2017</timestamp>
		<arg name='path'>/usr/lib64/libpthread.so.0</arg>
		<arg name='addr1'>0x2b0115f5d000</arg>
		<arg name='addr2'>0x2b011617845f</arg>
	</msg>
	<!-- Module loaded /usr/lib64/libc.so.6, address range [0x00002b0116179000-0x00002b01165391ff] -->
	<msg id='9' source='mc'>
		<type>MODULE_LOAD</type>
		<severity>INFO</severity>
		<timestamp>Mon Dec 11 09:21:00 2017</timestamp>
		<arg name='path'>/usr/lib64/libc.so.6</arg>
		<arg name='addr1'>0x2b0116179000</arg>
		<arg name='addr2'>0x2b01165391ff</arg>
	</msg>
	<!-- Module loaded /usr/lib64/libdl.so.2, address range [0x00002b011653a000-0x00002b011673d12f], minimal analysis -->
	<msg id='10' source='mc'>
		<type>MODULE_LOAD_NO_ANALYSIS</type>
		<severity>INFO</severity>
		<timestamp>Mon Dec 11 09:21:00 2017</timestamp>
		<arg name='path'>/usr/lib64/libdl.so.2</arg>
		<arg name='addr1'>0x2b011653a000</arg>
		<arg name='addr2'>0x2b011673d12f</arg>
	</msg>
	<!-- Module loaded /usr/local/software/jureca/Stages/2017b/software/Inspector/2018/inspector_2018.1.0.522981/lib64/runtime/libittnotify.so, address range [0x00002b0118044000-0x00002b011824f89f], minimal analysis -->
	<msg id='11' source='mc'>
		<type>MODULE_LOAD_NO_ANALYSIS</type>
		<severity>INFO</severity>
		<timestamp>Mon Dec 11 09:21:00 2017</timestamp>
		<arg name='path'>/usr/local/software/jureca/Stages/2017b/software/Inspector/2018/inspector_2018.1.0.522981/lib64/runtime/libittnotify.so</arg>
		<arg name='addr1'>0x2b0118044000</arg>
		<arg name='addr2'>0x2b011824f89f</arg>
	</msg>
	<!-- Heartbeat, tids = 15936, syscallStatus = 0, calls = 12793 -->
	<msg id='12' display='false' source='mc'>
		<type>HEARTBEAT</type>
		<severity>INFO</severity>
		<timestamp>Mon Dec 11 09:21:00 2017</timestamp>
		<arg name='tids'>15936</arg>
		<arg name='syscalls'>0</arg>
		<arg name='calls'>12793</arg>
	</msg>
	<!-- Thread name changed, tid = 15936, name = OMP Master Thread #0 -->
	<msg id='13' display='false' source='mc'>
		<type>THREADNAME</type>
		<severity>INFO</severity>
		<timestamp>Mon Dec 11 09:21:01 2017</timestamp>
		<arg name='tid'>15936</arg>
		<arg name='name'>OMP Master Thread #0</arg>
	</msg>
	<!-- Heartbeat, tids = 15936, syscallStatus = 0, calls = 14199 -->
	<msg id='14' display='false' source='mc'>
		<type>HEARTBEAT</type>
		<severity>INFO</severity>
		<timestamp>Mon Dec 11 09:21:01 2017</timestamp>
		<arg name='tids'>15936</arg>
		<arg name='syscalls'>0</arg>
		<arg name='calls'>14199</arg>
	</msg>
	<!-- DIAG: 2 -->
	<!-- DIAG: 3 -->
	<!-- DIAG: 4 -->
	<!-- DIAG: 5 -->
	<!-- DIAG: 6 -->
	<!-- DIAG: 7 -->
	<!-- DIAG: 8 -->
	<!-- DIAG: 9 -->
	<!-- DIAG: 10 -->
	<!-- DIAG: 11 -->
	<!-- DIAG: 12 -->
	<!-- DIAG: 13 -->
	<!-- DIAG: 14 -->
	<!-- DIAG: 15 -->
	<!-- DIAG: 16 -->
	<!-- DIAG: 17 -->
	<!-- DIAG: 18 -->
	<!-- DIAG: 19 -->
	<!-- DIAG: 20 -->
	<!-- DIAG: 21 -->
	<!-- DIAG: 22 -->
	<!-- DIAG: 23 -->
	<!-- DIAG: 24 -->
	<!-- DIAG: 25 -->
	<!-- DIAG: 26 -->
	<!-- DIAG: 27 -->
	<!-- DIAG: 28 -->
	<!-- DIAG: 29 -->
	<!-- DIAG: 30 -->
	<!-- DIAG: 31 -->
	<!-- DIAG: 32 -->
	<!-- DIAG: 33 -->
	<!-- DIAG: 34 -->
	<!-- DIAG: 35 -->
	<!-- DIAG: 36 -->
	<!-- DIAG: 37 -->
	<!-- DIAG: 38 -->
	<!-- DIAG: 39 -->
	<!-- DIAG: 40 -->
	<!-- DIAG: 41 -->
	<!-- DIAG: 42 -->
	<!-- DIAG: 43 -->
	<!-- DIAG: 44 -->
	<!-- DIAG: 45 -->
	<!-- DIAG: 46 -->
	<!-- DIAG: 47 -->
	<!-- DIAG: 48 -->
	<!-- Thread name changed, tid = 15956, name = OMP Worker Thread #1 -->
	<msg id='15' display='false' source='mc'>
		<type>THREADNAME</type>
		<severity>INFO</severity>
		<timestamp>Mon Dec 11 09:21:02 2017</timestamp>
		<arg name='tid'>15956</arg>
		<arg name='name'>OMP Worker Thread #1</arg>
	</msg>
	<!-- Thread name changed, tid = 15963, name = OMP Worker Thread #2 -->
	<msg id='16' display='false' source='mc'>
		<type>THREADNAME</type>
		<severity>INFO</severity>
		<timestamp>Mon Dec 11 09:21:02 2017</timestamp>
		<arg name='tid'>15963</arg>
		<arg name='name'>OMP Worker Thread #2</arg>
	</msg>
	<!-- Thread name changed, tid = 15964, name = OMP Worker Thread #3 -->
	<msg id='17' display='false' source='mc'>
		<type>THREADNAME</type>
		<severity>INFO</severity>
		<timestamp>Mon Dec 11 09:21:02 2017</timestamp>
		<arg name='tid'>15964</arg>
		<arg name='name'>OMP Worker Thread #3</arg>
	</msg>
	<!-- Thread name changed, tid = 15965, name = OMP Worker Thread #4 -->
	<msg id='18' display='false' source='mc'>
		<type>THREADNAME</type>
		<severity>INFO</severity>
		<timestamp>Mon Dec 11 09:21:02 2017</timestamp>
		<arg name='tid'>15965</arg>
		<arg name='name'>OMP Worker Thread #4</arg>
	</msg>
	<!-- Thread name changed, tid = 15966, name = OMP Worker Thread #5 -->
	<msg id='19' display='false' source='mc'>
		<type>THREADNAME</type>
		<severity>INFO</severity>
		<timestamp>Mon Dec 11 09:21:02 2017</timestamp>
		<arg name='tid'>15966</arg>
		<arg name='name'>OMP Worker Thread #5</arg>
	</msg>
	<!-- Thread name changed, tid = 15967, name = OMP Worker Thread #6 -->
	<msg id='20' display='false' source='mc'>
		<type>THREADNAME</type>
		<severity>INFO</severity>
		<timestamp>Mon Dec 11 09:21:02 2017</timestamp>
		<arg name='tid'>15967</arg>
		<arg name='name'>OMP Worker Thread #6</arg>
	</msg>
	<!-- Thread name changed, tid = 15968, name = OMP Worker Thread #7 -->
	<msg id='21' display='false' source='mc'>
		<type>THREADNAME</type>
		<severity>INFO</severity>
		<timestamp>Mon Dec 11 09:21:02 2017</timestamp>
		<arg name='tid'>15968</arg>
		<arg name='name'>OMP Worker Thread #7</arg>
	</msg>
	<!-- Thread name changed, tid = 15970, name = OMP Worker Thread #8 -->
	<msg id='22' display='false' source='mc'>
		<type>THREADNAME</type>
		<severity>INFO</severity>
		<timestamp>Mon Dec 11 09:21:02 2017</timestamp>
		<arg name='tid'>15970</arg>
		<arg name='name'>OMP Worker Thread #8</arg>
	</msg>
	<!-- Thread name changed, tid = 15971, name = OMP Worker Thread #9 -->
	<msg id='23' display='false' source='mc'>
		<type>THREADNAME</type>
		<severity>INFO</severity>
		<timestamp>Mon Dec 11 09:21:02 2017</timestamp>
		<arg name='tid'>15971</arg>
		<arg name='name'>OMP Worker Thread #9</arg>
	</msg>
	<!-- Thread name changed, tid = 15972, name = OMP Worker Thread #10 -->
	<msg id='24' display='false' source='mc'>
		<type>THREADNAME</type>
		<severity>INFO</severity>
		<timestamp>Mon Dec 11 09:21:02 2017</timestamp>
		<arg name='tid'>15972</arg>
		<arg name='name'>OMP Worker Thread #10</arg>
	</msg>
	<!-- Thread name changed, tid = 15973, name = OMP Worker Thread #11 -->
	<msg id='25' display='false' source='mc'>
		<type>THREADNAME</type>
		<severity>INFO</severity>
		<timestamp>Mon Dec 11 09:21:02 2017</timestamp>
		<arg name='tid'>15973</arg>
		<arg name='name'>OMP Worker Thread #11</arg>
	</msg>
	<!-- Thread name changed, tid = 15974, name = OMP Worker Thread #12 -->
	<msg id='26' display='false' source='mc'>
		<type>THREADNAME</type>
		<severity>INFO</severity>
		<timestamp>Mon Dec 11 09:21:02 2017</timestamp>
		<arg name='tid'>15974</arg>
		<arg name='name'>OMP Worker Thread #12</arg>
	</msg>
	<!-- Thread name changed, tid = 15975, name = OMP Worker Thread #13 -->
	<msg id='27' display='false' source='mc'>
		<type>THREADNAME</type>
		<severity>INFO</severity>
		<timestamp>Mon Dec 11 09:21:02 2017</timestamp>
		<arg name='tid'>15975</arg>
		<arg name='name'>OMP Worker Thread #13</arg>
	</msg>
	<!-- Thread name changed, tid = 15976, name = OMP Worker Thread #14 -->
	<msg id='28' display='false' source='mc'>
		<type>THREADNAME</type>
		<severity>INFO</severity>
		<timestamp>Mon Dec 11 09:21:02 2017</timestamp>
		<arg name='tid'>15976</arg>
		<arg name='name'>OMP Worker Thread #14</arg>
	</msg>
	<!-- Thread name changed, tid = 15977, name = OMP Worker Thread #15 -->
	<msg id='29' display='false' source='mc'>
		<type>THREADNAME</type>
		<severity>INFO</severity>
		<timestamp>Mon Dec 11 09:21:02 2017</timestamp>
		<arg name='tid'>15977</arg>
		<arg name='name'>OMP Worker Thread #15</arg>
	</msg>
	<!-- Thread name changed, tid = 15978, name = OMP Worker Thread #16 -->
	<msg id='30' display='false' source='mc'>
		<type>THREADNAME</type>
		<severity>INFO</severity>
		<timestamp>Mon Dec 11 09:21:02 2017</timestamp>
		<arg name='tid'>15978</arg>
		<arg name='name'>OMP Worker Thread #16</arg>
	</msg>
	<!-- Thread name changed, tid = 15979, name = OMP Worker Thread #17 -->
	<msg id='31' display='false' source='mc'>
		<type>THREADNAME</type>
		<severity>INFO</severity>
		<timestamp>Mon Dec 11 09:21:02 2017</timestamp>
		<arg name='tid'>15979</arg>
		<arg name='name'>OMP Worker Thread #17</arg>
	</msg>
	<!-- Thread name changed, tid = 15980, name = OMP Worker Thread #18 -->
	<msg id='32' display='false' source='mc'>
		<type>THREADNAME</type>
		<severity>INFO</severity>
		<timestamp>Mon Dec 11 09:21:02 2017</timestamp>
		<arg name='tid'>15980</arg>
		<arg name='name'>OMP Worker Thread #18</arg>
	</msg>
	<!-- Thread name changed, tid = 15981, name = OMP Worker Thread #19 -->
	<msg id='33' display='false' source='mc'>
		<type>THREADNAME</type>
		<severity>INFO</severity>
		<timestamp>Mon Dec 11 09:21:02 2017</timestamp>
		<arg name='tid'>15981</arg>
		<arg name='name'>OMP Worker Thread #19</arg>
	</msg>
	<!-- Thread name changed, tid = 15982, name = OMP Worker Thread #20 -->
	<msg id='34' display='false' source='mc'>
		<type>THREADNAME</type>
		<severity>INFO</severity>
		<timestamp>Mon Dec 11 09:21:02 2017</timestamp>
		<arg name='tid'>15982</arg>
		<arg name='name'>OMP Worker Thread #20</arg>
	</msg>
	<!-- Thread name changed, tid = 15983, name = OMP Worker Thread #21 -->
	<msg id='35' display='false' source='mc'>
		<type>THREADNAME</type>
		<severity>INFO</severity>
		<timestamp>Mon Dec 11 09:21:02 2017</timestamp>
		<arg name='tid'>15983</arg>
		<arg name='name'>OMP Worker Thread #21</arg>
	</msg>
	<!-- Thread name changed, tid = 15984, name = OMP Worker Thread #22 -->
	<msg id='36' display='false' source='mc'>
		<type>THREADNAME</type>
		<severity>INFO</severity>
		<timestamp>Mon Dec 11 09:21:02 2017</timestamp>
		<arg name='tid'>15984</arg>
		<arg name='name'>OMP Worker Thread #22</arg>
	</msg>
	<!-- Thread name changed, tid = 15985, name = OMP Worker Thread #23 -->
	<msg id='37' display='false' source='mc'>
		<type>THREADNAME</type>
		<severity>INFO</severity>
		<timestamp>Mon Dec 11 09:21:02 2017</timestamp>
		<arg name='tid'>15985</arg>
		<arg name='name'>OMP Worker Thread #23</arg>
	</msg>
	<!-- Thread name changed, tid = 15986, name = OMP Worker Thread #24 -->
	<msg id='38' display='false' source='mc'>
		<type>THREADNAME</type>
		<severity>INFO</severity>
		<timestamp>Mon Dec 11 09:21:02 2017</timestamp>
		<arg name='tid'>15986</arg>
		<arg name='name'>OMP Worker Thread #24</arg>
	</msg>
	<!-- Thread name changed, tid = 15987, name = OMP Worker Thread #25 -->
	<msg id='39' display='false' source='mc'>
		<type>THREADNAME</type>
		<severity>INFO</severity>
		<timestamp>Mon Dec 11 09:21:02 2017</timestamp>
		<arg name='tid'>15987</arg>
		<arg name='name'>OMP Worker Thread #25</arg>
	</msg>
	<!-- Thread name changed, tid = 15988, name = OMP Worker Thread #26 -->
	<msg id='40' display='false' source='mc'>
		<type>THREADNAME</type>
		<severity>INFO</severity>
		<timestamp>Mon Dec 11 09:21:02 2017</timestamp>
		<arg name='tid'>15988</arg>
		<arg name='name'>OMP Worker Thread #26</arg>
	</msg>
	<!-- Thread name changed, tid = 15989, name = OMP Worker Thread #27 -->
	<msg id='41' display='false' source='mc'>
		<type>THREADNAME</type>
		<severity>INFO</severity>
		<timestamp>Mon Dec 11 09:21:02 2017</timestamp>
		<arg name='tid'>15989</arg>
		<arg name='name'>OMP Worker Thread #27</arg>
	</msg>
	<!-- Thread name changed, tid = 15990, name = OMP Worker Thread #28 -->
	<msg id='42' display='false' source='mc'>
		<type>THREADNAME</type>
		<severity>INFO</severity>
		<timestamp>Mon Dec 11 09:21:02 2017</timestamp>
		<arg name='tid'>15990</arg>
		<arg name='name'>OMP Worker Thread #28</arg>
	</msg>
	<!-- Thread name changed, tid = 15991, name = OMP Worker Thread #29 -->
	<msg id='43' display='false' source='mc'>
		<type>THREADNAME</type>
		<severity>INFO</severity>
		<timestamp>Mon Dec 11 09:21:02 2017</timestamp>
		<arg name='tid'>15991</arg>
		<arg name='name'>OMP Worker Thread #29</arg>
	</msg>
	<!-- Thread name changed, tid = 15992, name = OMP Worker Thread #30 -->
	<msg id='44' display='false' source='mc'>
		<type>THREADNAME</type>
		<severity>INFO</severity>
		<timestamp>Mon Dec 11 09:21:02 2017</timestamp>
		<arg name='tid'>15992</arg>
		<arg name='name'>OMP Worker Thread #30</arg>
	</msg>
	<!-- Thread name changed, tid = 15993, name = OMP Worker Thread #31 -->
	<msg id='45' display='false' source='mc'>
		<type>THREADNAME</type>
		<severity>INFO</severity>
		<timestamp>Mon Dec 11 09:21:02 2017</timestamp>
		<arg name='tid'>15993</arg>
		<arg name='name'>OMP Worker Thread #31</arg>
	</msg>
	<!-- Thread name changed, tid = 15994, name = OMP Worker Thread #32 -->
	<msg id='46' display='false' source='mc'>
		<type>THREADNAME</type>
		<severity>INFO</severity>
		<timestamp>Mon Dec 11 09:21:02 2017</timestamp>
		<arg name='tid'>15994</arg>
		<arg name='name'>OMP Worker Thread #32</arg>
	</msg>
	<!-- Thread name changed, tid = 15995, name = OMP Worker Thread #33 -->
	<msg id='47' display='false' source='mc'>
		<type>THREADNAME</type>
		<severity>INFO</severity>
		<timestamp>Mon Dec 11 09:21:02 2017</timestamp>
		<arg name='tid'>15995</arg>
		<arg name='name'>OMP Worker Thread #33</arg>
	</msg>
	<!-- Thread name changed, tid = 15996, name = OMP Worker Thread #34 -->
	<msg id='48' display='false' source='mc'>
		<type>THREADNAME</type>
		<severity>INFO</severity>
		<timestamp>Mon Dec 11 09:21:02 2017</timestamp>
		<arg name='tid'>15996</arg>
		<arg name='name'>OMP Worker Thread #34</arg>
	</msg>
	<!-- Thread name changed, tid = 15998, name = OMP Worker Thread #35 -->
	<msg id='49' display='false' source='mc'>
		<type>THREADNAME</type>
		<severity>INFO</severity>
		<timestamp>Mon Dec 11 09:21:02 2017</timestamp>
		<arg name='tid'>15998</arg>
		<arg name='name'>OMP Worker Thread #35</arg>
	</msg>
	<!-- Thread name changed, tid = 15999, name = OMP Worker Thread #36 -->
	<msg id='50' display='false' source='mc'>
		<type>THREADNAME</type>
		<severity>INFO</severity>
		<timestamp>Mon Dec 11 09:21:02 2017</timestamp>
		<arg name='tid'>15999</arg>
		<arg name='name'>OMP Worker Thread #36</arg>
	</msg>
	<!-- Thread name changed, tid = 16000, name = OMP Worker Thread #37 -->
	<msg id='51' display='false' source='mc'>
		<type>THREADNAME</type>
		<severity>INFO</severity>
		<timestamp>Mon Dec 11 09:21:02 2017</timestamp>
		<arg name='tid'>16000</arg>
		<arg name='name'>OMP Worker Thread #37</arg>
	</msg>
	<!-- Thread name changed, tid = 16001, name = OMP Worker Thread #38 -->
	<msg id='52' display='false' source='mc'>
		<type>THREADNAME</type>
		<severity>INFO</severity>
		<timestamp>Mon Dec 11 09:21:02 2017</timestamp>
		<arg name='tid'>16001</arg>
		<arg name='name'>OMP Worker Thread #38</arg>
	</msg>
	<!-- Thread name changed, tid = 16003, name = OMP Worker Thread #39 -->
	<msg id='53' display='false' source='mc'>
		<type>THREADNAME</type>
		<severity>INFO</severity>
		<timestamp>Mon Dec 11 09:21:02 2017</timestamp>
		<arg name='tid'>16003</arg>
		<arg name='name'>OMP Worker Thread #39</arg>
	</msg>
	<!-- Thread name changed, tid = 16004, name = OMP Worker Thread #40 -->
	<msg id='54' display='false' source='mc'>
		<type>THREADNAME</type>
		<severity>INFO</severity>
		<timestamp>Mon Dec 11 09:21:02 2017</timestamp>
		<arg name='tid'>16004</arg>
		<arg name='name'>OMP Worker Thread #40</arg>
	</msg>
	<!-- Thread name changed, tid = 16005, name = OMP Worker Thread #41 -->
	<msg id='55' display='false' source='mc'>
		<type>THREADNAME</type>
		<severity>INFO</severity>
		<timestamp>Mon Dec 11 09:21:02 2017</timestamp>
		<arg name='tid'>16005</arg>
		<arg name='name'>OMP Worker Thread #41</arg>
	</msg>
	<!-- Thread name changed, tid = 16006, name = OMP Worker Thread #42 -->
	<msg id='56' display='false' source='mc'>
		<type>THREADNAME</type>
		<severity>INFO</severity>
		<timestamp>Mon Dec 11 09:21:02 2017</timestamp>
		<arg name='tid'>16006</arg>
		<arg name='name'>OMP Worker Thread #42</arg>
	</msg>
	<!-- Thread name changed, tid = 16007, name = OMP Worker Thread #43 -->
	<msg id='57' display='false' source='mc'>
		<type>THREADNAME</type>
		<severity>INFO</severity>
		<timestamp>Mon Dec 11 09:21:02 2017</timestamp>
		<arg name='tid'>16007</arg>
		<arg name='name'>OMP Worker Thread #43</arg>
	</msg>
	<!-- Thread name changed, tid = 16008, name = OMP Worker Thread #44 -->
	<msg id='58' display='false' source='mc'>
		<type>THREADNAME</type>
		<severity>INFO</severity>
		<timestamp>Mon Dec 11 09:21:02 2017</timestamp>
		<arg name='tid'>16008</arg>
		<arg name='name'>OMP Worker Thread #44</arg>
	</msg>
	<!-- Thread name changed, tid = 16009, name = OMP Worker Thread #45 -->
	<msg id='59' display='false' source='mc'>
		<type>THREADNAME</type>
		<severity>INFO</severity>
		<timestamp>Mon Dec 11 09:21:02 2017</timestamp>
		<arg name='tid'>16009</arg>
		<arg name='name'>OMP Worker Thread #45</arg>
	</msg>
	<!-- Thread name changed, tid = 16010, name = OMP Worker Thread #46 -->
	<msg id='60' display='false' source='mc'>
		<type>THREADNAME</type>
		<severity>INFO</severity>
		<timestamp>Mon Dec 11 09:21:02 2017</timestamp>
		<arg name='tid'>16010</arg>
		<arg name='name'>OMP Worker Thread #46</arg>
	</msg>
	<!-- Thread name changed, tid = 16011, name = OMP Worker Thread #47 -->
	<msg id='61' display='false' source='mc'>
		<type>THREADNAME</type>
		<severity>INFO</severity>
		<timestamp>Mon Dec 11 09:21:02 2017</timestamp>
		<arg name='tid'>16011</arg>
		<arg name='name'>OMP Worker Thread #47</arg>
	</msg>
	<!-- Heartbeat, tids = 15936,15956,15963,15964,15965,15966,15967,15968,15970,15971,15972,15973,15974,15975,15976,15977,15978,15979,15980,15981,15982,15983,15984,15985,15986,15987,15988,15989,15990,15991,15992,15993,15994,15995,15996,15998,15999,16000,16001,16003,16004,16005,16006,16007,16008,16009,16010,16011, syscallStatus = 0,0,0,0,0,0,1,0,0,0,0,0,0,0,0,0,0,0,0,0,0,0,0,0,0,0,0,0,0,0,0,0,0,0,0,0,0,0,0,0,0,0,0,0,0,0,0,0, calls = 20531,11623,9438,11891,10803,11502,8240,10250,10585,12074,9984,10527,9539,8893,9997,8149,10206,8981,7175,8725,9169,3707,8396,10027,8288,11292,9681,10434,12030,9258,9245,9061,10554,9290,12271,12618,11055,10098,14346,9698,9612,10890,8947,9512,10058,7951,4845,11492 -->
	<msg id='62' display='false' source='mc'>
		<type>HEARTBEAT</type>
		<severity>INFO</severity>
		<timestamp>Mon Dec 11 09:21:02 2017</timestamp>
		<arg name='tids'>15936,15956,15963,15964,15965,15966,15967,15968,15970,15971,15972,15973,15974,15975,15976,15977,15978,15979,15980,15981,15982,15983,15984,15985,15986,15987,15988,15989,15990,15991,15992,15993,15994,15995,15996,15998,15999,16000,16001,16003,16004,16005,16006,16007,16008,16009,16010,16011</arg>
		<arg name='syscalls'>0,0,0,0,0,0,1,0,0,0,0,0,0,0,0,0,0,0,0,0,0,0,0,0,0,0,0,0,0,0,0,0,0,0,0,0,0,0,0,0,0,0,0,0,0,0,0,0</arg>
		<arg name='calls'>20531,11623,9438,11891,10803,11502,8240,10250,10585,12074,9984,10527,9539,8893,9997,8149,10206,8981,7175,8725,9169,3707,8396,10027,8288,11292,9681,10434,12030,9258,9245,9061,10554,9290,12271,12618,11055,10098,14346,9698,9612,10890,8947,9512,10058,7951,4845,11492</arg>
	</msg>
	<!-- DIAG: 49 -->
	<!-- DIAG: 50 -->
	<!-- DIAG: 51 -->
	<!-- DIAG: 52 -->
	<!-- DIAG: 53 -->
	<!-- DIAG: 54 -->
	<!-- DIAG: 55 -->
	<!-- DIAG: 56 -->
	<!-- DIAG: 57 -->
	<!-- DIAG: 58 -->
	<!-- DIAG: 59 -->
	<!-- DIAG: 60 -->
	<!-- DIAG: 61 -->
	<!-- DIAG: 62 -->
	<!-- DIAG: 63 -->
	<!-- DIAG: 64 -->
	<!-- DIAG: 65 -->
	<!-- DIAG: 66 -->
	<!-- DIAG: 67 -->
	<!-- DIAG: 68 -->
	<!-- DIAG: 69 -->
	<!-- DIAG: 70 -->
	<!-- DIAG: 71 -->
	<!-- DIAG: 72 -->
	<!-- DIAG: 73 -->
	<!-- DIAG: 74 -->
	<!-- DIAG: 75 -->
	<!-- DIAG: 76 -->
	<!-- DIAG: 77 -->
	<!-- DIAG: 78 -->
	<!-- DIAG: 79 -->
	<!-- DIAG: 80 -->
	<!-- DIAG: 81 -->
	<!-- DIAG: 82 -->
	<!-- DIAG: 83 -->
	<!-- DIAG: 84 -->
	<!-- DIAG: 85 -->
	<!-- DIAG: 86 -->
	<!-- DIAG: 87 -->
	<!-- DIAG: 88 -->
	<!-- DIAG: 89 -->
	<!-- DIAG: 90 -->
	<!-- DIAG: 91 -->
	<!-- DIAG: 92 -->
	<!-- DIAG: 93 -->
	<!-- DIAG: 94 -->
	<!-- DIAG: 95 -->
	<!-- DIAG: 96 -->
	<!-- Process /homea/hpclab/train198/uebungen/ue_12/list_serial.exe exited with code 0. Leak analysis starting - this may take a while. -->
	<msg id='63' source='mc'>
		<type>PROCESS_COMPLETE</type>
		<severity>INFO</severity>
		<timestamp>Mon Dec 11 09:21:03 2017</timestamp>
		<arg name='path'>/homea/hpclab/train198/uebungen/ue_12/list_serial.exe</arg>
		<arg name='code'>0</arg>
	</msg>
	<!-- Module unloaded /homea/hpclab/train198/uebungen/ue_12/list_serial.exe -->
	<msg id='64' source='mc'>
		<type>MODULE_UNLOAD</type>
		<severity>INFO</severity>
		<timestamp>Mon Dec 11 09:21:03 2017</timestamp>
		<arg name='path'>/homea/hpclab/train198/uebungen/ue_12/list_serial.exe</arg>
	</msg>
	<!-- Module unloaded /lib64/ld-linux-x86-64.so.2 -->
	<msg id='65' source='mc'>
		<type>MODULE_UNLOAD</type>
		<severity>INFO</severity>
		<timestamp>Mon Dec 11 09:21:03 2017</timestamp>
		<arg name='path'>/lib64/ld-linux-x86-64.so.2</arg>
	</msg>
	<!-- Module unloaded [vdso] -->
	<msg id='66' source='mc'>
		<type>MODULE_UNLOAD</type>
		<severity>INFO</severity>
		<timestamp>Mon Dec 11 09:21:03 2017</timestamp>
		<arg name='path'>[vdso]</arg>
	</msg>
	<!-- Module unloaded /usr/lib64/libm.so.6 -->
	<msg id='67' source='mc'>
		<type>MODULE_UNLOAD</type>
		<severity>INFO</severity>
		<timestamp>Mon Dec 11 09:21:03 2017</timestamp>
		<arg name='path'>/usr/lib64/libm.so.6</arg>
	</msg>
	<!-- Module unloaded /usr/local/software/jureca/Stages/2017b/software/imkl/2018.0.128-ipsmpi-2017b/lib/intel64/libiomp5.so -->
	<msg id='68' source='mc'>
		<type>MODULE_UNLOAD</type>
		<severity>INFO</severity>
		<timestamp>Mon Dec 11 09:21:03 2017</timestamp>
		<arg name='path'>/usr/local/software/jureca/Stages/2017b/software/imkl/2018.0.128-ipsmpi-2017b/lib/intel64/libiomp5.so</arg>
	</msg>
	<!-- Module unloaded /usr/local/software/jureca/Stages/2017b/software/GCCcore/5.4.0/lib64/libgcc_s.so.1 -->
	<msg id='69' source='mc'>
		<type>MODULE_UNLOAD</type>
		<severity>INFO</severity>
		<timestamp>Mon Dec 11 09:21:03 2017</timestamp>
		<arg name='path'>/usr/local/software/jureca/Stages/2017b/software/GCCcore/5.4.0/lib64/libgcc_s.so.1</arg>
	</msg>
	<!-- Module unloaded /usr/lib64/libpthread.so.0 -->
	<msg id='70' source='mc'>
		<type>MODULE_UNLOAD</type>
		<severity>INFO</severity>
		<timestamp>Mon Dec 11 09:21:03 2017</timestamp>
		<arg name='path'>/usr/lib64/libpthread.so.0</arg>
	</msg>
	<!-- Module unloaded /usr/lib64/libc.so.6 -->
	<msg id='71' source='mc'>
		<type>MODULE_UNLOAD</type>
		<severity>INFO</severity>
		<timestamp>Mon Dec 11 09:21:03 2017</timestamp>
		<arg name='path'>/usr/lib64/libc.so.6</arg>
	</msg>
	<!-- Module unloaded /usr/lib64/libdl.so.2 -->
	<msg id='72' source='mc'>
		<type>MODULE_UNLOAD</type>
		<severity>INFO</severity>
		<timestamp>Mon Dec 11 09:21:03 2017</timestamp>
		<arg name='path'>/usr/lib64/libdl.so.2</arg>
	</msg>
	<!-- Module unloaded /usr/local/software/jureca/Stages/2017b/software/Inspector/2018/inspector_2018.1.0.522981/lib64/runtime/libittnotify.so -->
	<msg id='73' source='mc'>
		<type>MODULE_UNLOAD</type>
		<severity>INFO</severity>
		<timestamp>Mon Dec 11 09:21:03 2017</timestamp>
		<arg name='path'>/usr/local/software/jureca/Stages/2017b/software/Inspector/2018/inspector_2018.1.0.522981/lib64/runtime/libittnotify.so</arg>
	</msg>
	<!-- Analysis completed for /homea/hpclab/train198/uebungen/ue_12/list_serial.exe -->
	<msg id='74' source='mc'>
		<type>ANALYSIS_COMPLETE</type>
		<severity>INFO</severity>
		<timestamp>Mon Dec 11 09:21:03 2017</timestamp>
		<arg name='path'>/homea/hpclab/train198/uebungen/ue_12/list_serial.exe</arg>
	</msg>