<?xml version="1.0" encoding="UTF-8"?>
<feedback>
 <message severity="info">Analysis started...</message>
 <nop/>
 <message severity="info">Result file: /homea/hpclab/train198/uebungen/ue_12/list/r003mi3/r003mi3.inspxe </message>
 <nop/>
 <message severity="info">Analysis started for /homea/hpclab/train198/uebungen/ue_12/list_serial.exe (pid = 15936) </message>
 <nop/>
 <message severity="info">Loaded module: /homea/hpclab/train198/uebungen/ue_12/list_serial.exe, address range [0x400000-0x602207] </message>
 <nop/>
 <message severity="info">Loaded module: /lib64/ld-linux-x86-64.so.2, address range [0x2b0100aa3000-0x2b0100cc514f], minimal analysis </message>
 <nop/>
 <message severity="info">Loaded module: [vdso], address range [0x7ffe4509d000-0x7ffe4509dfdc] </message>
 <nop/>
 <message severity="info">Loaded module: /usr/lib64/libm.so.6, address range [0x2b0115793000-0x2b0115a94147] </message>
 <nop/>
 <message severity="info">Loaded module: /usr/local/software/jureca/Stages/2017b/software/imkl/2018.0.128-ipsmpi-2017b/lib/intel64/libiomp5.so, address range [0x2b0115b2e000-0x2b0115ed19ff], minimal analysis </message>
 <nop/>
 <message severity="info">Loaded module: /usr/local/software/jureca/Stages/2017b/software/GCCcore/5.4.0/lib64/libgcc_s.so.1, address range [0x2b0115ee2000-0x2b0115ef941f] </message>
 <nop/>
 <message severity="info">Loaded module: /usr/lib64/libpthread.so.0, address range [0x2b0115f5d000-0x2b011617845f] </message>
 <nop/>
 <message severity="info">Loaded module: /usr/lib64/libc.so.6, address range [0x2b0116179000-0x2b01165391ff] </message>
 <nop/>
 <message severity="info">Loaded module: /usr/lib64/libdl.so.2, address range [0x2b011653a000-0x2b011673d12f], minimal analysis </message>
 <nop/>
 <message severity="info">Loaded module: /usr/local/software/jureca/Stages/2017b/software/Inspector/2018/inspector_2018.1.0.522981/lib64/runtime/libittnotify.so, address range [0x2b0118044000-0x2b011824f89f], minimal analysis </message>
 <nop/>
 <message severity="info">Process /homea/hpclab/train198/uebungen/ue_12/list_serial.exe exited with code 0. Leak analysis starting. Please wait... </message>
 <nop/>
 <message severity="info">Unloaded module: /homea/hpclab/train198/uebungen/ue_12/list_serial.exe </message>
 <nop/>
 <message severity="info">Unloaded module: /lib64/ld-linux-x86-64.so.2 </message>
 <nop/>
 <message severity="info">Unloaded module: [vdso] </message>
 <nop/>
 <message severity="info">Unloaded module: /usr/lib64/libm.so.6 </message>
 <nop/>
 <message severity="info">Unloaded module: /usr/local/software/jureca/Stages/2017b/software/imkl/2018.0.128-ipsmpi-2017b/lib/intel64/libiomp5.so </message>
 <nop/>
 <message severity="info">Unloaded module: /usr/local/software/jureca/Stages/2017b/software/GCCcore/5.4.0/lib64/libgcc_s.so.1 </message>
 <nop/>
 <message severity="info">Unloaded module: /usr/lib64/libpthread.so.0 </message>
 <nop/>
 <message severity="info">Unloaded module: /usr/lib64/libc.so.6 </message>
 <nop/>
 <message severity="info">Unloaded module: /usr/lib64/libdl.so.2 </message>
 <nop/>
 <message severity="info">Unloaded module: /usr/local/software/jureca/Stages/2017b/software/Inspector/2018/inspector_2018.1.0.522981/lib64/runtime/libittnotify.so </message>
 <nop/>
 <message severity="info">Completed analysis for /homea/hpclab/train198/uebungen/ue_12/list_serial.exe </message>
 <nop/>
 <message severity="info">Application exit code: 0 </message>
 <nop/>
 <message severity="info">Result file: /homea/hpclab/train198/uebungen/ue_12/list/r003mi3/r003mi3.inspxe </message>
 <nop/>
 <message severity="info">Analysis completed</message>
 <nop/>
</feedback>
