<?xml version="1.0" encoding="utf-8"?>
<log version="1.0" tool="runtool">

<msg id="1" tool="runtool">
  <type>log-start</type>
  <arg>2017/12/11 09:10:55</arg>
</msg>
<msg id="2" tool="runtool">
  <type>collector-starts</type>
</msg>
<msg id="3" tool="runtool">
  <type>marker-file</type>
  <arg>/homea/hpclab/train198/uebungen/ue_12/list/r000mi3/r000mi3.inspxe</arg>
</msg>
<msg id="4" tool="mc">
  <type>EXEC_OF_INTEREST</type>
  <arg>/homea/hpclab/train198/uebungen/ue_12/list_serial.exe</arg>
  <arg>15934</arg>
  <severity>INFO</severity>
  <timestamp>Mon Dec 11 09:10:55 2017</timestamp>
</msg>
<msg id="5" tool="mc">
  <type>MODULE_LOAD</type>
  <arg>/homea/hpclab/train198/uebungen/ue_12/list_serial.exe</arg>
  <arg>0x400000</arg>
  <arg>0x60225f</arg>
  <severity>INFO</severity>
  <timestamp>Mon Dec 11 09:10:55 2017</timestamp>
</msg>
<msg id="6" tool="mc">
  <type>MODULE_LOAD_NO_ANALYSIS</type>
  <arg>/lib64/ld-linux-x86-64.so.2</arg>
  <arg>0x2b5851f9f000</arg>
  <arg>0x2b58521c114f</arg>
  <severity>INFO</severity>
  <timestamp>Mon Dec 11 09:10:55 2017</timestamp>
</msg>
<msg id="7" tool="mc">
  <type>MODULE_LOAD</type>
  <arg>[vdso]</arg>
  <arg>0x7ffdb89a5000</arg>
  <arg>0x7ffdb89a5fdc</arg>
  <severity>INFO</severity>
  <timestamp>Mon Dec 11 09:10:55 2017</timestamp>
</msg>
<msg id="8" tool="mc">
  <type>MODULE_LOAD</type>
  <arg>/usr/lib64/libm.so.6</arg>
  <arg>0x2b5866c50000</arg>
  <arg>0x2b5866f51147</arg>
  <severity>INFO</severity>
  <timestamp>Mon Dec 11 09:10:55 2017</timestamp>
</msg>
<msg id="9" tool="mc">
  <type>MODULE_LOAD_NO_ANALYSIS</type>
  <arg>/usr/local/software/jureca/Stages/2017b/software/imkl/2018.0.128-ipsmpi-2017b/lib/intel64/libiomp5.so</arg>
  <arg>0x2b5867005000</arg>
  <arg>0x2b58673a89ff</arg>
  <severity>INFO</severity>
  <timestamp>Mon Dec 11 09:10:55 2017</timestamp>
</msg>
<msg id="10" tool="mc">
  <type>MODULE_LOAD</type>
  <arg>/usr/local/software/jureca/Stages/2017b/software/GCCcore/5.4.0/lib64/libgcc_s.so.1</arg>
  <arg>0x2b58673d3000</arg>
  <arg>0x2b58673ea41f</arg>
  <severity>INFO</severity>
  <timestamp>Mon Dec 11 09:10:55 2017</timestamp>
</msg>
<msg id="11" tool="mc">
  <type>MODULE_LOAD</type>
  <arg>/usr/lib64/libpthread.so.0</arg>
  <arg>0x2b586743b000</arg>
  <arg>0x2b586765645f</arg>
  <severity>INFO</severity>
  <timestamp>Mon Dec 11 09:10:55 2017</timestamp>
</msg>
<msg id="12" tool="mc">
  <type>MODULE_LOAD</type>
  <arg>/usr/lib64/libc.so.6</arg>
  <arg>0x2b5867657000</arg>
  <arg>0x2b5867a171ff</arg>
  <severity>INFO</severity>
  <timestamp>Mon Dec 11 09:10:55 2017</timestamp>
</msg>
<msg id="13" tool="mc">
  <type>MODULE_LOAD_NO_ANALYSIS</type>
  <arg>/usr/lib64/libdl.so.2</arg>
  <arg>0x2b5867a32000</arg>
  <arg>0x2b5867c3512f</arg>
  <severity>INFO</severity>
  <timestamp>Mon Dec 11 09:10:55 2017</timestamp>
</msg>
<msg id="14" tool="mc">
  <type>MODULE_LOAD_NO_ANALYSIS</type>
  <arg>/usr/local/software/jureca/Stages/2017b/software/Inspector/2018/inspector_2018.1.0.522981/lib64/runtime/libittnotify.so</arg>
  <arg>0x2b5869564000</arg>
  <arg>0x2b586976f89f</arg>
  <severity>INFO</severity>
  <timestamp>Mon Dec 11 09:10:56 2017</timestamp>
</msg>
<msg id="15" tool="mc">
  <type>HEARTBEAT</type>
  <arg>15934</arg>
  <arg>0</arg>
  <arg>12781</arg>
  <severity>INFO</severity>
  <timestamp>Mon Dec 11 09:10:56 2017</timestamp>
</msg>
<msg id="16" tool="mc">
  <type>THREADNAME</type>
  <arg>15934</arg>
  <arg>OMP Master Thread #0</arg>
  <severity>INFO</severity>
  <timestamp>Mon Dec 11 09:10:57 2017</timestamp>
</msg>
<msg id="17" tool="mc">
  <type>HEARTBEAT</type>
  <arg>15934</arg>
  <arg>0</arg>
  <arg>14202</arg>
  <severity>INFO</severity>
  <timestamp>Mon Dec 11 09:10:57 2017</timestamp>
</msg>
<msg id="18" tool="mc">
  <type>HEARTBEAT</type>
  <arg>15934</arg>
  <arg>0</arg>
  <arg>138209</arg>
  <severity>INFO</severity>
  <timestamp>Mon Dec 11 09:10:58 2017</timestamp>
</msg>
<msg id="19" tool="mc">
  <type>PROCESS_COMPLETE</type>
  <arg>/homea/hpclab/train198/uebungen/ue_12/list_serial.exe</arg>
  <arg>0</arg>
  <severity>INFO</severity>
  <timestamp>Mon Dec 11 09:10:58 2017</timestamp>
</msg>
<msg id="20" tool="mc">
  <type>MODULE_UNLOAD</type>
  <arg>/homea/hpclab/train198/uebungen/ue_12/list_serial.exe</arg>
  <severity>INFO</severity>
  <timestamp>Mon Dec 11 09:10:58 2017</timestamp>
</msg>
<msg id="21" tool="mc">
  <type>MODULE_UNLOAD</type>
  <arg>/lib64/ld-linux-x86-64.so.2</arg>
  <severity>INFO</severity>
  <timestamp>Mon Dec 11 09:10:58 2017</timestamp>
</msg>
<msg id="22" tool="mc">
  <type>MODULE_UNLOAD</type>
  <arg>[vdso]</arg>
  <severity>INFO</severity>
  <timestamp>Mon Dec 11 09:10:58 2017</timestamp>
</msg>
<msg id="23" tool="mc">
  <type>MODULE_UNLOAD</type>
  <arg>/usr/lib64/libm.so.6</arg>
  <severity>INFO</severity>
  <timestamp>Mon Dec 11 09:10:58 2017</timestamp>
</msg>
<msg id="24" tool="mc">
  <type>MODULE_UNLOAD</type>
  <arg>/usr/local/software/jureca/Stages/2017b/software/imkl/2018.0.128-ipsmpi-2017b/lib/intel64/libiomp5.so</arg>
  <severity>INFO</severity>
  <timestamp>Mon Dec 11 09:10:58 2017</timestamp>
</msg>
<msg id="25" tool="mc">
  <type>MODULE_UNLOAD</type>
  <arg>/usr/local/software/jureca/Stages/2017b/software/GCCcore/5.4.0/lib64/libgcc_s.so.1</arg>
  <severity>INFO</severity>
  <timestamp>Mon Dec 11 09:10:58 2017</timestamp>
</msg>
<msg id="26" tool="mc">
  <type>MODULE_UNLOAD</type>
  <arg>/usr/lib64/libpthread.so.0</arg>
  <severity>INFO</severity>
  <timestamp>Mon Dec 11 09:10:58 2017</timestamp>
</msg>
<msg id="27" tool="mc">
  <type>MODULE_UNLOAD</type>
  <arg>/usr/lib64/libc.so.6</arg>
  <severity>INFO</severity>
  <timestamp>Mon Dec 11 09:10:58 2017</timestamp>
</msg>
<msg id="28" tool="mc">
  <type>MODULE_UNLOAD</type>
  <arg>/usr/lib64/libdl.so.2</arg>
  <severity>INFO</severity>
  <timestamp>Mon Dec 11 09:10:58 2017</timestamp>
</msg>
<msg id="29" tool="mc">
  <type>MODULE_UNLOAD</type>
  <arg>/usr/local/software/jureca/Stages/2017b/software/Inspector/2018/inspector_2018.1.0.522981/lib64/runtime/libittnotify.so</arg>
  <severity>INFO</severity>
  <timestamp>Mon Dec 11 09:10:58 2017</timestamp>
</msg>
<msg id="30" tool="mc">
  <type>ANALYSIS_COMPLETE</type>
  <arg>/homea/hpclab/train198/uebungen/ue_12/list_serial.exe</arg>
  <severity>INFO</severity>
  <timestamp>Mon Dec 11 09:10:58 2017</timestamp>
</msg>
<msg id="31" tool="runtool">
  <type>app-exit-code</type>
  <arg>0</arg>
</msg>
<msg id="32" tool="runtool">
  <type>marker-file</type>
  <arg>/homea/hpclab/train198/uebungen/ue_12/list/r000mi3/r000mi3.inspxe</arg>
</msg>
<msg id="33" tool="runtool">
  <type>collector-done</type>
</msg>
<msg id="34" tool="runtool">
  <type>log-end</type>
  <arg>2017/12/11 09:11:02</arg>
</msg>

</log>

