<?xml version="1.0" encoding="utf-8" ?>
<!-- DO NOT EDIT THIS FILE -->

<log version='2.0' source='mc'>
	<!-- Successfully loaded CCRT at address 0x2b5853a58000 - 0x2b585490b000 -->
	<!-- Successfully loaded MC at address 0x2b58532aa000 - 0x2b5853352000 -->
	<!-- Analysis started for /homea/hpclab/train198/uebungen/ue_12/list_serial.exe, pid = 15934 -->
	<msg id='1' source='mc'>
		<type>EXEC_OF_INTEREST</type>
		<severity>INFO</severity>
		<timestamp>Mon Dec 11 09:10:55 2017</timestamp>
		<arg name='path'>/homea/hpclab/train198/uebungen/ue_12/list_serial.exe</arg>
		<arg name='pid'>15934</arg>
	</msg>
	<!-- Command line: /usr/local/software/jureca/Stages/2017b/software/Inspector/2018/inspector_2018.1.0.522981/bin64/pinbin -p32 /usr/local/software/jureca/Stages/2017b/software/Inspector/2018/inspector_2018.1.0.522981/bin32/pinbin -xyzzy -mesgoff console -xyzzy -bridge_save_x87 0 -bridge_save_mxcsr 0 -follow_execv -error_file /homea/hpclab/train198/uebungen/ue_12/list/r000mi3/data.0/pin_error.log -logfile /homea/hpclab/train198/uebungen/ue_12/list/r000mi3/data.0/pin.log -xyzzy -region_max_inss 100 -t64 /usr/local/software/jureca/Stages/2017b/software/Inspector/2018/inspector_2018.1.0.522981/lib64/libmemchkr -t /usr/local/software/jureca/Stages/2017b/software/Inspector/2018/inspector_2018.1.0.522981/lib32/libmemchkr -no-analyze-stack -check-invalid-access -leak-check-on-exit -leak-check-on-demand -enable-memory-growth -leak-check-report-reachable -check-resource-leaks -suppress-breakpoints -freelist-vol 1000000 -leak-maximum 100000 -guard-zone-size 32 -stack-depth 16 -heartbeat 1 -working-dir /homea/hpclab/train198/uebungen/ue_12/list/r000mi3/data.0 -log mc_list_serial.log -result list_serial - /homea/hpclab/train198/uebungen/ue_12/list_serial.exe  -->
	<!-- mc's options are the following:  -->
	<!-- -help                              false -->
	<!-- -verbose                           false -->
	<!-- -xyzzy                             false -->
	<!-- -version                           false -->
	<!-- -help-all                          false -->
	<!-- -xyzzy-all                         false -->
	<!-- -report-all-instances              false -->
	<!-- -check-for-padded-structures       true -->
	<!-- -check-for-bitfields               true -->
	<!-- -analyze-stack                     false -->
	<!-- -access-checks                     false -->
	<!-- -check-uninit-read                 false -->
	<!-- -check-invalid-access              true -->
	<!-- -advanced-uninit-read              false -->
	<!-- -track-origins                     true -->
	<!-- -duplicate-uninits                 false -->
	<!-- -bss-initialized                   true -->
	<!-- -align-alloc-size                  false -->
	<!-- -report-uninit-read                false -->
	<!-- -ignore-system-libraries           false -->
	<!-- -gen-suppressions                  false -->
	<!-- -leak-check-on-exit                true -->
	<!-- -leak-check-on-demand              true -->
	<!-- -leak-check-uses-baseline          true -->
	<!-- -enable-memory-growth              true -->
	<!-- -leak-check-report-reachable       true -->
	<!-- -leak-check-full                   true -->
	<!-- -check-resource-leaks              true -->
	<!-- -trace-children                    false -->
	<!-- -enable-poke                       false -->
	<!-- -jit-mode-anyway                   false -->
	<!-- -disable-probe-mode-mismatches-64  true -->
	<!-- -aggressive-callstack-caching      false -->
	<!-- -suppress-breakpoints              true -->
	<!-- -monitor-memory                    false -->
	<!-- -freelist-vol                      1000000 -->
	<!-- -leak-maximum                      100000 -->
	<!-- -guard-zone-size                   32 -->
	<!-- -stack-depth                       16 -->
	<!-- -heartbeat                         1 -->
	<!-- -breakpoint-file                   (null) -->
	<!-- -config-file                       (null) -->
	<!-- -log                               mc_list_serial.log -->
	<!-- -ignore-commands                   (null),  -->
	<!-- -ignore-modules                    (null),  -->
	<!-- -ignore-symbols                    (null),  -->
	<!-- -module-of-interest                (null),  -->
	<!-- -executable-of-interest            (null),  -->
	<!-- -working-dir                       /homea/hpclab/train198/uebungen/ue_12/list/r000mi3/data.0 -->
	<!-- -result                            list_serial -->
	<!-- -exclude-module                    (null),  -->
	<!-- -include-module                    (null),  -->
	<!-- -only-exec-commands                (null),  -->
	<!-- -suppressions                      (null),  -->
	<!-- -debug                             none -->
	<!-- -shared-mem-name                   (null) -->
	<!-- -poke-function                     (null),  -->
	<!-- -analysis-mode                     (null) -->
	<!-- probe mode: no -->
	<!-- invalid access: yes -->
	<!-- uninit read: no -->
	<!-- track origin: no -->
	<!-- Module loaded /homea/hpclab/train198/uebungen/ue_12/list_serial.exe, address range [0x0000000000400000-0x000000000060225f] -->
	<msg id='2' source='mc'>
		<type>MODULE_LOAD</type>
		<severity>INFO</severity>
		<timestamp>Mon Dec 11 09:10:55 2017</timestamp>
		<arg name='path'>/homea/hpclab/train198/uebungen/ue_12/list_serial.exe</arg>
		<arg name='addr1'>0x400000</arg>
		<arg name='addr2'>0x60225f</arg>
	</msg>
	<!-- Module loaded /lib64/ld-linux-x86-64.so.2, address range [0x00002b5851f9f000-0x00002b58521c114f], minimal analysis -->
	<msg id='3' source='mc'>
		<type>MODULE_LOAD_NO_ANALYSIS</type>
		<severity>INFO</severity>
		<timestamp>Mon Dec 11 09:10:55 2017</timestamp>
		<arg name='path'>/lib64/ld-linux-x86-64.so.2</arg>
		<arg name='addr1'>0x2b5851f9f000</arg>
		<arg name='addr2'>0x2b58521c114f</arg>
	</msg>
	<!-- Module loaded [vdso], address range [0x00007ffdb89a5000-0x00007ffdb89a5fdc] -->
	<msg id='4' source='mc'>
		<type>MODULE_LOAD</type>
		<severity>INFO</severity>
		<timestamp>Mon Dec 11 09:10:55 2017</timestamp>
		<arg name='path'>[vdso]</arg>
		<arg name='addr1'>0x7ffdb89a5000</arg>
		<arg name='addr2'>0x7ffdb89a5fdc</arg>
	</msg>
	<!-- DIAG: 1 -->
	<!-- Module loaded /usr/lib64/libm.so.6, address range [0x00002b5866c50000-0x00002b5866f51147] -->
	<msg id='5' source='mc'>
		<type>MODULE_LOAD</type>
		<severity>INFO</severity>
		<timestamp>Mon Dec 11 09:10:55 2017</timestamp>
		<arg name='path'>/usr/lib64/libm.so.6</arg>
		<arg name='addr1'>0x2b5866c50000</arg>
		<arg name='addr2'>0x2b5866f51147</arg>
	</msg>
	<!-- Module loaded /usr/local/software/jureca/Stages/2017b/software/imkl/2018.0.128-ipsmpi-2017b/lib/intel64/libiomp5.so, address range [0x00002b5867005000-0x00002b58673a89ff], minimal analysis -->
	<msg id='6' source='mc'>
		<type>MODULE_LOAD_NO_ANALYSIS</type>
		<severity>INFO</severity>
		<timestamp>Mon Dec 11 09:10:55 2017</timestamp>
		<arg name='path'>/usr/local/software/jureca/Stages/2017b/software/imkl/2018.0.128-ipsmpi-2017b/lib/intel64/libiomp5.so</arg>
		<arg name='addr1'>0x2b5867005000</arg>
		<arg name='addr2'>0x2b58673a89ff</arg>
	</msg>
	<!-- Module loaded /usr/local/software/jureca/Stages/2017b/software/GCCcore/5.4.0/lib64/libgcc_s.so.1, address range [0x00002b58673d3000-0x00002b58673ea41f] -->
	<msg id='7' source='mc'>
		<type>MODULE_LOAD</type>
		<severity>INFO</severity>
		<timestamp>Mon Dec 11 09:10:55 2017</timestamp>
		<arg name='path'>/usr/local/software/jureca/Stages/2017b/software/GCCcore/5.4.0/lib64/libgcc_s.so.1</arg>
		<arg name='addr1'>0x2b58673d3000</arg>
		<arg name='addr2'>0x2b58673ea41f</arg>
	</msg>
	<!-- Module loaded /usr/lib64/libpthread.so.0, address range [0x00002b586743b000-0x00002b586765645f] -->
	<msg id='8' source='mc'>
		<type>MODULE_LOAD</type>
		<severity>INFO</severity>
		<timestamp>Mon Dec 11 09:10:55 2017</timestamp>
		<arg name='path'>/usr/lib64/libpthread.so.0</arg>
		<arg name='addr1'>0x2b586743b000</arg>
		<arg name='addr2'>0x2b586765645f</arg>
	</msg>
	<!-- Module loaded /usr/lib64/libc.so.6, address range [0x00002b5867657000-0x00002b5867a171ff] -->
	<msg id='9' source='mc'>
		<type>MODULE_LOAD</type>
		<severity>INFO</severity>
		<timestamp>Mon Dec 11 09:10:55 2017</timestamp>
		<arg name='path'>/usr/lib64/libc.so.6</arg>
		<arg name='addr1'>0x2b5867657000</arg>
		<arg name='addr2'>0x2b5867a171ff</arg>
	</msg>
	<!-- Module loaded /usr/lib64/libdl.so.2, address range [0x00002b5867a32000-0x00002b5867c3512f], minimal analysis -->
	<msg id='10' source='mc'>
		<type>MODULE_LOAD_NO_ANALYSIS</type>
		<severity>INFO</severity>
		<timestamp>Mon Dec 11 09:10:55 2017</timestamp>
		<arg name='path'>/usr/lib64/libdl.so.2</arg>
		<arg name='addr1'>0x2b5867a32000</arg>
		<arg name='addr2'>0x2b5867c3512f</arg>
	</msg>
	<!-- Module loaded /usr/local/software/jureca/Stages/2017b/software/Inspector/2018/inspector_2018.1.0.522981/lib64/runtime/libittnotify.so, address range [0x00002b5869564000-0x00002b586976f89f], minimal analysis -->
	<msg id='11' source='mc'>
		<type>MODULE_LOAD_NO_ANALYSIS</type>
		<severity>INFO</severity>
		<timestamp>Mon Dec 11 09:10:56 2017</timestamp>
		<arg name='path'>/usr/local/software/jureca/Stages/2017b/software/Inspector/2018/inspector_2018.1.0.522981/lib64/runtime/libittnotify.so</arg>
		<arg name='addr1'>0x2b5869564000</arg>
		<arg name='addr2'>0x2b586976f89f</arg>
	</msg>
	<!-- Heartbeat, tids = 15934, syscallStatus = 0, calls = 12781 -->
	<msg id='12' display='false' source='mc'>
		<type>HEARTBEAT</type>
		<severity>INFO</severity>
		<timestamp>Mon Dec 11 09:10:56 2017</timestamp>
		<arg name='tids'>15934</arg>
		<arg name='syscalls'>0</arg>
		<arg name='calls'>12781</arg>
	</msg>
	<!-- Thread name changed, tid = 15934, name = OMP Master Thread #0 -->
	<msg id='13' display='false' source='mc'>
		<type>THREADNAME</type>
		<severity>INFO</severity>
		<timestamp>Mon Dec 11 09:10:57 2017</timestamp>
		<arg name='tid'>15934</arg>
		<arg name='name'>OMP Master Thread #0</arg>
	</msg>
	<!-- Heartbeat, tids = 15934, syscallStatus = 0, calls = 14202 -->
	<msg id='14' display='false' source='mc'>
		<type>HEARTBEAT</type>
		<severity>INFO</severity>
		<timestamp>Mon Dec 11 09:10:57 2017</timestamp>
		<arg name='tids'>15934</arg>
		<arg name='syscalls'>0</arg>
		<arg name='calls'>14202</arg>
	</msg>
	<!-- DIAG: 2 -->
	<!-- DIAG: 3 -->
	<!-- DIAG: 4 -->
	<!-- DIAG: 5 -->
	<!-- DIAG: 6 -->
	<!-- DIAG: 7 -->
	<!-- Heartbeat, tids = 15934, syscallStatus = 0, calls = 138209 -->
	<msg id='15' display='false' source='mc'>
		<type>HEARTBEAT</type>
		<severity>INFO</severity>
		<timestamp>Mon Dec 11 09:10:58 2017</timestamp>
		<arg name='tids'>15934</arg>
		<arg name='syscalls'>0</arg>
		<arg name='calls'>138209</arg>
	</msg>
	<!-- DIAG: 8 -->
	<!-- Process /homea/hpclab/train198/uebungen/ue_12/list_serial.exe exited with code 0. Leak analysis starting - this may take a while. -->
	<msg id='16' source='mc'>
		<type>PROCESS_COMPLETE</type>
		<severity>INFO</severity>
		<timestamp>Mon Dec 11 09:10:58 2017</timestamp>
		<arg name='path'>/homea/hpclab/train198/uebungen/ue_12/list_serial.exe</arg>
		<arg name='code'>0</arg>
	</msg>
	<!-- Module unloaded /homea/hpclab/train198/uebungen/ue_12/list_serial.exe -->
	<msg id='17' source='mc'>
		<type>MODULE_UNLOAD</type>
		<severity>INFO</severity>
		<timestamp>Mon Dec 11 09:10:58 2017</timestamp>
		<arg name='path'>/homea/hpclab/train198/uebungen/ue_12/list_serial.exe</arg>
	</msg>
	<!-- Module unloaded /lib64/ld-linux-x86-64.so.2 -->
	<msg id='18' source='mc'>
		<type>MODULE_UNLOAD</type>
		<severity>INFO</severity>
		<timestamp>Mon Dec 11 09:10:58 2017</timestamp>
		<arg name='path'>/lib64/ld-linux-x86-64.so.2</arg>
	</msg>
	<!-- Module unloaded [vdso] -->
	<msg id='19' source='mc'>
		<type>MODULE_UNLOAD</type>
		<severity>INFO</severity>
		<timestamp>Mon Dec 11 09:10:58 2017</timestamp>
		<arg name='path'>[vdso]</arg>
	</msg>
	<!-- Module unloaded /usr/lib64/libm.so.6 -->
	<msg id='20' source='mc'>
		<type>MODULE_UNLOAD</type>
		<severity>INFO</severity>
		<timestamp>Mon Dec 11 09:10:58 2017</timestamp>
		<arg name='path'>/usr/lib64/libm.so.6</arg>
	</msg>
	<!-- Module unloaded /usr/local/software/jureca/Stages/2017b/software/imkl/2018.0.128-ipsmpi-2017b/lib/intel64/libiomp5.so -->
	<msg id='21' source='mc'>
		<type>MODULE_UNLOAD</type>
		<severity>INFO</severity>
		<timestamp>Mon Dec 11 09:10:58 2017</timestamp>
		<arg name='path'>/usr/local/software/jureca/Stages/2017b/software/imkl/2018.0.128-ipsmpi-2017b/lib/intel64/libiomp5.so</arg>
	</msg>
	<!-- Module unloaded /usr/local/software/jureca/Stages/2017b/software/GCCcore/5.4.0/lib64/libgcc_s.so.1 -->
	<msg id='22' source='mc'>
		<type>MODULE_UNLOAD</type>
		<severity>INFO</severity>
		<timestamp>Mon Dec 11 09:10:58 2017</timestamp>
		<arg name='path'>/usr/local/software/jureca/Stages/2017b/software/GCCcore/5.4.0/lib64/libgcc_s.so.1</arg>
	</msg>
	<!-- Module unloaded /usr/lib64/libpthread.so.0 -->
	<msg id='23' source='mc'>
		<type>MODULE_UNLOAD</type>
		<severity>INFO</severity>
		<timestamp>Mon Dec 11 09:10:58 2017</timestamp>
		<arg name='path'>/usr/lib64/libpthread.so.0</arg>
	</msg>
	<!-- Module unloaded /usr/lib64/libc.so.6 -->
	<msg id='24' source='mc'>
		<type>MODULE_UNLOAD</type>
		<severity>INFO</severity>
		<timestamp>Mon Dec 11 09:10:58 2017</timestamp>
		<arg name='path'>/usr/lib64/libc.so.6</arg>
	</msg>
	<!-- Module unloaded /usr/lib64/libdl.so.2 -->
	<msg id='25' source='mc'>
		<type>MODULE_UNLOAD</type>
		<severity>INFO</severity>
		<timestamp>Mon Dec 11 09:10:58 2017</timestamp>
		<arg name='path'>/usr/lib64/libdl.so.2</arg>
	</msg>
	<!-- Module unloaded /usr/local/software/jureca/Stages/2017b/software/Inspector/2018/inspector_2018.1.0.522981/lib64/runtime/libittnotify.so -->
	<msg id='26' source='mc'>
		<type>MODULE_UNLOAD</type>
		<severity>INFO</severity>
		<timestamp>Mon Dec 11 09:10:58 2017</timestamp>
		<arg name='path'>/usr/local/software/jureca/Stages/2017b/software/Inspector/2018/inspector_2018.1.0.522981/lib64/runtime/libittnotify.so</arg>
	</msg>
	<!-- DIAG: 9 -->
	<!-- DIAG: 10 -->
	<!-- Analysis completed for /homea/hpclab/train198/uebungen/ue_12/list_serial.exe -->
	<msg id='27' source='mc'>
		<type>ANALYSIS_COMPLETE</type>
		<severity>INFO</severity>
		<timestamp>Mon Dec 11 09:10:58 2017</timestamp>
		<arg name='path'>/homea/hpclab/train198/uebungen/ue_12/list_serial.exe</arg>
	</msg>