<?xml version="1.0" encoding="UTF-8"?>
<feedback>
 <message severity="info">Analysis started...</message>
 <nop/>
 <message severity="info">Result file: /homea/hpclab/train198/uebungen/ue_13/int-vec/r000mi3/r000mi3.inspxe </message>
 <nop/>
 <message severity="info">Analysis started for /homea/hpclab/train198/uebungen/ue_13/numarray_serial_omp.exe (pid = 26106) </message>
 <nop/>
 <message severity="info">Loaded module: /homea/hpclab/train198/uebungen/ue_13/numarray_serial_omp.exe, address range [0x400000-0x6021cf] </message>
 <nop/>
 <message severity="info">Loaded module: /lib64/ld-linux-x86-64.so.2, address range [0x2aabbdece000-0x2aabbe0f014f], minimal analysis </message>
 <nop/>
 <message severity="info">Loaded module: [vdso], address range [0x7fffae950000-0x7fffae950fdc] </message>
 <nop/>
 <message severity="info">Loaded module: /usr/lib64/libm.so.6, address range [0x2aabd2b96000-0x2aabd2e97147] </message>
 <nop/>
 <message severity="info">Loaded module: /usr/local/software/jureca/Stages/2017b/software/imkl/2018.0.128-ipsmpi-2017b/lib/intel64/libiomp5.so, address range [0x2aabd2f34000-0x2aabd32d79ff], minimal analysis </message>
 <nop/>
 <message severity="info">Loaded module: /usr/local/software/jureca/Stages/2017b/software/GCCcore/5.4.0/lib64/libgcc_s.so.1, address range [0x2aabd32f8000-0x2aabd330f41f] </message>
 <nop/>
 <message severity="info">Loaded module: /usr/lib64/libpthread.so.0, address range [0x2aabd337d000-0x2aabd359845f] </message>
 <nop/>
 <message severity="info">Loaded module: /usr/lib64/libc.so.6, address range [0x2aabd3599000-0x2aabd39591ff] </message>
 <nop/>
 <message severity="info">Loaded module: /usr/lib64/libdl.so.2, address range [0x2aabd395a000-0x2aabd3b5d12f], minimal analysis </message>
 <nop/>
 <message severity="warning">Detected fatal signal in the application. See result for details. </message>
 <nop/>
 <message severity="info">Process /homea/hpclab/train198/uebungen/ue_13/numarray_serial_omp.exe exited with code 0. Leak analysis starting. Please wait... </message>
 <nop/>
 <message severity="info">Unloaded module: /homea/hpclab/train198/uebungen/ue_13/numarray_serial_omp.exe </message>
 <nop/>
 <message severity="info">Unloaded module: /lib64/ld-linux-x86-64.so.2 </message>
 <nop/>
 <message severity="info">Unloaded module: [vdso] </message>
 <nop/>
 <message severity="info">Unloaded module: /usr/lib64/libm.so.6 </message>
 <nop/>
 <message severity="info">Unloaded module: /usr/local/software/jureca/Stages/2017b/software/imkl/2018.0.128-ipsmpi-2017b/lib/intel64/libiomp5.so </message>
 <nop/>
 <message severity="info">Unloaded module: /usr/local/software/jureca/Stages/2017b/software/GCCcore/5.4.0/lib64/libgcc_s.so.1 </message>
 <nop/>
 <message severity="info">Unloaded module: /usr/lib64/libpthread.so.0 </message>
 <nop/>
 <message severity="info">Unloaded module: /usr/lib64/libc.so.6 </message>
 <nop/>
 <message severity="info">Unloaded module: /usr/lib64/libdl.so.2 </message>
 <nop/>
 <message severity="info">Completed analysis for /homea/hpclab/train198/uebungen/ue_13/numarray_serial_omp.exe </message>
 <nop/>
 <message severity="info">Application exit code: 143 </message>
 <nop/>
 <message severity="info">Result file: /homea/hpclab/train198/uebungen/ue_13/int-vec/r000mi3/r000mi3.inspxe </message>
 <nop/>
 <message severity="info">Analysis canceled by user</message>
 <nop/>
</feedback>
